[1.590s] Invoking command in '/home/ubuntu/github/Omni-Directional-Mobile-Robot/build/robotpadi_description': DEBUGINFOD_URLS=https://debuginfod.ubuntu.com PYTHONPATH=/home/ubuntu/github/Omni-Directional-Mobile-Robot/build/robotpadi_description/prefix_override:/usr/lib/python3/dist-packages/colcon_core/task/python/colcon_distutils_commands:/home/ubuntu/github/Omni-Directional-Mobile-Robot/install/robotpadi_description/lib/python3.12/site-packages:${PYTHONPATH} /usr/bin/python3 -W ignore:setup.py install is deprecated -W ignore:easy_install command is deprecated setup.py develop --editable --build-directory /home/ubuntu/github/Omni-Directional-Mobile-Robot/build/robotpadi_description/build --no-deps symlink_data
[2.131s] running develop
[2.407s] running egg_info
[2.407s] creating robotpadi_description.egg-info
[2.432s] writing robotpadi_description.egg-info/PKG-INFO
[2.432s] writing dependency_links to robotpadi_description.egg-info/dependency_links.txt
[2.433s] writing requirements to robotpadi_description.egg-info/requires.txt
[2.434s] writing top-level names to robotpadi_description.egg-info/top_level.txt
[2.434s] writing manifest file 'robotpadi_description.egg-info/SOURCES.txt'
[2.500s] reading manifest file 'robotpadi_description.egg-info/SOURCES.txt'
[2.504s] writing manifest file 'robotpadi_description.egg-info/SOURCES.txt'
[2.535s] running build_ext
[2.536s] Creating /home/ubuntu/github/Omni-Directional-Mobile-Robot/install/robotpadi_description/lib/python3.12/site-packages/robotpadi-description.egg-link (link to .)
[2.536s] 
[2.536s] Installed /home/ubuntu/github/Omni-Directional-Mobile-Robot/build/robotpadi_description
[2.536s] running symlink_data
[2.537s] creating /home/ubuntu/github/Omni-Directional-Mobile-Robot/install/robotpadi_description/share/ament_index
[2.537s] creating /home/ubuntu/github/Omni-Directional-Mobile-Robot/install/robotpadi_description/share/ament_index/resource_index
[2.537s] creating /home/ubuntu/github/Omni-Directional-Mobile-Robot/install/robotpadi_description/share/ament_index/resource_index/packages
[2.537s] symbolically linking /home/ubuntu/github/Omni-Directional-Mobile-Robot/build/robotpadi_description/resource/robotpadi_description -> /home/ubuntu/github/Omni-Directional-Mobile-Robot/install/robotpadi_description/share/ament_index/resource_index/packages
[2.538s] symbolically linking /home/ubuntu/github/Omni-Directional-Mobile-Robot/build/robotpadi_description/package.xml -> /home/ubuntu/github/Omni-Directional-Mobile-Robot/install/robotpadi_description/share/robotpadi_description
[2.538s] creating /home/ubuntu/github/Omni-Directional-Mobile-Robot/install/robotpadi_description/share/robotpadi_description/launch
[2.538s] symbolically linking /home/ubuntu/github/Omni-Directional-Mobile-Robot/build/robotpadi_description/launch/display.launch.py -> /home/ubuntu/github/Omni-Directional-Mobile-Robot/install/robotpadi_description/share/robotpadi_description/launch
[2.538s] symbolically linking /home/ubuntu/github/Omni-Directional-Mobile-Robot/build/robotpadi_description/launch/gazebo.launch.py -> /home/ubuntu/github/Omni-Directional-Mobile-Robot/install/robotpadi_description/share/robotpadi_description/launch
[2.539s] symbolically linking /home/ubuntu/github/Omni-Directional-Mobile-Robot/build/robotpadi_description/launch/robot.launch.py -> /home/ubuntu/github/Omni-Directional-Mobile-Robot/install/robotpadi_description/share/robotpadi_description/launch
[2.539s] creating /home/ubuntu/github/Omni-Directional-Mobile-Robot/install/robotpadi_description/share/robotpadi_description/urdf
[2.539s] symbolically linking /home/ubuntu/github/Omni-Directional-Mobile-Robot/build/robotpadi_description/urdf/robotpadi.ros2control -> /home/ubuntu/github/Omni-Directional-Mobile-Robot/install/robotpadi_description/share/robotpadi_description/urdf
[2.539s] symbolically linking /home/ubuntu/github/Omni-Directional-Mobile-Robot/build/robotpadi_description/urdf/robotpadi.gazebo -> /home/ubuntu/github/Omni-Directional-Mobile-Robot/install/robotpadi_description/share/robotpadi_description/urdf
[2.540s] symbolically linking /home/ubuntu/github/Omni-Directional-Mobile-Robot/build/robotpadi_description/urdf/robotpadi.xacro -> /home/ubuntu/github/Omni-Directional-Mobile-Robot/install/robotpadi_description/share/robotpadi_description/urdf
[2.540s] symbolically linking /home/ubuntu/github/Omni-Directional-Mobile-Robot/build/robotpadi_description/urdf/materials.xacro -> /home/ubuntu/github/Omni-Directional-Mobile-Robot/install/robotpadi_description/share/robotpadi_description/urdf
[2.540s] creating /home/ubuntu/github/Omni-Directional-Mobile-Robot/install/robotpadi_description/share/robotpadi_description/meshes
[2.540s] symbolically linking /home/ubuntu/github/Omni-Directional-Mobile-Robot/build/robotpadi_description/meshes/base_link.stl -> /home/ubuntu/github/Omni-Directional-Mobile-Robot/install/robotpadi_description/share/robotpadi_description/meshes
[2.540s] symbolically linking /home/ubuntu/github/Omni-Directional-Mobile-Robot/build/robotpadi_description/meshes/bl_wheel_1.stl -> /home/ubuntu/github/Omni-Directional-Mobile-Robot/install/robotpadi_description/share/robotpadi_description/meshes
[2.540s] symbolically linking /home/ubuntu/github/Omni-Directional-Mobile-Robot/build/robotpadi_description/meshes/fr_wheel_1.stl -> /home/ubuntu/github/Omni-Directional-Mobile-Robot/install/robotpadi_description/share/robotpadi_description/meshes
[2.541s] symbolically linking /home/ubuntu/github/Omni-Directional-Mobile-Robot/build/robotpadi_description/meshes/fr_steering_1.stl -> /home/ubuntu/github/Omni-Directional-Mobile-Robot/install/robotpadi_description/share/robotpadi_description/meshes
[2.541s] symbolically linking /home/ubuntu/github/Omni-Directional-Mobile-Robot/build/robotpadi_description/meshes/br_steering_1.stl -> /home/ubuntu/github/Omni-Directional-Mobile-Robot/install/robotpadi_description/share/robotpadi_description/meshes
[2.541s] symbolically linking /home/ubuntu/github/Omni-Directional-Mobile-Robot/build/robotpadi_description/meshes/fl_steering_1.stl -> /home/ubuntu/github/Omni-Directional-Mobile-Robot/install/robotpadi_description/share/robotpadi_description/meshes
[2.541s] symbolically linking /home/ubuntu/github/Omni-Directional-Mobile-Robot/build/robotpadi_description/meshes/arm_1.stl -> /home/ubuntu/github/Omni-Directional-Mobile-Robot/install/robotpadi_description/share/robotpadi_description/meshes
[2.541s] symbolically linking /home/ubuntu/github/Omni-Directional-Mobile-Robot/build/robotpadi_description/meshes/panel_1.stl -> /home/ubuntu/github/Omni-Directional-Mobile-Robot/install/robotpadi_description/share/robotpadi_description/meshes
[2.542s] symbolically linking /home/ubuntu/github/Omni-Directional-Mobile-Robot/build/robotpadi_description/meshes/fl_wheel_1.stl -> /home/ubuntu/github/Omni-Directional-Mobile-Robot/install/robotpadi_description/share/robotpadi_description/meshes
[2.542s] symbolically linking /home/ubuntu/github/Omni-Directional-Mobile-Robot/build/robotpadi_description/meshes/br_wheel_1.stl -> /home/ubuntu/github/Omni-Directional-Mobile-Robot/install/robotpadi_description/share/robotpadi_description/meshes
[2.542s] symbolically linking /home/ubuntu/github/Omni-Directional-Mobile-Robot/build/robotpadi_description/meshes/bl_steering_1.stl -> /home/ubuntu/github/Omni-Directional-Mobile-Robot/install/robotpadi_description/share/robotpadi_description/meshes
[2.545s] creating /home/ubuntu/github/Omni-Directional-Mobile-Robot/install/robotpadi_description/share/robotpadi_description/config
[2.546s] symbolically linking /home/ubuntu/github/Omni-Directional-Mobile-Robot/build/robotpadi_description/config/display.rviz -> /home/ubuntu/github/Omni-Directional-Mobile-Robot/install/robotpadi_description/share/robotpadi_description/config
[2.546s] symbolically linking /home/ubuntu/github/Omni-Directional-Mobile-Robot/build/robotpadi_description/config/controllers.yaml -> /home/ubuntu/github/Omni-Directional-Mobile-Robot/install/robotpadi_description/share/robotpadi_description/config
[2.546s] symbolically linking /home/ubuntu/github/Omni-Directional-Mobile-Robot/build/robotpadi_description/config/ros_gz_bridge_gazebo.yaml -> /home/ubuntu/github/Omni-Directional-Mobile-Robot/install/robotpadi_description/share/robotpadi_description/config
[2.546s] symbolically linking /home/ubuntu/github/Omni-Directional-Mobile-Robot/build/robotpadi_description/config/gazebo.rviz -> /home/ubuntu/github/Omni-Directional-Mobile-Robot/install/robotpadi_description/share/robotpadi_description/config
[2.546s] creating /home/ubuntu/github/Omni-Directional-Mobile-Robot/install/robotpadi_description/share/robotpadi_description/worlds
[2.546s] symbolically linking /home/ubuntu/github/Omni-Directional-Mobile-Robot/build/robotpadi_description/worlds/worlds.sdf -> /home/ubuntu/github/Omni-Directional-Mobile-Robot/install/robotpadi_description/share/robotpadi_description/worlds
[2.546s] symbolically linking /home/ubuntu/github/Omni-Directional-Mobile-Robot/build/robotpadi_description/worlds/paddy_generated.world -> /home/ubuntu/github/Omni-Directional-Mobile-Robot/install/robotpadi_description/share/robotpadi_description/worlds
[2.546s] symbolically linking /home/ubuntu/github/Omni-Directional-Mobile-Robot/build/robotpadi_description/worlds/generate_world.py -> /home/ubuntu/github/Omni-Directional-Mobile-Robot/install/robotpadi_description/share/robotpadi_description/worlds
[2.546s] symbolically linking /home/ubuntu/github/Omni-Directional-Mobile-Robot/build/robotpadi_description/worlds/farm.sdf -> /home/ubuntu/github/Omni-Directional-Mobile-Robot/install/robotpadi_description/share/robotpadi_description/worlds
[2.547s] symbolically linking /home/ubuntu/github/Omni-Directional-Mobile-Robot/build/robotpadi_description/worlds/paddy.world -> /home/ubuntu/github/Omni-Directional-Mobile-Robot/install/robotpadi_description/share/robotpadi_description/worlds
[2.547s] symbolically linking /home/ubuntu/github/Omni-Directional-Mobile-Robot/build/robotpadi_description/worlds/generated.world -> /home/ubuntu/github/Omni-Directional-Mobile-Robot/install/robotpadi_description/share/robotpadi_description/worlds
[2.547s] creating /home/ubuntu/github/Omni-Directional-Mobile-Robot/install/robotpadi_description/share/robotpadi_description/models
[2.547s] creating /home/ubuntu/github/Omni-Directional-Mobile-Robot/install/robotpadi_description/share/robotpadi_description/models/paddy
[2.547s] symbolically linking /home/ubuntu/github/Omni-Directional-Mobile-Robot/build/robotpadi_description/models/paddy/model.sdf -> /home/ubuntu/github/Omni-Directional-Mobile-Robot/install/robotpadi_description/share/robotpadi_description/models/paddy
[2.547s] symbolically linking /home/ubuntu/github/Omni-Directional-Mobile-Robot/build/robotpadi_description/models/paddy/rice_plant.glb -> /home/ubuntu/github/Omni-Directional-Mobile-Robot/install/robotpadi_description/share/robotpadi_description/models/paddy
[2.547s] symbolically linking /home/ubuntu/github/Omni-Directional-Mobile-Robot/build/robotpadi_description/models/paddy/texture.png -> /home/ubuntu/github/Omni-Directional-Mobile-Robot/install/robotpadi_description/share/robotpadi_description/models/paddy
[2.547s] creating /home/ubuntu/github/Omni-Directional-Mobile-Robot/install/robotpadi_description/share/robotpadi_description/models/sand_heightmap
[2.548s] symbolically linking /home/ubuntu/github/Omni-Directional-Mobile-Robot/build/robotpadi_description/models/sand_heightmap/model.sdf -> /home/ubuntu/github/Omni-Directional-Mobile-Robot/install/robotpadi_description/share/robotpadi_description/models/sand_heightmap
[2.548s] symbolically linking /home/ubuntu/github/Omni-Directional-Mobile-Robot/build/robotpadi_description/models/sand_heightmap/model.config -> /home/ubuntu/github/Omni-Directional-Mobile-Robot/install/robotpadi_description/share/robotpadi_description/models/sand_heightmap
[2.548s] creating /home/ubuntu/github/Omni-Directional-Mobile-Robot/install/robotpadi_description/share/robotpadi_description/models/sand_heightmap/thumbnails
[2.548s] symbolically linking /home/ubuntu/github/Omni-Directional-Mobile-Robot/build/robotpadi_description/models/sand_heightmap/thumbnails/2.png -> /home/ubuntu/github/Omni-Directional-Mobile-Robot/install/robotpadi_description/share/robotpadi_description/models/sand_heightmap/thumbnails
[2.548s] symbolically linking /home/ubuntu/github/Omni-Directional-Mobile-Robot/build/robotpadi_description/models/sand_heightmap/thumbnails/1.png -> /home/ubuntu/github/Omni-Directional-Mobile-Robot/install/robotpadi_description/share/robotpadi_description/models/sand_heightmap/thumbnails
[2.548s] creating /home/ubuntu/github/Omni-Directional-Mobile-Robot/install/robotpadi_description/share/robotpadi_description/models/sand_heightmap/meshes
[2.548s] symbolically linking /home/ubuntu/github/Omni-Directional-Mobile-Robot/build/robotpadi_description/models/sand_heightmap/meshes/heightmap.dae -> /home/ubuntu/github/Omni-Directional-Mobile-Robot/install/robotpadi_description/share/robotpadi_description/models/sand_heightmap/meshes
[2.549s] creating /home/ubuntu/github/Omni-Directional-Mobile-Robot/install/robotpadi_description/share/robotpadi_description/models/sand_heightmap/materials
[2.549s] creating /home/ubuntu/github/Omni-Directional-Mobile-Robot/install/robotpadi_description/share/robotpadi_description/models/sand_heightmap/materials/textures
[2.549s] symbolically linking /home/ubuntu/github/Omni-Directional-Mobile-Robot/build/robotpadi_description/models/sand_heightmap/materials/textures/soil_sand_0045_01.jpg -> /home/ubuntu/github/Omni-Directional-Mobile-Robot/install/robotpadi_description/share/robotpadi_description/models/sand_heightmap/materials/textures
[2.549s] creating /home/ubuntu/github/Omni-Directional-Mobile-Robot/install/robotpadi_description/share/robotpadi_description/models/sand_heightmap/materials/scripts
[2.549s] symbolically linking /home/ubuntu/github/Omni-Directional-Mobile-Robot/build/robotpadi_description/models/sand_heightmap/materials/scripts/sand.material -> /home/ubuntu/github/Omni-Directional-Mobile-Robot/install/robotpadi_description/share/robotpadi_description/models/sand_heightmap/materials/scripts
[2.550s] creating /home/ubuntu/github/Omni-Directional-Mobile-Robot/install/robotpadi_description/share/robotpadi_description/models/maize_01
[2.550s] symbolically linking /home/ubuntu/github/Omni-Directional-Mobile-Robot/build/robotpadi_description/models/maize_01/model.sdf -> /home/ubuntu/github/Omni-Directional-Mobile-Robot/install/robotpadi_description/share/robotpadi_description/models/maize_01
[2.550s] symbolically linking /home/ubuntu/github/Omni-Directional-Mobile-Robot/build/robotpadi_description/models/maize_01/model.config -> /home/ubuntu/github/Omni-Directional-Mobile-Robot/install/robotpadi_description/share/robotpadi_description/models/maize_01
[2.550s] creating /home/ubuntu/github/Omni-Directional-Mobile-Robot/install/robotpadi_description/share/robotpadi_description/models/maize_01/meshes
[2.551s] symbolically linking /home/ubuntu/github/Omni-Directional-Mobile-Robot/build/robotpadi_description/models/maize_01/meshes/maize_01.dae -> /home/ubuntu/github/Omni-Directional-Mobile-Robot/install/robotpadi_description/share/robotpadi_description/models/maize_01/meshes
[2.551s] symbolically linking /home/ubuntu/github/Omni-Directional-Mobile-Robot/build/robotpadi_description/models/maize_01/meshes/maize_01_old.dae -> /home/ubuntu/github/Omni-Directional-Mobile-Robot/install/robotpadi_description/share/robotpadi_description/models/maize_01/meshes
[2.551s] creating /home/ubuntu/github/Omni-Directional-Mobile-Robot/install/robotpadi_description/share/robotpadi_description/models/maize_01/materials
[2.551s] creating /home/ubuntu/github/Omni-Directional-Mobile-Robot/install/robotpadi_description/share/robotpadi_description/models/maize_01/materials/textures
[2.551s] symbolically linking /home/ubuntu/github/Omni-Directional-Mobile-Robot/build/robotpadi_description/models/maize_01/materials/textures/maize_01.png -> /home/ubuntu/github/Omni-Directional-Mobile-Robot/install/robotpadi_description/share/robotpadi_description/models/maize_01/materials/textures
[2.552s] creating /home/ubuntu/github/Omni-Directional-Mobile-Robot/install/robotpadi_description/share/robotpadi_description/models/maize_02
[2.552s] symbolically linking /home/ubuntu/github/Omni-Directional-Mobile-Robot/build/robotpadi_description/models/maize_02/model.sdf -> /home/ubuntu/github/Omni-Directional-Mobile-Robot/install/robotpadi_description/share/robotpadi_description/models/maize_02
[2.553s] symbolically linking /home/ubuntu/github/Omni-Directional-Mobile-Robot/build/robotpadi_description/models/maize_02/model.config -> /home/ubuntu/github/Omni-Directional-Mobile-Robot/install/robotpadi_description/share/robotpadi_description/models/maize_02
[2.553s] creating /home/ubuntu/github/Omni-Directional-Mobile-Robot/install/robotpadi_description/share/robotpadi_description/models/maize_02/meshes
[2.553s] symbolically linking /home/ubuntu/github/Omni-Directional-Mobile-Robot/build/robotpadi_description/models/maize_02/meshes/maize_02_old.dae -> /home/ubuntu/github/Omni-Directional-Mobile-Robot/install/robotpadi_description/share/robotpadi_description/models/maize_02/meshes
[2.553s] symbolically linking /home/ubuntu/github/Omni-Directional-Mobile-Robot/build/robotpadi_description/models/maize_02/meshes/maize_02.dae -> /home/ubuntu/github/Omni-Directional-Mobile-Robot/install/robotpadi_description/share/robotpadi_description/models/maize_02/meshes
[2.554s] creating /home/ubuntu/github/Omni-Directional-Mobile-Robot/install/robotpadi_description/share/robotpadi_description/models/maize_02/materials
[2.554s] creating /home/ubuntu/github/Omni-Directional-Mobile-Robot/install/robotpadi_description/share/robotpadi_description/models/maize_02/materials/textures
[2.554s] symbolically linking /home/ubuntu/github/Omni-Directional-Mobile-Robot/build/robotpadi_description/models/maize_02/materials/textures/maize_02.png -> /home/ubuntu/github/Omni-Directional-Mobile-Robot/install/robotpadi_description/share/robotpadi_description/models/maize_02/materials/textures
[2.554s] creating /home/ubuntu/github/Omni-Directional-Mobile-Robot/install/robotpadi_description/share/robotpadi_description/models/maize
[2.554s] symbolically linking /home/ubuntu/github/Omni-Directional-Mobile-Robot/build/robotpadi_description/models/maize/gt_map.png -> /home/ubuntu/github/Omni-Directional-Mobile-Robot/install/robotpadi_description/share/robotpadi_description/models/maize
[2.555s] symbolically linking /home/ubuntu/github/Omni-Directional-Mobile-Robot/build/robotpadi_description/models/maize/markers.csv -> /home/ubuntu/github/Omni-Directional-Mobile-Robot/install/robotpadi_description/share/robotpadi_description/models/maize
[2.555s] symbolically linking /home/ubuntu/github/Omni-Directional-Mobile-Robot/build/robotpadi_description/models/maize/gt_map.csv -> /home/ubuntu/github/Omni-Directional-Mobile-Robot/install/robotpadi_description/share/robotpadi_description/models/maize
[2.555s] symbolically linking /home/ubuntu/github/Omni-Directional-Mobile-Robot/build/robotpadi_description/models/maize/driving_pattern.txt -> /home/ubuntu/github/Omni-Directional-Mobile-Robot/install/robotpadi_description/share/robotpadi_description/models/maize
[2.556s] symbolically linking /home/ubuntu/github/Omni-Directional-Mobile-Robot/build/robotpadi_description/models/maize/robot_spawner.launch.py -> /home/ubuntu/github/Omni-Directional-Mobile-Robot/install/robotpadi_description/share/robotpadi_description/models/maize
[2.556s] creating /home/ubuntu/github/Omni-Directional-Mobile-Robot/install/robotpadi_description/share/robotpadi_description/models/maize/thumbnails
[2.556s] symbolically linking /home/ubuntu/github/Omni-Directional-Mobile-Robot/build/robotpadi_description/models/maize/thumbnails/model.config -> /home/ubuntu/github/Omni-Directional-Mobile-Robot/install/robotpadi_description/share/robotpadi_description/models/maize/thumbnails
[2.557s] symbolically linking /home/ubuntu/github/Omni-Directional-Mobile-Robot/build/robotpadi_description/models/maize/thumbnails/generated.world -> /home/ubuntu/github/Omni-Directional-Mobile-Robot/install/robotpadi_description/share/robotpadi_description/models/maize/thumbnails
[2.557s] creating /home/ubuntu/github/Omni-Directional-Mobile-Robot/install/robotpadi_description/share/robotpadi_description/models/maize/materials
[2.557s] creating /home/ubuntu/github/Omni-Directional-Mobile-Robot/install/robotpadi_description/share/robotpadi_description/models/maize/materials/textures
[2.557s] symbolically linking /home/ubuntu/github/Omni-Directional-Mobile-Robot/build/robotpadi_description/models/maize/materials/textures/virtual_maize_field_heightmap.png -> /home/ubuntu/github/Omni-Directional-Mobile-Robot/install/robotpadi_description/share/robotpadi_description/models/maize/materials/textures
[2.559s] symbolically linking /home/ubuntu/github/Omni-Directional-Mobile-Robot/build/robotpadi_description/models/maize/materials/textures/virtual_maize_field_heightmap_large.png -> /home/ubuntu/github/Omni-Directional-Mobile-Robot/install/robotpadi_description/share/robotpadi_description/models/maize/materials/textures
[2.559s] creating /home/ubuntu/github/Omni-Directional-Mobile-Robot/install/robotpadi_description/share/robotpadi_description/models/maize/materials/script
[2.560s] symbolically linking /home/ubuntu/github/Omni-Directional-Mobile-Robot/build/robotpadi_description/models/maize/materials/script/maize.material -> /home/ubuntu/github/Omni-Directional-Mobile-Robot/install/robotpadi_description/share/robotpadi_description/models/maize/materials/script
[2.561s] creating /home/ubuntu/github/Omni-Directional-Mobile-Robot/install/robotpadi_description/share/robotpadi_description/models/materials
[2.562s] creating /home/ubuntu/github/Omni-Directional-Mobile-Robot/install/robotpadi_description/share/robotpadi_description/models/materials/textures
[2.562s] symbolically linking /home/ubuntu/github/Omni-Directional-Mobile-Robot/build/robotpadi_description/models/materials/textures/grass_color.jpg -> /home/ubuntu/github/Omni-Directional-Mobile-Robot/install/robotpadi_description/share/robotpadi_description/models/materials/textures
[2.562s] symbolically linking /home/ubuntu/github/Omni-Directional-Mobile-Robot/build/robotpadi_description/models/materials/textures/grass_roughness.jpg -> /home/ubuntu/github/Omni-Directional-Mobile-Robot/install/robotpadi_description/share/robotpadi_description/models/materials/textures
[2.563s] symbolically linking /home/ubuntu/github/Omni-Directional-Mobile-Robot/build/robotpadi_description/models/materials/textures/grass_displacement.jpg -> /home/ubuntu/github/Omni-Directional-Mobile-Robot/install/robotpadi_description/share/robotpadi_description/models/materials/textures
[2.563s] symbolically linking /home/ubuntu/github/Omni-Directional-Mobile-Robot/build/robotpadi_description/models/materials/textures/fungus_diffusespecular.png -> /home/ubuntu/github/Omni-Directional-Mobile-Robot/install/robotpadi_description/share/robotpadi_description/models/materials/textures
[2.563s] symbolically linking /home/ubuntu/github/Omni-Directional-Mobile-Robot/build/robotpadi_description/models/materials/textures/grass_normal.jpg -> /home/ubuntu/github/Omni-Directional-Mobile-Robot/install/robotpadi_description/share/robotpadi_description/models/materials/textures
[2.563s] symbolically linking /home/ubuntu/github/Omni-Directional-Mobile-Robot/build/robotpadi_description/models/materials/textures/flat_normal.png -> /home/ubuntu/github/Omni-Directional-Mobile-Robot/install/robotpadi_description/share/robotpadi_description/models/materials/textures
[2.563s] symbolically linking /home/ubuntu/github/Omni-Directional-Mobile-Robot/build/robotpadi_description/models/materials/textures/dirt_diffusespecular.png -> /home/ubuntu/github/Omni-Directional-Mobile-Robot/install/robotpadi_description/share/robotpadi_description/models/materials/textures
[2.564s] creating /home/ubuntu/github/Omni-Directional-Mobile-Robot/install/robotpadi_description/share/robotpadi_description/models/mud_box
[2.564s] symbolically linking /home/ubuntu/github/Omni-Directional-Mobile-Robot/build/robotpadi_description/models/mud_box/model.sdf -> /home/ubuntu/github/Omni-Directional-Mobile-Robot/install/robotpadi_description/share/robotpadi_description/models/mud_box
[2.566s] symbolically linking /home/ubuntu/github/Omni-Directional-Mobile-Robot/build/robotpadi_description/models/mud_box/model-1_4.sdf -> /home/ubuntu/github/Omni-Directional-Mobile-Robot/install/robotpadi_description/share/robotpadi_description/models/mud_box
[2.567s] symbolically linking /home/ubuntu/github/Omni-Directional-Mobile-Robot/build/robotpadi_description/models/mud_box/model.config -> /home/ubuntu/github/Omni-Directional-Mobile-Robot/install/robotpadi_description/share/robotpadi_description/models/mud_box
[2.567s] symbolically linking /home/ubuntu/github/Omni-Directional-Mobile-Robot/build/robotpadi_description/models/mud_box/mud_box.sdf -> /home/ubuntu/github/Omni-Directional-Mobile-Robot/install/robotpadi_description/share/robotpadi_description/models/mud_box
[2.567s] creating /home/ubuntu/github/Omni-Directional-Mobile-Robot/install/robotpadi_description/share/robotpadi_description/models/mud_box/thumbnails
[2.567s] symbolically linking /home/ubuntu/github/Omni-Directional-Mobile-Robot/build/robotpadi_description/models/mud_box/thumbnails/3.png -> /home/ubuntu/github/Omni-Directional-Mobile-Robot/install/robotpadi_description/share/robotpadi_description/models/mud_box/thumbnails
[2.567s] symbolically linking /home/ubuntu/github/Omni-Directional-Mobile-Robot/build/robotpadi_description/models/mud_box/thumbnails/5.png -> /home/ubuntu/github/Omni-Directional-Mobile-Robot/install/robotpadi_description/share/robotpadi_description/models/mud_box/thumbnails
[2.568s] symbolically linking /home/ubuntu/github/Omni-Directional-Mobile-Robot/build/robotpadi_description/models/mud_box/thumbnails/4.png -> /home/ubuntu/github/Omni-Directional-Mobile-Robot/install/robotpadi_description/share/robotpadi_description/models/mud_box/thumbnails
[2.568s] symbolically linking /home/ubuntu/github/Omni-Directional-Mobile-Robot/build/robotpadi_description/models/mud_box/thumbnails/2.png -> /home/ubuntu/github/Omni-Directional-Mobile-Robot/install/robotpadi_description/share/robotpadi_description/models/mud_box/thumbnails
[2.568s] symbolically linking /home/ubuntu/github/Omni-Directional-Mobile-Robot/build/robotpadi_description/models/mud_box/thumbnails/1.png -> /home/ubuntu/github/Omni-Directional-Mobile-Robot/install/robotpadi_description/share/robotpadi_description/models/mud_box/thumbnails
[2.568s] creating /home/ubuntu/github/Omni-Directional-Mobile-Robot/install/robotpadi_description/share/robotpadi_description/models/mud_box/materials
[2.568s] creating /home/ubuntu/github/Omni-Directional-Mobile-Robot/install/robotpadi_description/share/robotpadi_description/models/mud_box/materials/textures
[2.568s] symbolically linking /home/ubuntu/github/Omni-Directional-Mobile-Robot/build/robotpadi_description/models/mud_box/materials/textures/mud.png -> /home/ubuntu/github/Omni-Directional-Mobile-Robot/install/robotpadi_description/share/robotpadi_description/models/mud_box/materials/textures
[2.568s] creating /home/ubuntu/github/Omni-Directional-Mobile-Robot/install/robotpadi_description/share/robotpadi_description/models/mud_box/materials/scripts
[2.568s] symbolically linking /home/ubuntu/github/Omni-Directional-Mobile-Robot/build/robotpadi_description/models/mud_box/materials/scripts/mud.material -> /home/ubuntu/github/Omni-Directional-Mobile-Robot/install/robotpadi_description/share/robotpadi_description/models/mud_box/materials/scripts
[2.654s] Invoked command in '/home/ubuntu/github/Omni-Directional-Mobile-Robot/build/robotpadi_description' returned '0': DEBUGINFOD_URLS=https://debuginfod.ubuntu.com PYTHONPATH=/home/ubuntu/github/Omni-Directional-Mobile-Robot/build/robotpadi_description/prefix_override:/usr/lib/python3/dist-packages/colcon_core/task/python/colcon_distutils_commands:/home/ubuntu/github/Omni-Directional-Mobile-Robot/install/robotpadi_description/lib/python3.12/site-packages:${PYTHONPATH} /usr/bin/python3 -W ignore:setup.py install is deprecated -W ignore:easy_install command is deprecated setup.py develop --editable --build-directory /home/ubuntu/github/Omni-Directional-Mobile-Robot/build/robotpadi_description/build --no-deps symlink_data
