[1.528s] Invoking command in '/home/ubuntu/github/Omni-Directional-Mobile-Robot/build/robotpadi_controller': DEBUGINFOD_URLS=https://debuginfod.ubuntu.com PYTHONPATH=/home/ubuntu/github/Omni-Directional-Mobile-Robot/build/robotpadi_controller/prefix_override:/usr/lib/python3/dist-packages/colcon_core/task/python/colcon_distutils_commands:/home/ubuntu/github/Omni-Directional-Mobile-Robot/install/robotpadi_controller/lib/python3.12/site-packages:${PYTHONPATH} /usr/bin/python3 -W ignore:setup.py install is deprecated -W ignore:easy_install command is deprecated setup.py develop --editable --build-directory /home/ubuntu/github/Omni-Directional-Mobile-Robot/build/robotpadi_controller/build --no-deps symlink_data
[2.031s] running develop
[2.296s] running egg_info
[2.296s] creating robotpadi_controller.egg-info
[2.322s] writing robotpadi_controller.egg-info/PKG-INFO
[2.322s] writing dependency_links to robotpadi_controller.egg-info/dependency_links.txt
[2.323s] writing entry points to robotpadi_controller.egg-info/entry_points.txt
[2.323s] writing requirements to robotpadi_controller.egg-info/requires.txt
[2.323s] writing top-level names to robotpadi_controller.egg-info/top_level.txt
[2.324s] writing manifest file 'robotpadi_controller.egg-info/SOURCES.txt'
[2.382s] reading manifest file 'robotpadi_controller.egg-info/SOURCES.txt'
[2.383s] writing manifest file 'robotpadi_controller.egg-info/SOURCES.txt'
[2.412s] running build_ext
[2.413s] Creating /home/ubuntu/github/Omni-Directional-Mobile-Robot/install/robotpadi_controller/lib/python3.12/site-packages/robotpadi-controller.egg-link (link to .)
[2.413s] Installing robot_state_monitor script to /home/ubuntu/github/Omni-Directional-Mobile-Robot/install/robotpadi_controller/lib/robotpadi_controller
[2.413s] Installing swerve_nav_goal script to /home/ubuntu/github/Omni-Directional-Mobile-Robot/install/robotpadi_controller/lib/robotpadi_controller
[2.413s] 
[2.415s] Installed /home/ubuntu/github/Omni-Directional-Mobile-Robot/build/robotpadi_controller
[2.415s] running symlink_data
[2.415s] creating /home/ubuntu/github/Omni-Directional-Mobile-Robot/install/robotpadi_controller/share/ament_index
[2.415s] creating /home/ubuntu/github/Omni-Directional-Mobile-Robot/install/robotpadi_controller/share/ament_index/resource_index
[2.415s] creating /home/ubuntu/github/Omni-Directional-Mobile-Robot/install/robotpadi_controller/share/ament_index/resource_index/packages
[2.415s] symbolically linking /home/ubuntu/github/Omni-Directional-Mobile-Robot/build/robotpadi_controller/resource/robotpadi_controller -> /home/ubuntu/github/Omni-Directional-Mobile-Robot/install/robotpadi_controller/share/ament_index/resource_index/packages
[2.415s] symbolically linking /home/ubuntu/github/Omni-Directional-Mobile-Robot/build/robotpadi_controller/package.xml -> /home/ubuntu/github/Omni-Directional-Mobile-Robot/install/robotpadi_controller/share/robotpadi_controller
[2.415s] symbolically linking /home/ubuntu/github/Omni-Directional-Mobile-Robot/build/robotpadi_controller/robotpadi_controller/robotpadi_plotjuggler_layout.xml -> /home/ubuntu/github/Omni-Directional-Mobile-Robot/install/robotpadi_controller/share/robotpadi_controller
[2.489s] Invoked command in '/home/ubuntu/github/Omni-Directional-Mobile-Robot/build/robotpadi_controller' returned '0': DEBUGINFOD_URLS=https://debuginfod.ubuntu.com PYTHONPATH=/home/ubuntu/github/Omni-Directional-Mobile-Robot/build/robotpadi_controller/prefix_override:/usr/lib/python3/dist-packages/colcon_core/task/python/colcon_distutils_commands:/home/ubuntu/github/Omni-Directional-Mobile-Robot/install/robotpadi_controller/lib/python3.12/site-packages:${PYTHONPATH} /usr/bin/python3 -W ignore:setup.py install is deprecated -W ignore:easy_install command is deprecated setup.py develop --editable --build-directory /home/ubuntu/github/Omni-Directional-Mobile-Robot/build/robotpadi_controller/build --no-deps symlink_data
