[1.975s] Invoking command in '/home/ubuntu/github/Omni-Directional-Mobile-Robot/build/robotpadi_description': DEBUGINFOD_URLS=https://debuginfod.ubuntu.com PYTHONPATH=/home/ubuntu/github/Omni-Directional-Mobile-Robot/build/robotpadi_description/prefix_override:/usr/lib/python3/dist-packages/colcon_core/task/python/colcon_distutils_commands:/home/ubuntu/github/Omni-Directional-Mobile-Robot/install/robotpadi_description/lib/python3.12/site-packages:${PYTHONPATH} /usr/bin/python3 -W ignore:setup.py install is deprecated -W ignore:easy_install command is deprecated setup.py develop --editable --build-directory /home/ubuntu/github/Omni-Directional-Mobile-Robot/build/robotpadi_description/build --no-deps symlink_data
[2.526s] running develop
[2.773s] running egg_info
[2.773s] creating robotpadi_description.egg-info
[2.799s] writing robotpadi_description.egg-info/PKG-INFO
[2.799s] writing dependency_links to robotpadi_description.egg-info/dependency_links.txt
[2.800s] writing requirements to robotpadi_description.egg-info/requires.txt
[2.800s] writing top-level names to robotpadi_description.egg-info/top_level.txt
[2.800s] writing manifest file 'robotpadi_description.egg-info/SOURCES.txt'
[2.857s] reading manifest file 'robotpadi_description.egg-info/SOURCES.txt'
[2.859s] writing manifest file 'robotpadi_description.egg-info/SOURCES.txt'
[2.888s] running build_ext
[2.888s] Creating /home/ubuntu/github/Omni-Directional-Mobile-Robot/install/robotpadi_description/lib/python3.12/site-packages/robotpadi-description.egg-link (link to .)
[2.889s] 
[2.889s] Installed /home/ubuntu/github/Omni-Directional-Mobile-Robot/build/robotpadi_description
[2.889s] running symlink_data
[2.890s] creating /home/ubuntu/github/Omni-Directional-Mobile-Robot/install/robotpadi_description/share/ament_index
[2.890s] creating /home/ubuntu/github/Omni-Directional-Mobile-Robot/install/robotpadi_description/share/ament_index/resource_index
[2.890s] creating /home/ubuntu/github/Omni-Directional-Mobile-Robot/install/robotpadi_description/share/ament_index/resource_index/packages
[2.890s] symbolically linking /home/ubuntu/github/Omni-Directional-Mobile-Robot/build/robotpadi_description/resource/robotpadi_description -> /home/ubuntu/github/Omni-Directional-Mobile-Robot/install/robotpadi_description/share/ament_index/resource_index/packages
[2.891s] symbolically linking /home/ubuntu/github/Omni-Directional-Mobile-Robot/build/robotpadi_description/package.xml -> /home/ubuntu/github/Omni-Directional-Mobile-Robot/install/robotpadi_description/share/robotpadi_description
[2.891s] creating /home/ubuntu/github/Omni-Directional-Mobile-Robot/install/robotpadi_description/share/robotpadi_description/launch
[2.891s] symbolically linking /home/ubuntu/github/Omni-Directional-Mobile-Robot/build/robotpadi_description/launch/display.launch.py -> /home/ubuntu/github/Omni-Directional-Mobile-Robot/install/robotpadi_description/share/robotpadi_description/launch
[2.891s] symbolically linking /home/ubuntu/github/Omni-Directional-Mobile-Robot/build/robotpadi_description/launch/gazebo.launch.py -> /home/ubuntu/github/Omni-Directional-Mobile-Robot/install/robotpadi_description/share/robotpadi_description/launch
[2.892s] symbolically linking /home/ubuntu/github/Omni-Directional-Mobile-Robot/build/robotpadi_description/launch/robot.launch.py -> /home/ubuntu/github/Omni-Directional-Mobile-Robot/install/robotpadi_description/share/robotpadi_description/launch
[2.892s] creating /home/ubuntu/github/Omni-Directional-Mobile-Robot/install/robotpadi_description/share/robotpadi_description/urdf
[2.892s] symbolically linking /home/ubuntu/github/Omni-Directional-Mobile-Robot/build/robotpadi_description/urdf/robotpadi.ros2control -> /home/ubuntu/github/Omni-Directional-Mobile-Robot/install/robotpadi_description/share/robotpadi_description/urdf
[2.892s] symbolically linking /home/ubuntu/github/Omni-Directional-Mobile-Robot/build/robotpadi_description/urdf/robotpadi.gazebo -> /home/ubuntu/github/Omni-Directional-Mobile-Robot/install/robotpadi_description/share/robotpadi_description/urdf
[2.893s] symbolically linking /home/ubuntu/github/Omni-Directional-Mobile-Robot/build/robotpadi_description/urdf/robotpadi.xacro -> /home/ubuntu/github/Omni-Directional-Mobile-Robot/install/robotpadi_description/share/robotpadi_description/urdf
[2.893s] symbolically linking /home/ubuntu/github/Omni-Directional-Mobile-Robot/build/robotpadi_description/urdf/materials.xacro -> /home/ubuntu/github/Omni-Directional-Mobile-Robot/install/robotpadi_description/share/robotpadi_description/urdf
[2.894s] creating /home/ubuntu/github/Omni-Directional-Mobile-Robot/install/robotpadi_description/share/robotpadi_description/meshes
[2.894s] symbolically linking /home/ubuntu/github/Omni-Directional-Mobile-Robot/build/robotpadi_description/meshes/base_link.stl -> /home/ubuntu/github/Omni-Directional-Mobile-Robot/install/robotpadi_description/share/robotpadi_description/meshes
[2.894s] symbolically linking /home/ubuntu/github/Omni-Directional-Mobile-Robot/build/robotpadi_description/meshes/bl_wheel_1.stl -> /home/ubuntu/github/Omni-Directional-Mobile-Robot/install/robotpadi_description/share/robotpadi_description/meshes
[2.895s] symbolically linking /home/ubuntu/github/Omni-Directional-Mobile-Robot/build/robotpadi_description/meshes/fr_wheel_1.stl -> /home/ubuntu/github/Omni-Directional-Mobile-Robot/install/robotpadi_description/share/robotpadi_description/meshes
[2.895s] symbolically linking /home/ubuntu/github/Omni-Directional-Mobile-Robot/build/robotpadi_description/meshes/fr_steering_1.stl -> /home/ubuntu/github/Omni-Directional-Mobile-Robot/install/robotpadi_description/share/robotpadi_description/meshes
[2.895s] symbolically linking /home/ubuntu/github/Omni-Directional-Mobile-Robot/build/robotpadi_description/meshes/br_steering_1.stl -> /home/ubuntu/github/Omni-Directional-Mobile-Robot/install/robotpadi_description/share/robotpadi_description/meshes
[2.895s] symbolically linking /home/ubuntu/github/Omni-Directional-Mobile-Robot/build/robotpadi_description/meshes/fl_steering_1.stl -> /home/ubuntu/github/Omni-Directional-Mobile-Robot/install/robotpadi_description/share/robotpadi_description/meshes
[2.895s] symbolically linking /home/ubuntu/github/Omni-Directional-Mobile-Robot/build/robotpadi_description/meshes/arm_1.stl -> /home/ubuntu/github/Omni-Directional-Mobile-Robot/install/robotpadi_description/share/robotpadi_description/meshes
[2.896s] symbolically linking /home/ubuntu/github/Omni-Directional-Mobile-Robot/build/robotpadi_description/meshes/panel_1.stl -> /home/ubuntu/github/Omni-Directional-Mobile-Robot/install/robotpadi_description/share/robotpadi_description/meshes
[2.896s] symbolically linking /home/ubuntu/github/Omni-Directional-Mobile-Robot/build/robotpadi_description/meshes/fl_wheel_1.stl -> /home/ubuntu/github/Omni-Directional-Mobile-Robot/install/robotpadi_description/share/robotpadi_description/meshes
[2.896s] symbolically linking /home/ubuntu/github/Omni-Directional-Mobile-Robot/build/robotpadi_description/meshes/br_wheel_1.stl -> /home/ubuntu/github/Omni-Directional-Mobile-Robot/install/robotpadi_description/share/robotpadi_description/meshes
[2.896s] symbolically linking /home/ubuntu/github/Omni-Directional-Mobile-Robot/build/robotpadi_description/meshes/bl_steering_1.stl -> /home/ubuntu/github/Omni-Directional-Mobile-Robot/install/robotpadi_description/share/robotpadi_description/meshes
[2.897s] creating /home/ubuntu/github/Omni-Directional-Mobile-Robot/install/robotpadi_description/share/robotpadi_description/config
[2.897s] symbolically linking /home/ubuntu/github/Omni-Directional-Mobile-Robot/build/robotpadi_description/config/display.rviz -> /home/ubuntu/github/Omni-Directional-Mobile-Robot/install/robotpadi_description/share/robotpadi_description/config
[2.898s] symbolically linking /home/ubuntu/github/Omni-Directional-Mobile-Robot/build/robotpadi_description/config/controllers.yaml -> /home/ubuntu/github/Omni-Directional-Mobile-Robot/install/robotpadi_description/share/robotpadi_description/config
[2.898s] symbolically linking /home/ubuntu/github/Omni-Directional-Mobile-Robot/build/robotpadi_description/config/ros_gz_bridge_gazebo.yaml -> /home/ubuntu/github/Omni-Directional-Mobile-Robot/install/robotpadi_description/share/robotpadi_description/config
[2.898s] symbolically linking /home/ubuntu/github/Omni-Directional-Mobile-Robot/build/robotpadi_description/config/gazebo.rviz -> /home/ubuntu/github/Omni-Directional-Mobile-Robot/install/robotpadi_description/share/robotpadi_description/config
[2.899s] creating /home/ubuntu/github/Omni-Directional-Mobile-Robot/install/robotpadi_description/share/robotpadi_description/worlds
[2.899s] symbolically linking /home/ubuntu/github/Omni-Directional-Mobile-Robot/build/robotpadi_description/worlds/worlds.sdf -> /home/ubuntu/github/Omni-Directional-Mobile-Robot/install/robotpadi_description/share/robotpadi_description/worlds
[2.899s] symbolically linking /home/ubuntu/github/Omni-Directional-Mobile-Robot/build/robotpadi_description/worlds/farm.sdf -> /home/ubuntu/github/Omni-Directional-Mobile-Robot/install/robotpadi_description/share/robotpadi_description/worlds
[2.901s] symbolically linking /home/ubuntu/github/Omni-Directional-Mobile-Robot/build/robotpadi_description/worlds/paddy.world -> /home/ubuntu/github/Omni-Directional-Mobile-Robot/install/robotpadi_description/share/robotpadi_description/worlds
[2.901s] symbolically linking /home/ubuntu/github/Omni-Directional-Mobile-Robot/build/robotpadi_description/worlds/generated.world -> /home/ubuntu/github/Omni-Directional-Mobile-Robot/install/robotpadi_description/share/robotpadi_description/worlds
[2.901s] creating /home/ubuntu/github/Omni-Directional-Mobile-Robot/install/robotpadi_description/share/robotpadi_description/models
[2.901s] creating /home/ubuntu/github/Omni-Directional-Mobile-Robot/install/robotpadi_description/share/robotpadi_description/models/paddy
[2.902s] symbolically linking /home/ubuntu/github/Omni-Directional-Mobile-Robot/build/robotpadi_description/models/paddy/model.sdf -> /home/ubuntu/github/Omni-Directional-Mobile-Robot/install/robotpadi_description/share/robotpadi_description/models/paddy
[2.903s] symbolically linking /home/ubuntu/github/Omni-Directional-Mobile-Robot/build/robotpadi_description/models/paddy/rice_plant.glb -> /home/ubuntu/github/Omni-Directional-Mobile-Robot/install/robotpadi_description/share/robotpadi_description/models/paddy
[2.903s] symbolically linking /home/ubuntu/github/Omni-Directional-Mobile-Robot/build/robotpadi_description/models/paddy/texture.png -> /home/ubuntu/github/Omni-Directional-Mobile-Robot/install/robotpadi_description/share/robotpadi_description/models/paddy
[2.903s] creating /home/ubuntu/github/Omni-Directional-Mobile-Robot/install/robotpadi_description/share/robotpadi_description/models/sand_heightmap
[2.904s] symbolically linking /home/ubuntu/github/Omni-Directional-Mobile-Robot/build/robotpadi_description/models/sand_heightmap/model.sdf -> /home/ubuntu/github/Omni-Directional-Mobile-Robot/install/robotpadi_description/share/robotpadi_description/models/sand_heightmap
[2.904s] symbolically linking /home/ubuntu/github/Omni-Directional-Mobile-Robot/build/robotpadi_description/models/sand_heightmap/model.config -> /home/ubuntu/github/Omni-Directional-Mobile-Robot/install/robotpadi_description/share/robotpadi_description/models/sand_heightmap
[2.904s] creating /home/ubuntu/github/Omni-Directional-Mobile-Robot/install/robotpadi_description/share/robotpadi_description/models/sand_heightmap/thumbnails
[2.904s] symbolically linking /home/ubuntu/github/Omni-Directional-Mobile-Robot/build/robotpadi_description/models/sand_heightmap/thumbnails/2.png -> /home/ubuntu/github/Omni-Directional-Mobile-Robot/install/robotpadi_description/share/robotpadi_description/models/sand_heightmap/thumbnails
[2.904s] symbolically linking /home/ubuntu/github/Omni-Directional-Mobile-Robot/build/robotpadi_description/models/sand_heightmap/thumbnails/1.png -> /home/ubuntu/github/Omni-Directional-Mobile-Robot/install/robotpadi_description/share/robotpadi_description/models/sand_heightmap/thumbnails
[2.905s] creating /home/ubuntu/github/Omni-Directional-Mobile-Robot/install/robotpadi_description/share/robotpadi_description/models/sand_heightmap/meshes
[2.905s] symbolically linking /home/ubuntu/github/Omni-Directional-Mobile-Robot/build/robotpadi_description/models/sand_heightmap/meshes/heightmap.dae -> /home/ubuntu/github/Omni-Directional-Mobile-Robot/install/robotpadi_description/share/robotpadi_description/models/sand_heightmap/meshes
[2.906s] creating /home/ubuntu/github/Omni-Directional-Mobile-Robot/install/robotpadi_description/share/robotpadi_description/models/sand_heightmap/materials
[2.906s] creating /home/ubuntu/github/Omni-Directional-Mobile-Robot/install/robotpadi_description/share/robotpadi_description/models/sand_heightmap/materials/textures
[2.907s] symbolically linking /home/ubuntu/github/Omni-Directional-Mobile-Robot/build/robotpadi_description/models/sand_heightmap/materials/textures/soil_sand_0045_01.jpg -> /home/ubuntu/github/Omni-Directional-Mobile-Robot/install/robotpadi_description/share/robotpadi_description/models/sand_heightmap/materials/textures
[2.907s] creating /home/ubuntu/github/Omni-Directional-Mobile-Robot/install/robotpadi_description/share/robotpadi_description/models/sand_heightmap/materials/scripts
[2.908s] symbolically linking /home/ubuntu/github/Omni-Directional-Mobile-Robot/build/robotpadi_description/models/sand_heightmap/materials/scripts/sand.material -> /home/ubuntu/github/Omni-Directional-Mobile-Robot/install/robotpadi_description/share/robotpadi_description/models/sand_heightmap/materials/scripts
[2.908s] creating /home/ubuntu/github/Omni-Directional-Mobile-Robot/install/robotpadi_description/share/robotpadi_description/models/maize_01
[2.908s] symbolically linking /home/ubuntu/github/Omni-Directional-Mobile-Robot/build/robotpadi_description/models/maize_01/model.sdf -> /home/ubuntu/github/Omni-Directional-Mobile-Robot/install/robotpadi_description/share/robotpadi_description/models/maize_01
[2.908s] symbolically linking /home/ubuntu/github/Omni-Directional-Mobile-Robot/build/robotpadi_description/models/maize_01/model.config -> /home/ubuntu/github/Omni-Directional-Mobile-Robot/install/robotpadi_description/share/robotpadi_description/models/maize_01
[2.909s] creating /home/ubuntu/github/Omni-Directional-Mobile-Robot/install/robotpadi_description/share/robotpadi_description/models/maize_01/meshes
[2.909s] symbolically linking /home/ubuntu/github/Omni-Directional-Mobile-Robot/build/robotpadi_description/models/maize_01/meshes/maize_01.dae -> /home/ubuntu/github/Omni-Directional-Mobile-Robot/install/robotpadi_description/share/robotpadi_description/models/maize_01/meshes
[2.909s] creating /home/ubuntu/github/Omni-Directional-Mobile-Robot/install/robotpadi_description/share/robotpadi_description/models/maize_01/materials
[2.910s] creating /home/ubuntu/github/Omni-Directional-Mobile-Robot/install/robotpadi_description/share/robotpadi_description/models/maize_01/materials/textures
[2.910s] symbolically linking /home/ubuntu/github/Omni-Directional-Mobile-Robot/build/robotpadi_description/models/maize_01/materials/textures/maize_01.png -> /home/ubuntu/github/Omni-Directional-Mobile-Robot/install/robotpadi_description/share/robotpadi_description/models/maize_01/materials/textures
[2.910s] creating /home/ubuntu/github/Omni-Directional-Mobile-Robot/install/robotpadi_description/share/robotpadi_description/models/maize_02
[2.910s] symbolically linking /home/ubuntu/github/Omni-Directional-Mobile-Robot/build/robotpadi_description/models/maize_02/model.sdf -> /home/ubuntu/github/Omni-Directional-Mobile-Robot/install/robotpadi_description/share/robotpadi_description/models/maize_02
[2.910s] symbolically linking /home/ubuntu/github/Omni-Directional-Mobile-Robot/build/robotpadi_description/models/maize_02/model.config -> /home/ubuntu/github/Omni-Directional-Mobile-Robot/install/robotpadi_description/share/robotpadi_description/models/maize_02
[2.910s] creating /home/ubuntu/github/Omni-Directional-Mobile-Robot/install/robotpadi_description/share/robotpadi_description/models/maize_02/meshes
[2.911s] symbolically linking /home/ubuntu/github/Omni-Directional-Mobile-Robot/build/robotpadi_description/models/maize_02/meshes/maize_02.dae -> /home/ubuntu/github/Omni-Directional-Mobile-Robot/install/robotpadi_description/share/robotpadi_description/models/maize_02/meshes
[2.911s] creating /home/ubuntu/github/Omni-Directional-Mobile-Robot/install/robotpadi_description/share/robotpadi_description/models/maize_02/materials
[2.911s] creating /home/ubuntu/github/Omni-Directional-Mobile-Robot/install/robotpadi_description/share/robotpadi_description/models/maize_02/materials/textures
[2.911s] symbolically linking /home/ubuntu/github/Omni-Directional-Mobile-Robot/build/robotpadi_description/models/maize_02/materials/textures/maize_02.png -> /home/ubuntu/github/Omni-Directional-Mobile-Robot/install/robotpadi_description/share/robotpadi_description/models/maize_02/materials/textures
[2.911s] creating /home/ubuntu/github/Omni-Directional-Mobile-Robot/install/robotpadi_description/share/robotpadi_description/models/maize
[2.911s] symbolically linking /home/ubuntu/github/Omni-Directional-Mobile-Robot/build/robotpadi_description/models/maize/gt_map.png -> /home/ubuntu/github/Omni-Directional-Mobile-Robot/install/robotpadi_description/share/robotpadi_description/models/maize
[2.912s] symbolically linking /home/ubuntu/github/Omni-Directional-Mobile-Robot/build/robotpadi_description/models/maize/markers.csv -> /home/ubuntu/github/Omni-Directional-Mobile-Robot/install/robotpadi_description/share/robotpadi_description/models/maize
[2.912s] symbolically linking /home/ubuntu/github/Omni-Directional-Mobile-Robot/build/robotpadi_description/models/maize/gt_map.csv -> /home/ubuntu/github/Omni-Directional-Mobile-Robot/install/robotpadi_description/share/robotpadi_description/models/maize
[2.912s] symbolically linking /home/ubuntu/github/Omni-Directional-Mobile-Robot/build/robotpadi_description/models/maize/driving_pattern.txt -> /home/ubuntu/github/Omni-Directional-Mobile-Robot/install/robotpadi_description/share/robotpadi_description/models/maize
[2.912s] symbolically linking /home/ubuntu/github/Omni-Directional-Mobile-Robot/build/robotpadi_description/models/maize/robot_spawner.launch.py -> /home/ubuntu/github/Omni-Directional-Mobile-Robot/install/robotpadi_description/share/robotpadi_description/models/maize
[2.912s] creating /home/ubuntu/github/Omni-Directional-Mobile-Robot/install/robotpadi_description/share/robotpadi_description/models/maize/thumbnails
[2.914s] symbolically linking /home/ubuntu/github/Omni-Directional-Mobile-Robot/build/robotpadi_description/models/maize/thumbnails/model.config -> /home/ubuntu/github/Omni-Directional-Mobile-Robot/install/robotpadi_description/share/robotpadi_description/models/maize/thumbnails
[2.914s] symbolically linking /home/ubuntu/github/Omni-Directional-Mobile-Robot/build/robotpadi_description/models/maize/thumbnails/generated.world -> /home/ubuntu/github/Omni-Directional-Mobile-Robot/install/robotpadi_description/share/robotpadi_description/models/maize/thumbnails
[2.914s] creating /home/ubuntu/github/Omni-Directional-Mobile-Robot/install/robotpadi_description/share/robotpadi_description/models/maize/materials
[2.915s] creating /home/ubuntu/github/Omni-Directional-Mobile-Robot/install/robotpadi_description/share/robotpadi_description/models/maize/materials/textures
[2.915s] symbolically linking /home/ubuntu/github/Omni-Directional-Mobile-Robot/build/robotpadi_description/models/maize/materials/textures/virtual_maize_field_heightmap.png -> /home/ubuntu/github/Omni-Directional-Mobile-Robot/install/robotpadi_description/share/robotpadi_description/models/maize/materials/textures
[2.915s] symbolically linking /home/ubuntu/github/Omni-Directional-Mobile-Robot/build/robotpadi_description/models/maize/materials/textures/virtual_maize_field_heightmap_large.png -> /home/ubuntu/github/Omni-Directional-Mobile-Robot/install/robotpadi_description/share/robotpadi_description/models/maize/materials/textures
[2.916s] creating /home/ubuntu/github/Omni-Directional-Mobile-Robot/install/robotpadi_description/share/robotpadi_description/models/maize/materials/script
[2.916s] symbolically linking /home/ubuntu/github/Omni-Directional-Mobile-Robot/build/robotpadi_description/models/maize/materials/script/maize.material -> /home/ubuntu/github/Omni-Directional-Mobile-Robot/install/robotpadi_description/share/robotpadi_description/models/maize/materials/script
[2.916s] creating /home/ubuntu/github/Omni-Directional-Mobile-Robot/install/robotpadi_description/share/robotpadi_description/models/materials
[2.916s] creating /home/ubuntu/github/Omni-Directional-Mobile-Robot/install/robotpadi_description/share/robotpadi_description/models/materials/textures
[2.916s] symbolically linking /home/ubuntu/github/Omni-Directional-Mobile-Robot/build/robotpadi_description/models/materials/textures/grass_color.jpg -> /home/ubuntu/github/Omni-Directional-Mobile-Robot/install/robotpadi_description/share/robotpadi_description/models/materials/textures
[2.917s] symbolically linking /home/ubuntu/github/Omni-Directional-Mobile-Robot/build/robotpadi_description/models/materials/textures/grass_roughness.jpg -> /home/ubuntu/github/Omni-Directional-Mobile-Robot/install/robotpadi_description/share/robotpadi_description/models/materials/textures
[2.917s] symbolically linking /home/ubuntu/github/Omni-Directional-Mobile-Robot/build/robotpadi_description/models/materials/textures/grass_displacement.jpg -> /home/ubuntu/github/Omni-Directional-Mobile-Robot/install/robotpadi_description/share/robotpadi_description/models/materials/textures
[2.917s] symbolically linking /home/ubuntu/github/Omni-Directional-Mobile-Robot/build/robotpadi_description/models/materials/textures/fungus_diffusespecular.png -> /home/ubuntu/github/Omni-Directional-Mobile-Robot/install/robotpadi_description/share/robotpadi_description/models/materials/textures
[2.917s] symbolically linking /home/ubuntu/github/Omni-Directional-Mobile-Robot/build/robotpadi_description/models/materials/textures/grass_normal.jpg -> /home/ubuntu/github/Omni-Directional-Mobile-Robot/install/robotpadi_description/share/robotpadi_description/models/materials/textures
[2.918s] symbolically linking /home/ubuntu/github/Omni-Directional-Mobile-Robot/build/robotpadi_description/models/materials/textures/flat_normal.png -> /home/ubuntu/github/Omni-Directional-Mobile-Robot/install/robotpadi_description/share/robotpadi_description/models/materials/textures
[2.918s] symbolically linking /home/ubuntu/github/Omni-Directional-Mobile-Robot/build/robotpadi_description/models/materials/textures/dirt_diffusespecular.png -> /home/ubuntu/github/Omni-Directional-Mobile-Robot/install/robotpadi_description/share/robotpadi_description/models/materials/textures
[2.918s] creating /home/ubuntu/github/Omni-Directional-Mobile-Robot/install/robotpadi_description/share/robotpadi_description/models/mud_box
[2.918s] symbolically linking /home/ubuntu/github/Omni-Directional-Mobile-Robot/build/robotpadi_description/models/mud_box/model.sdf -> /home/ubuntu/github/Omni-Directional-Mobile-Robot/install/robotpadi_description/share/robotpadi_description/models/mud_box
[2.918s] symbolically linking /home/ubuntu/github/Omni-Directional-Mobile-Robot/build/robotpadi_description/models/mud_box/model-1_4.sdf -> /home/ubuntu/github/Omni-Directional-Mobile-Robot/install/robotpadi_description/share/robotpadi_description/models/mud_box
[2.919s] symbolically linking /home/ubuntu/github/Omni-Directional-Mobile-Robot/build/robotpadi_description/models/mud_box/model.config -> /home/ubuntu/github/Omni-Directional-Mobile-Robot/install/robotpadi_description/share/robotpadi_description/models/mud_box
[2.919s] symbolically linking /home/ubuntu/github/Omni-Directional-Mobile-Robot/build/robotpadi_description/models/mud_box/mud_box.sdf -> /home/ubuntu/github/Omni-Directional-Mobile-Robot/install/robotpadi_description/share/robotpadi_description/models/mud_box
[2.919s] creating /home/ubuntu/github/Omni-Directional-Mobile-Robot/install/robotpadi_description/share/robotpadi_description/models/mud_box/thumbnails
[2.919s] symbolically linking /home/ubuntu/github/Omni-Directional-Mobile-Robot/build/robotpadi_description/models/mud_box/thumbnails/3.png -> /home/ubuntu/github/Omni-Directional-Mobile-Robot/install/robotpadi_description/share/robotpadi_description/models/mud_box/thumbnails
[2.919s] symbolically linking /home/ubuntu/github/Omni-Directional-Mobile-Robot/build/robotpadi_description/models/mud_box/thumbnails/5.png -> /home/ubuntu/github/Omni-Directional-Mobile-Robot/install/robotpadi_description/share/robotpadi_description/models/mud_box/thumbnails
[2.919s] symbolically linking /home/ubuntu/github/Omni-Directional-Mobile-Robot/build/robotpadi_description/models/mud_box/thumbnails/4.png -> /home/ubuntu/github/Omni-Directional-Mobile-Robot/install/robotpadi_description/share/robotpadi_description/models/mud_box/thumbnails
[2.919s] symbolically linking /home/ubuntu/github/Omni-Directional-Mobile-Robot/build/robotpadi_description/models/mud_box/thumbnails/2.png -> /home/ubuntu/github/Omni-Directional-Mobile-Robot/install/robotpadi_description/share/robotpadi_description/models/mud_box/thumbnails
[2.919s] symbolically linking /home/ubuntu/github/Omni-Directional-Mobile-Robot/build/robotpadi_description/models/mud_box/thumbnails/1.png -> /home/ubuntu/github/Omni-Directional-Mobile-Robot/install/robotpadi_description/share/robotpadi_description/models/mud_box/thumbnails
[2.919s] creating /home/ubuntu/github/Omni-Directional-Mobile-Robot/install/robotpadi_description/share/robotpadi_description/models/mud_box/materials
[2.919s] creating /home/ubuntu/github/Omni-Directional-Mobile-Robot/install/robotpadi_description/share/robotpadi_description/models/mud_box/materials/textures
[2.919s] symbolically linking /home/ubuntu/github/Omni-Directional-Mobile-Robot/build/robotpadi_description/models/mud_box/materials/textures/mud.png -> /home/ubuntu/github/Omni-Directional-Mobile-Robot/install/robotpadi_description/share/robotpadi_description/models/mud_box/materials/textures
[2.919s] creating /home/ubuntu/github/Omni-Directional-Mobile-Robot/install/robotpadi_description/share/robotpadi_description/models/mud_box/materials/scripts
[2.920s] symbolically linking /home/ubuntu/github/Omni-Directional-Mobile-Robot/build/robotpadi_description/models/mud_box/materials/scripts/mud.material -> /home/ubuntu/github/Omni-Directional-Mobile-Robot/install/robotpadi_description/share/robotpadi_description/models/mud_box/materials/scripts
[3.013s] Invoked command in '/home/ubuntu/github/Omni-Directional-Mobile-Robot/build/robotpadi_description' returned '0': DEBUGINFOD_URLS=https://debuginfod.ubuntu.com PYTHONPATH=/home/ubuntu/github/Omni-Directional-Mobile-Robot/build/robotpadi_description/prefix_override:/usr/lib/python3/dist-packages/colcon_core/task/python/colcon_distutils_commands:/home/ubuntu/github/Omni-Directional-Mobile-Robot/install/robotpadi_description/lib/python3.12/site-packages:${PYTHONPATH} /usr/bin/python3 -W ignore:setup.py install is deprecated -W ignore:easy_install command is deprecated setup.py develop --editable --build-directory /home/ubuntu/github/Omni-Directional-Mobile-Robot/build/robotpadi_description/build --no-deps symlink_data
