[1.032s] Invoking command in '/home/ubuntu/github/Omni-Directional-Mobile-Robot/build/robotpadi_description': DEBUGINFOD_URLS=https://debuginfod.ubuntu.com PYTHONPATH=/home/ubuntu/github/Omni-Directional-Mobile-Robot/build/robotpadi_description/prefix_override:/usr/lib/python3/dist-packages/colcon_core/task/python/colcon_distutils_commands:/home/ubuntu/github/Omni-Directional-Mobile-Robot/install/robotpadi_description/lib/python3.12/site-packages:${PYTHONPATH} /usr/bin/python3 -W ignore:setup.py install is deprecated -W ignore:easy_install command is deprecated setup.py develop --editable --build-directory /home/ubuntu/github/Omni-Directional-Mobile-Robot/build/robotpadi_description/build --no-deps symlink_data --force
[1.463s] running develop
[1.727s] running egg_info
[1.761s] writing robotpadi_description.egg-info/PKG-INFO
[1.764s] writing dependency_links to robotpadi_description.egg-info/dependency_links.txt
[1.765s] writing requirements to robotpadi_description.egg-info/requires.txt
[1.765s] writing top-level names to robotpadi_description.egg-info/top_level.txt
[1.815s] reading manifest file 'robotpadi_description.egg-info/SOURCES.txt'
[1.816s] writing manifest file 'robotpadi_description.egg-info/SOURCES.txt'
[1.849s] running build_ext
[1.849s] Creating /home/ubuntu/github/Omni-Directional-Mobile-Robot/install/robotpadi_description/lib/python3.12/site-packages/robotpadi-description.egg-link (link to .)
[1.850s] 
[1.850s] Installed /home/ubuntu/github/Omni-Directional-Mobile-Robot/build/robotpadi_description
[1.851s] running symlink_data
[1.851s] symbolically linking /home/ubuntu/github/Omni-Directional-Mobile-Robot/build/robotpadi_description/resource/robotpadi_description -> /home/ubuntu/github/Omni-Directional-Mobile-Robot/install/robotpadi_description/share/ament_index/resource_index/packages
[1.851s] symbolically linking /home/ubuntu/github/Omni-Directional-Mobile-Robot/build/robotpadi_description/package.xml -> /home/ubuntu/github/Omni-Directional-Mobile-Robot/install/robotpadi_description/share/robotpadi_description
[1.852s] symbolically linking /home/ubuntu/github/Omni-Directional-Mobile-Robot/build/robotpadi_description/launch/display.launch.py -> /home/ubuntu/github/Omni-Directional-Mobile-Robot/install/robotpadi_description/share/robotpadi_description/launch
[1.853s] symbolically linking /home/ubuntu/github/Omni-Directional-Mobile-Robot/build/robotpadi_description/launch/gazebo.launch.py -> /home/ubuntu/github/Omni-Directional-Mobile-Robot/install/robotpadi_description/share/robotpadi_description/launch
[1.853s] symbolically linking /home/ubuntu/github/Omni-Directional-Mobile-Robot/build/robotpadi_description/urdf/robotpadi.ros2control -> /home/ubuntu/github/Omni-Directional-Mobile-Robot/install/robotpadi_description/share/robotpadi_description/urdf
[1.854s] symbolically linking /home/ubuntu/github/Omni-Directional-Mobile-Robot/build/robotpadi_description/urdf/robotpadi.gazebo -> /home/ubuntu/github/Omni-Directional-Mobile-Robot/install/robotpadi_description/share/robotpadi_description/urdf
[1.854s] symbolically linking /home/ubuntu/github/Omni-Directional-Mobile-Robot/build/robotpadi_description/urdf/robotpadi.xacro -> /home/ubuntu/github/Omni-Directional-Mobile-Robot/install/robotpadi_description/share/robotpadi_description/urdf
[1.855s] symbolically linking /home/ubuntu/github/Omni-Directional-Mobile-Robot/build/robotpadi_description/urdf/materials.xacro -> /home/ubuntu/github/Omni-Directional-Mobile-Robot/install/robotpadi_description/share/robotpadi_description/urdf
[1.856s] symbolically linking /home/ubuntu/github/Omni-Directional-Mobile-Robot/build/robotpadi_description/meshes/base_link.stl -> /home/ubuntu/github/Omni-Directional-Mobile-Robot/install/robotpadi_description/share/robotpadi_description/meshes
[1.856s] symbolically linking /home/ubuntu/github/Omni-Directional-Mobile-Robot/build/robotpadi_description/meshes/bl_wheel_1.stl -> /home/ubuntu/github/Omni-Directional-Mobile-Robot/install/robotpadi_description/share/robotpadi_description/meshes
[1.856s] symbolically linking /home/ubuntu/github/Omni-Directional-Mobile-Robot/build/robotpadi_description/meshes/fr_wheel_1.stl -> /home/ubuntu/github/Omni-Directional-Mobile-Robot/install/robotpadi_description/share/robotpadi_description/meshes
[1.857s] symbolically linking /home/ubuntu/github/Omni-Directional-Mobile-Robot/build/robotpadi_description/meshes/fr_steering_1.stl -> /home/ubuntu/github/Omni-Directional-Mobile-Robot/install/robotpadi_description/share/robotpadi_description/meshes
[1.858s] symbolically linking /home/ubuntu/github/Omni-Directional-Mobile-Robot/build/robotpadi_description/meshes/br_steering_1.stl -> /home/ubuntu/github/Omni-Directional-Mobile-Robot/install/robotpadi_description/share/robotpadi_description/meshes
[1.858s] symbolically linking /home/ubuntu/github/Omni-Directional-Mobile-Robot/build/robotpadi_description/meshes/fl_steering_1.stl -> /home/ubuntu/github/Omni-Directional-Mobile-Robot/install/robotpadi_description/share/robotpadi_description/meshes
[1.865s] symbolically linking /home/ubuntu/github/Omni-Directional-Mobile-Robot/build/robotpadi_description/meshes/arm_1.stl -> /home/ubuntu/github/Omni-Directional-Mobile-Robot/install/robotpadi_description/share/robotpadi_description/meshes
[1.865s] symbolically linking /home/ubuntu/github/Omni-Directional-Mobile-Robot/build/robotpadi_description/meshes/panel_1.stl -> /home/ubuntu/github/Omni-Directional-Mobile-Robot/install/robotpadi_description/share/robotpadi_description/meshes
[1.865s] symbolically linking /home/ubuntu/github/Omni-Directional-Mobile-Robot/build/robotpadi_description/meshes/fl_wheel_1.stl -> /home/ubuntu/github/Omni-Directional-Mobile-Robot/install/robotpadi_description/share/robotpadi_description/meshes
[1.868s] symbolically linking /home/ubuntu/github/Omni-Directional-Mobile-Robot/build/robotpadi_description/meshes/br_wheel_1.stl -> /home/ubuntu/github/Omni-Directional-Mobile-Robot/install/robotpadi_description/share/robotpadi_description/meshes
[1.868s] symbolically linking /home/ubuntu/github/Omni-Directional-Mobile-Robot/build/robotpadi_description/meshes/bl_steering_1.stl -> /home/ubuntu/github/Omni-Directional-Mobile-Robot/install/robotpadi_description/share/robotpadi_description/meshes
[1.868s] symbolically linking /home/ubuntu/github/Omni-Directional-Mobile-Robot/build/robotpadi_description/config/display.rviz -> /home/ubuntu/github/Omni-Directional-Mobile-Robot/install/robotpadi_description/share/robotpadi_description/config
[1.869s] symbolically linking /home/ubuntu/github/Omni-Directional-Mobile-Robot/build/robotpadi_description/config/controllers.yaml -> /home/ubuntu/github/Omni-Directional-Mobile-Robot/install/robotpadi_description/share/robotpadi_description/config
[1.869s] symbolically linking /home/ubuntu/github/Omni-Directional-Mobile-Robot/build/robotpadi_description/config/ros_gz_bridge_gazebo.yaml -> /home/ubuntu/github/Omni-Directional-Mobile-Robot/install/robotpadi_description/share/robotpadi_description/config
[1.869s] symbolically linking /home/ubuntu/github/Omni-Directional-Mobile-Robot/build/robotpadi_description/config/gazebo.rviz -> /home/ubuntu/github/Omni-Directional-Mobile-Robot/install/robotpadi_description/share/robotpadi_description/config
[1.943s] Invoked command in '/home/ubuntu/github/Omni-Directional-Mobile-Robot/build/robotpadi_description' returned '0': DEBUGINFOD_URLS=https://debuginfod.ubuntu.com PYTHONPATH=/home/ubuntu/github/Omni-Directional-Mobile-Robot/build/robotpadi_description/prefix_override:/usr/lib/python3/dist-packages/colcon_core/task/python/colcon_distutils_commands:/home/ubuntu/github/Omni-Directional-Mobile-Robot/install/robotpadi_description/lib/python3.12/site-packages:${PYTHONPATH} /usr/bin/python3 -W ignore:setup.py install is deprecated -W ignore:easy_install command is deprecated setup.py develop --editable --build-directory /home/ubuntu/github/Omni-Directional-Mobile-Robot/build/robotpadi_description/build --no-deps symlink_data --force
