[0.147s] DEBUG:colcon:Command line arguments: ['/usr/bin/colcon', 'build']
[0.147s] DEBUG:colcon:Parsed command line arguments: Namespace(log_base=None, log_level=None, verb_name='build', build_base='build', install_base='install', merge_install=False, symlink_install=False, test_result_base=None, continue_on_error=False, executor='parallel', parallel_workers=8, event_handlers=None, ignore_user_meta=False, metas=['./colcon.meta'], base_paths=['.'], packages_ignore=None, packages_ignore_regex=None, paths=None, packages_up_to=None, packages_up_to_regex=None, packages_above=None, packages_above_and_dependencies=None, packages_above_depth=None, packages_select_by_dep=None, packages_skip_by_dep=None, packages_skip_up_to=None, packages_select_build_failed=False, packages_skip_build_finished=False, packages_select_test_failures=False, packages_skip_test_passed=False, packages_select=None, packages_skip=None, packages_select_regex=None, packages_skip_regex=None, packages_start=None, packages_end=None, allow_overriding=[], cmake_args=None, cmake_target=None, cmake_target_skip_unavailable=False, cmake_clean_cache=False, cmake_clean_first=False, cmake_force_configure=False, ament_cmake_args=None, catkin_cmake_args=None, catkin_skip_building_tests=False, mixin_files=None, mixin=None, verb_parser=<colcon_mixin.mixin.mixin_argument.MixinArgumentDecorator object at 0x7d5d8fd94830>, verb_extension=<colcon_core.verb.build.BuildVerb object at 0x7d5d90785490>, main=<bound method BuildVerb.main of <colcon_core.verb.build.BuildVerb object at 0x7d5d90785490>>, mixin_verb=('build',))
[0.199s] Level 1:colcon.colcon_core.package_discovery:discover_packages(colcon_meta) check parameters
[0.199s] Level 1:colcon.colcon_core.package_discovery:discover_packages(recursive) check parameters
[0.199s] Level 1:colcon.colcon_core.package_discovery:discover_packages(ignore) check parameters
[0.199s] Level 1:colcon.colcon_core.package_discovery:discover_packages(path) check parameters
[0.199s] Level 1:colcon.colcon_core.package_discovery:discover_packages(colcon_meta) discover
[0.200s] Level 1:colcon.colcon_core.package_discovery:discover_packages(recursive) discover
[0.200s] INFO:colcon.colcon_core.package_discovery:Crawling recursively for packages in '/home/ubuntu/github/Omni-Directional-Mobile-Robot'
[0.200s] Level 1:colcon.colcon_core.package_identification:_identify(.) by extensions ['ignore', 'ignore_ament_install']
[0.200s] Level 1:colcon.colcon_core.package_identification:_identify(.) by extension 'ignore'
[0.200s] Level 1:colcon.colcon_core.package_identification:_identify(.) by extension 'ignore_ament_install'
[0.200s] Level 1:colcon.colcon_core.package_identification:_identify(.) by extensions ['colcon_pkg']
[0.200s] Level 1:colcon.colcon_core.package_identification:_identify(.) by extension 'colcon_pkg'
[0.200s] Level 1:colcon.colcon_core.package_identification:_identify(.) by extensions ['colcon_meta']
[0.200s] Level 1:colcon.colcon_core.package_identification:_identify(.) by extension 'colcon_meta'
[0.200s] Level 1:colcon.colcon_core.package_identification:_identify(.) by extensions ['ros']
[0.200s] Level 1:colcon.colcon_core.package_identification:_identify(.) by extension 'ros'
[0.232s] Level 1:colcon.colcon_core.package_identification:_identify(.) by extensions ['cmake', 'python']
[0.232s] Level 1:colcon.colcon_core.package_identification:_identify(.) by extension 'cmake'
[0.232s] Level 1:colcon.colcon_core.package_identification:_identify(.) by extension 'python'
[0.232s] Level 1:colcon.colcon_core.package_identification:_identify(.) by extensions ['python_setup_py']
[0.232s] Level 1:colcon.colcon_core.package_identification:_identify(.) by extension 'python_setup_py'
[0.232s] Level 1:colcon.colcon_core.package_identification:_identify(build) by extensions ['ignore', 'ignore_ament_install']
[0.233s] Level 1:colcon.colcon_core.package_identification:_identify(build) by extension 'ignore'
[0.233s] Level 1:colcon.colcon_core.package_identification:_identify(build) ignored
[0.233s] Level 1:colcon.colcon_core.package_identification:_identify(install) by extensions ['ignore', 'ignore_ament_install']
[0.233s] Level 1:colcon.colcon_core.package_identification:_identify(install) by extension 'ignore'
[0.233s] Level 1:colcon.colcon_core.package_identification:_identify(install) ignored
[0.233s] Level 1:colcon.colcon_core.package_identification:_identify(log) by extensions ['ignore', 'ignore_ament_install']
[0.233s] Level 1:colcon.colcon_core.package_identification:_identify(log) by extension 'ignore'
[0.233s] Level 1:colcon.colcon_core.package_identification:_identify(log) ignored
[0.233s] Level 1:colcon.colcon_core.package_identification:_identify(src) by extensions ['ignore', 'ignore_ament_install']
[0.233s] Level 1:colcon.colcon_core.package_identification:_identify(src) by extension 'ignore'
[0.233s] Level 1:colcon.colcon_core.package_identification:_identify(src) by extension 'ignore_ament_install'
[0.233s] Level 1:colcon.colcon_core.package_identification:_identify(src) by extensions ['colcon_pkg']
[0.233s] Level 1:colcon.colcon_core.package_identification:_identify(src) by extension 'colcon_pkg'
[0.233s] Level 1:colcon.colcon_core.package_identification:_identify(src) by extensions ['colcon_meta']
[0.234s] Level 1:colcon.colcon_core.package_identification:_identify(src) by extension 'colcon_meta'
[0.234s] Level 1:colcon.colcon_core.package_identification:_identify(src) by extensions ['ros']
[0.234s] Level 1:colcon.colcon_core.package_identification:_identify(src) by extension 'ros'
[0.234s] Level 1:colcon.colcon_core.package_identification:_identify(src) by extensions ['cmake', 'python']
[0.234s] Level 1:colcon.colcon_core.package_identification:_identify(src) by extension 'cmake'
[0.234s] Level 1:colcon.colcon_core.package_identification:_identify(src) by extension 'python'
[0.234s] Level 1:colcon.colcon_core.package_identification:_identify(src) by extensions ['python_setup_py']
[0.234s] Level 1:colcon.colcon_core.package_identification:_identify(src) by extension 'python_setup_py'
[0.234s] Level 1:colcon.colcon_core.package_identification:_identify(src/robotpadi_controller) by extensions ['ignore', 'ignore_ament_install']
[0.234s] Level 1:colcon.colcon_core.package_identification:_identify(src/robotpadi_controller) by extension 'ignore'
[0.234s] Level 1:colcon.colcon_core.package_identification:_identify(src/robotpadi_controller) by extension 'ignore_ament_install'
[0.234s] Level 1:colcon.colcon_core.package_identification:_identify(src/robotpadi_controller) by extensions ['colcon_pkg']
[0.234s] Level 1:colcon.colcon_core.package_identification:_identify(src/robotpadi_controller) by extension 'colcon_pkg'
[0.234s] Level 1:colcon.colcon_core.package_identification:_identify(src/robotpadi_controller) by extensions ['colcon_meta']
[0.234s] Level 1:colcon.colcon_core.package_identification:_identify(src/robotpadi_controller) by extension 'colcon_meta'
[0.234s] Level 1:colcon.colcon_core.package_identification:_identify(src/robotpadi_controller) by extensions ['ros']
[0.234s] Level 1:colcon.colcon_core.package_identification:_identify(src/robotpadi_controller) by extension 'ros'
[0.237s] DEBUG:colcon.colcon_core.package_identification:Package 'src/robotpadi_controller' with type 'ros.ament_python' and name 'robotpadi_controller'
[0.237s] Level 1:colcon.colcon_core.package_identification:_identify(src/robotpadi_description) by extensions ['ignore', 'ignore_ament_install']
[0.237s] Level 1:colcon.colcon_core.package_identification:_identify(src/robotpadi_description) by extension 'ignore'
[0.237s] Level 1:colcon.colcon_core.package_identification:_identify(src/robotpadi_description) by extension 'ignore_ament_install'
[0.237s] Level 1:colcon.colcon_core.package_identification:_identify(src/robotpadi_description) by extensions ['colcon_pkg']
[0.237s] Level 1:colcon.colcon_core.package_identification:_identify(src/robotpadi_description) by extension 'colcon_pkg'
[0.237s] Level 1:colcon.colcon_core.package_identification:_identify(src/robotpadi_description) by extensions ['colcon_meta']
[0.237s] Level 1:colcon.colcon_core.package_identification:_identify(src/robotpadi_description) by extension 'colcon_meta'
[0.237s] Level 1:colcon.colcon_core.package_identification:_identify(src/robotpadi_description) by extensions ['ros']
[0.238s] Level 1:colcon.colcon_core.package_identification:_identify(src/robotpadi_description) by extension 'ros'
[0.238s] DEBUG:colcon.colcon_core.package_identification:Package 'src/robotpadi_description' with type 'ros.ament_python' and name 'robotpadi_description'
[0.239s] Level 1:colcon.colcon_core.package_discovery:discover_packages(recursive) using defaults
[0.239s] Level 1:colcon.colcon_core.package_discovery:discover_packages(ignore) discover
[0.239s] Level 1:colcon.colcon_core.package_discovery:discover_packages(ignore) using defaults
[0.239s] Level 1:colcon.colcon_core.package_discovery:discover_packages(path) discover
[0.239s] Level 1:colcon.colcon_core.package_discovery:discover_packages(path) using defaults
[0.259s] Level 1:colcon.colcon_core.package_discovery:discover_packages(prefix_path) check parameters
[0.259s] Level 1:colcon.colcon_core.package_discovery:discover_packages(prefix_path) discover
[0.261s] DEBUG:colcon.colcon_installed_package_information.package_discovery:Found 1 installed packages in /home/ubuntu/github/Omni-Directional-Mobile-Robot/install
[0.263s] DEBUG:colcon.colcon_installed_package_information.package_discovery:Found 378 installed packages in /opt/ros/jazzy
[0.265s] Level 1:colcon.colcon_core.package_discovery:discover_packages(prefix_path) using defaults
[0.317s] Level 5:colcon.colcon_core.verb:set package 'robotpadi_controller' build argument 'cmake_args' from command line to 'None'
[0.317s] Level 5:colcon.colcon_core.verb:set package 'robotpadi_controller' build argument 'cmake_target' from command line to 'None'
[0.317s] Level 5:colcon.colcon_core.verb:set package 'robotpadi_controller' build argument 'cmake_target_skip_unavailable' from command line to 'False'
[0.317s] Level 5:colcon.colcon_core.verb:set package 'robotpadi_controller' build argument 'cmake_clean_cache' from command line to 'False'
[0.317s] Level 5:colcon.colcon_core.verb:set package 'robotpadi_controller' build argument 'cmake_clean_first' from command line to 'False'
[0.317s] Level 5:colcon.colcon_core.verb:set package 'robotpadi_controller' build argument 'cmake_force_configure' from command line to 'False'
[0.317s] Level 5:colcon.colcon_core.verb:set package 'robotpadi_controller' build argument 'ament_cmake_args' from command line to 'None'
[0.317s] Level 5:colcon.colcon_core.verb:set package 'robotpadi_controller' build argument 'catkin_cmake_args' from command line to 'None'
[0.317s] Level 5:colcon.colcon_core.verb:set package 'robotpadi_controller' build argument 'catkin_skip_building_tests' from command line to 'False'
[0.317s] DEBUG:colcon.colcon_core.verb:Building package 'robotpadi_controller' with the following arguments: {'ament_cmake_args': None, 'build_base': '/home/ubuntu/github/Omni-Directional-Mobile-Robot/build/robotpadi_controller', 'catkin_cmake_args': None, 'catkin_skip_building_tests': False, 'cmake_args': None, 'cmake_clean_cache': False, 'cmake_clean_first': False, 'cmake_force_configure': False, 'cmake_target': None, 'cmake_target_skip_unavailable': False, 'install_base': '/home/ubuntu/github/Omni-Directional-Mobile-Robot/install/robotpadi_controller', 'merge_install': False, 'path': '/home/ubuntu/github/Omni-Directional-Mobile-Robot/src/robotpadi_controller', 'symlink_install': False, 'test_result_base': None}
[0.318s] Level 5:colcon.colcon_core.verb:set package 'robotpadi_description' build argument 'cmake_args' from command line to 'None'
[0.318s] Level 5:colcon.colcon_core.verb:set package 'robotpadi_description' build argument 'cmake_target' from command line to 'None'
[0.318s] Level 5:colcon.colcon_core.verb:set package 'robotpadi_description' build argument 'cmake_target_skip_unavailable' from command line to 'False'
[0.318s] Level 5:colcon.colcon_core.verb:set package 'robotpadi_description' build argument 'cmake_clean_cache' from command line to 'False'
[0.318s] Level 5:colcon.colcon_core.verb:set package 'robotpadi_description' build argument 'cmake_clean_first' from command line to 'False'
[0.318s] Level 5:colcon.colcon_core.verb:set package 'robotpadi_description' build argument 'cmake_force_configure' from command line to 'False'
[0.318s] Level 5:colcon.colcon_core.verb:set package 'robotpadi_description' build argument 'ament_cmake_args' from command line to 'None'
[0.318s] Level 5:colcon.colcon_core.verb:set package 'robotpadi_description' build argument 'catkin_cmake_args' from command line to 'None'
[0.318s] Level 5:colcon.colcon_core.verb:set package 'robotpadi_description' build argument 'catkin_skip_building_tests' from command line to 'False'
[0.318s] DEBUG:colcon.colcon_core.verb:Building package 'robotpadi_description' with the following arguments: {'ament_cmake_args': None, 'build_base': '/home/ubuntu/github/Omni-Directional-Mobile-Robot/build/robotpadi_description', 'catkin_cmake_args': None, 'catkin_skip_building_tests': False, 'cmake_args': None, 'cmake_clean_cache': False, 'cmake_clean_first': False, 'cmake_force_configure': False, 'cmake_target': None, 'cmake_target_skip_unavailable': False, 'install_base': '/home/ubuntu/github/Omni-Directional-Mobile-Robot/install/robotpadi_description', 'merge_install': False, 'path': '/home/ubuntu/github/Omni-Directional-Mobile-Robot/src/robotpadi_description', 'symlink_install': False, 'test_result_base': None}
[0.318s] INFO:colcon.colcon_core.executor:Executing jobs using 'parallel' executor
[0.320s] DEBUG:colcon.colcon_parallel_executor.executor.parallel:run_until_complete
[0.320s] INFO:colcon.colcon_ros.task.ament_python.build:Building ROS package in '/home/ubuntu/github/Omni-Directional-Mobile-Robot/src/robotpadi_controller' with build type 'ament_python'
[0.321s] Level 1:colcon.colcon_core.shell:create_environment_hook('robotpadi_controller', 'ament_prefix_path')
[0.323s] INFO:colcon.colcon_core.plugin_system:Skipping extension 'colcon_core.shell.bat': Not used on non-Windows systems
[0.323s] INFO:colcon.colcon_core.shell:Creating environment hook '/home/ubuntu/github/Omni-Directional-Mobile-Robot/install/robotpadi_controller/share/robotpadi_controller/hook/ament_prefix_path.ps1'
[0.325s] INFO:colcon.colcon_core.shell:Creating environment descriptor '/home/ubuntu/github/Omni-Directional-Mobile-Robot/install/robotpadi_controller/share/robotpadi_controller/hook/ament_prefix_path.dsv'
[0.326s] INFO:colcon.colcon_core.shell:Creating environment hook '/home/ubuntu/github/Omni-Directional-Mobile-Robot/install/robotpadi_controller/share/robotpadi_controller/hook/ament_prefix_path.sh'
[0.327s] INFO:colcon.colcon_core.shell:Skip shell extension 'powershell' for command environment: Not usable outside of PowerShell
[0.327s] DEBUG:colcon.colcon_core.shell:Skip shell extension 'dsv' for command environment
[0.332s] INFO:colcon.colcon_ros.task.ament_python.build:Building ROS package in '/home/ubuntu/github/Omni-Directional-Mobile-Robot/src/robotpadi_description' with build type 'ament_python'
[0.333s] Level 1:colcon.colcon_core.shell:create_environment_hook('robotpadi_description', 'ament_prefix_path')
[0.333s] INFO:colcon.colcon_core.shell:Creating environment hook '/home/ubuntu/github/Omni-Directional-Mobile-Robot/install/robotpadi_description/share/robotpadi_description/hook/ament_prefix_path.ps1'
[0.335s] INFO:colcon.colcon_core.shell:Creating environment descriptor '/home/ubuntu/github/Omni-Directional-Mobile-Robot/install/robotpadi_description/share/robotpadi_description/hook/ament_prefix_path.dsv'
[0.336s] INFO:colcon.colcon_core.shell:Creating environment hook '/home/ubuntu/github/Omni-Directional-Mobile-Robot/install/robotpadi_description/share/robotpadi_description/hook/ament_prefix_path.sh'
[0.338s] INFO:colcon.colcon_core.shell:Skip shell extension 'powershell' for command environment: Not usable outside of PowerShell
[0.338s] DEBUG:colcon.colcon_core.shell:Skip shell extension 'dsv' for command environment
[0.631s] INFO:colcon.colcon_core.task.python.build:Building Python package in '/home/ubuntu/github/Omni-Directional-Mobile-Robot/src/robotpadi_controller'
[0.632s] INFO:colcon.colcon_core.shell:Skip shell extension 'powershell' for command environment: Not usable outside of PowerShell
[0.632s] DEBUG:colcon.colcon_core.shell:Skip shell extension 'dsv' for command environment
[0.923s] INFO:colcon.colcon_core.task.python.build:Building Python package in '/home/ubuntu/github/Omni-Directional-Mobile-Robot/src/robotpadi_description'
[0.924s] INFO:colcon.colcon_core.shell:Skip shell extension 'powershell' for command environment: Not usable outside of PowerShell
[0.924s] DEBUG:colcon.colcon_core.shell:Skip shell extension 'dsv' for command environment
[1.684s] DEBUG:colcon.colcon_core.event_handler.log_command:Invoking command in '/home/ubuntu/github/Omni-Directional-Mobile-Robot/src/robotpadi_description': DEBUGINFOD_URLS=https://debuginfod.ubuntu.com PYTHONPATH=/home/ubuntu/github/Omni-Directional-Mobile-Robot/build/robotpadi_description/prefix_override:/usr/lib/python3/dist-packages/colcon_core/task/python/colcon_distutils_commands:/home/ubuntu/github/Omni-Directional-Mobile-Robot/install/robotpadi_description/lib/python3.12/site-packages:${PYTHONPATH} /usr/bin/python3 -W ignore:setup.py install is deprecated -W ignore:easy_install command is deprecated setup.py egg_info --egg-base ../../build/robotpadi_description build --build-base /home/ubuntu/github/Omni-Directional-Mobile-Robot/build/robotpadi_description/build install --record /home/ubuntu/github/Omni-Directional-Mobile-Robot/build/robotpadi_description/install.log --single-version-externally-managed install_data
[1.726s] DEBUG:colcon.colcon_core.event_handler.log_command:Invoking command in '/home/ubuntu/github/Omni-Directional-Mobile-Robot/src/robotpadi_controller': DEBUGINFOD_URLS=https://debuginfod.ubuntu.com PYTHONPATH=/home/ubuntu/github/Omni-Directional-Mobile-Robot/build/robotpadi_controller/prefix_override:/usr/lib/python3/dist-packages/colcon_core/task/python/colcon_distutils_commands:/home/ubuntu/github/Omni-Directional-Mobile-Robot/install/robotpadi_controller/lib/python3.12/site-packages:${PYTHONPATH} /usr/bin/python3 -W ignore:setup.py install is deprecated -W ignore:easy_install command is deprecated setup.py egg_info --egg-base ../../build/robotpadi_controller build --build-base /home/ubuntu/github/Omni-Directional-Mobile-Robot/build/robotpadi_controller/build install --record /home/ubuntu/github/Omni-Directional-Mobile-Robot/build/robotpadi_controller/install.log --single-version-externally-managed install_data
[2.430s] DEBUG:colcon.colcon_core.event_handler.log_command:Invoked command in '/home/ubuntu/github/Omni-Directional-Mobile-Robot/src/robotpadi_description' returned '0': DEBUGINFOD_URLS=https://debuginfod.ubuntu.com PYTHONPATH=/home/ubuntu/github/Omni-Directional-Mobile-Robot/build/robotpadi_description/prefix_override:/usr/lib/python3/dist-packages/colcon_core/task/python/colcon_distutils_commands:/home/ubuntu/github/Omni-Directional-Mobile-Robot/install/robotpadi_description/lib/python3.12/site-packages:${PYTHONPATH} /usr/bin/python3 -W ignore:setup.py install is deprecated -W ignore:easy_install command is deprecated setup.py egg_info --egg-base ../../build/robotpadi_description build --build-base /home/ubuntu/github/Omni-Directional-Mobile-Robot/build/robotpadi_description/build install --record /home/ubuntu/github/Omni-Directional-Mobile-Robot/build/robotpadi_description/install.log --single-version-externally-managed install_data
[2.431s] Level 1:colcon.colcon_core.environment:checking '/home/ubuntu/github/Omni-Directional-Mobile-Robot/install/robotpadi_description' for CMake module files
[2.432s] Level 1:colcon.colcon_core.environment:checking '/home/ubuntu/github/Omni-Directional-Mobile-Robot/install/robotpadi_description' for CMake config files
[2.433s] Level 1:colcon.colcon_core.environment:checking '/home/ubuntu/github/Omni-Directional-Mobile-Robot/install/robotpadi_description/lib'
[2.434s] Level 1:colcon.colcon_core.environment:checking '/home/ubuntu/github/Omni-Directional-Mobile-Robot/install/robotpadi_description/bin'
[2.434s] Level 1:colcon.colcon_core.environment:checking '/home/ubuntu/github/Omni-Directional-Mobile-Robot/install/robotpadi_description/lib/pkgconfig/robotpadi_description.pc'
[2.434s] Level 1:colcon.colcon_core.environment:checking '/home/ubuntu/github/Omni-Directional-Mobile-Robot/install/robotpadi_description/lib/python3.12/site-packages'
[2.434s] Level 1:colcon.colcon_core.shell:create_environment_hook('robotpadi_description', 'pythonpath')
[2.434s] INFO:colcon.colcon_core.shell:Creating environment hook '/home/ubuntu/github/Omni-Directional-Mobile-Robot/install/robotpadi_description/share/robotpadi_description/hook/pythonpath.ps1'
[2.436s] INFO:colcon.colcon_core.shell:Creating environment descriptor '/home/ubuntu/github/Omni-Directional-Mobile-Robot/install/robotpadi_description/share/robotpadi_description/hook/pythonpath.dsv'
[2.436s] INFO:colcon.colcon_core.shell:Creating environment hook '/home/ubuntu/github/Omni-Directional-Mobile-Robot/install/robotpadi_description/share/robotpadi_description/hook/pythonpath.sh'
[2.438s] Level 1:colcon.colcon_core.environment:checking '/home/ubuntu/github/Omni-Directional-Mobile-Robot/install/robotpadi_description/bin'
[2.438s] Level 1:colcon.colcon_core.environment:create_environment_scripts_only(robotpadi_description)
[2.438s] INFO:colcon.colcon_core.shell:Creating package script '/home/ubuntu/github/Omni-Directional-Mobile-Robot/install/robotpadi_description/share/robotpadi_description/package.ps1'
[2.440s] INFO:colcon.colcon_core.shell:Creating package descriptor '/home/ubuntu/github/Omni-Directional-Mobile-Robot/install/robotpadi_description/share/robotpadi_description/package.dsv'
[2.442s] INFO:colcon.colcon_core.shell:Creating package script '/home/ubuntu/github/Omni-Directional-Mobile-Robot/install/robotpadi_description/share/robotpadi_description/package.sh'
[2.443s] INFO:colcon.colcon_core.shell:Creating package script '/home/ubuntu/github/Omni-Directional-Mobile-Robot/install/robotpadi_description/share/robotpadi_description/package.bash'
[2.445s] INFO:colcon.colcon_core.shell:Creating package script '/home/ubuntu/github/Omni-Directional-Mobile-Robot/install/robotpadi_description/share/robotpadi_description/package.zsh'
[2.448s] Level 1:colcon.colcon_core.environment:create_file_with_runtime_dependencies(/home/ubuntu/github/Omni-Directional-Mobile-Robot/install/robotpadi_description/share/colcon-core/packages/robotpadi_description)
[2.451s] Level 1:colcon.colcon_core.environment:checking '/home/ubuntu/github/Omni-Directional-Mobile-Robot/install/robotpadi_controller' for CMake module files
[2.452s] Level 1:colcon.colcon_core.environment:checking '/home/ubuntu/github/Omni-Directional-Mobile-Robot/install/robotpadi_controller' for CMake config files
[2.453s] DEBUG:colcon.colcon_core.event_handler.log_command:Invoked command in '/home/ubuntu/github/Omni-Directional-Mobile-Robot/src/robotpadi_controller' returned '0': DEBUGINFOD_URLS=https://debuginfod.ubuntu.com PYTHONPATH=/home/ubuntu/github/Omni-Directional-Mobile-Robot/build/robotpadi_controller/prefix_override:/usr/lib/python3/dist-packages/colcon_core/task/python/colcon_distutils_commands:/home/ubuntu/github/Omni-Directional-Mobile-Robot/install/robotpadi_controller/lib/python3.12/site-packages:${PYTHONPATH} /usr/bin/python3 -W ignore:setup.py install is deprecated -W ignore:easy_install command is deprecated setup.py egg_info --egg-base ../../build/robotpadi_controller build --build-base /home/ubuntu/github/Omni-Directional-Mobile-Robot/build/robotpadi_controller/build install --record /home/ubuntu/github/Omni-Directional-Mobile-Robot/build/robotpadi_controller/install.log --single-version-externally-managed install_data
[2.454s] Level 1:colcon.colcon_core.environment:checking '/home/ubuntu/github/Omni-Directional-Mobile-Robot/install/robotpadi_controller/lib'
[2.454s] Level 1:colcon.colcon_core.environment:checking '/home/ubuntu/github/Omni-Directional-Mobile-Robot/install/robotpadi_controller/bin'
[2.454s] Level 1:colcon.colcon_core.environment:checking '/home/ubuntu/github/Omni-Directional-Mobile-Robot/install/robotpadi_controller/lib/pkgconfig/robotpadi_controller.pc'
[2.454s] Level 1:colcon.colcon_core.environment:checking '/home/ubuntu/github/Omni-Directional-Mobile-Robot/install/robotpadi_controller/lib/python3.12/site-packages'
[2.455s] Level 1:colcon.colcon_core.shell:create_environment_hook('robotpadi_controller', 'pythonpath')
[2.455s] INFO:colcon.colcon_core.shell:Creating environment hook '/home/ubuntu/github/Omni-Directional-Mobile-Robot/install/robotpadi_controller/share/robotpadi_controller/hook/pythonpath.ps1'
[2.456s] INFO:colcon.colcon_core.shell:Creating environment descriptor '/home/ubuntu/github/Omni-Directional-Mobile-Robot/install/robotpadi_controller/share/robotpadi_controller/hook/pythonpath.dsv'
[2.457s] INFO:colcon.colcon_core.shell:Creating environment hook '/home/ubuntu/github/Omni-Directional-Mobile-Robot/install/robotpadi_controller/share/robotpadi_controller/hook/pythonpath.sh'
[2.460s] Level 1:colcon.colcon_core.environment:checking '/home/ubuntu/github/Omni-Directional-Mobile-Robot/install/robotpadi_controller/bin'
[2.460s] Level 1:colcon.colcon_core.environment:create_environment_scripts_only(robotpadi_controller)
[2.461s] INFO:colcon.colcon_core.shell:Creating package script '/home/ubuntu/github/Omni-Directional-Mobile-Robot/install/robotpadi_controller/share/robotpadi_controller/package.ps1'
[2.462s] INFO:colcon.colcon_core.shell:Creating package descriptor '/home/ubuntu/github/Omni-Directional-Mobile-Robot/install/robotpadi_controller/share/robotpadi_controller/package.dsv'
[2.463s] INFO:colcon.colcon_core.shell:Creating package script '/home/ubuntu/github/Omni-Directional-Mobile-Robot/install/robotpadi_controller/share/robotpadi_controller/package.sh'
[2.463s] INFO:colcon.colcon_core.shell:Creating package script '/home/ubuntu/github/Omni-Directional-Mobile-Robot/install/robotpadi_controller/share/robotpadi_controller/package.bash'
[2.464s] INFO:colcon.colcon_core.shell:Creating package script '/home/ubuntu/github/Omni-Directional-Mobile-Robot/install/robotpadi_controller/share/robotpadi_controller/package.zsh'
[2.464s] Level 1:colcon.colcon_core.environment:create_file_with_runtime_dependencies(/home/ubuntu/github/Omni-Directional-Mobile-Robot/install/robotpadi_controller/share/colcon-core/packages/robotpadi_controller)
[2.466s] DEBUG:colcon.colcon_parallel_executor.executor.parallel:closing loop
[2.466s] DEBUG:colcon.colcon_parallel_executor.executor.parallel:loop closed
[2.467s] DEBUG:colcon.colcon_parallel_executor.executor.parallel:run_until_complete finished with '0'
[2.467s] DEBUG:colcon.colcon_core.event_reactor:joining thread
[2.485s] INFO:colcon.colcon_core.plugin_system:Skipping extension 'colcon_notification.desktop_notification.terminal_notifier': Not used on non-Darwin systems
[2.485s] INFO:colcon.colcon_core.plugin_system:Skipping extension 'colcon_notification.desktop_notification.win32': Not used on non-Windows systems
[2.485s] INFO:colcon.colcon_notification.desktop_notification:Sending desktop notification using 'notify2'
[2.511s] DEBUG:colcon.colcon_core.event_reactor:joined thread
[2.512s] INFO:colcon.colcon_core.shell:Creating prefix script '/home/ubuntu/github/Omni-Directional-Mobile-Robot/install/local_setup.ps1'
[2.513s] INFO:colcon.colcon_core.shell:Creating prefix util module '/home/ubuntu/github/Omni-Directional-Mobile-Robot/install/_local_setup_util_ps1.py'
[2.515s] INFO:colcon.colcon_core.shell:Creating prefix chain script '/home/ubuntu/github/Omni-Directional-Mobile-Robot/install/setup.ps1'
[2.518s] INFO:colcon.colcon_core.shell:Creating prefix script '/home/ubuntu/github/Omni-Directional-Mobile-Robot/install/local_setup.sh'
[2.519s] INFO:colcon.colcon_core.shell:Creating prefix util module '/home/ubuntu/github/Omni-Directional-Mobile-Robot/install/_local_setup_util_sh.py'
[2.520s] INFO:colcon.colcon_core.shell:Creating prefix chain script '/home/ubuntu/github/Omni-Directional-Mobile-Robot/install/setup.sh'
[2.523s] INFO:colcon.colcon_core.shell:Creating prefix script '/home/ubuntu/github/Omni-Directional-Mobile-Robot/install/local_setup.bash'
[2.524s] INFO:colcon.colcon_core.shell:Creating prefix chain script '/home/ubuntu/github/Omni-Directional-Mobile-Robot/install/setup.bash'
[2.526s] INFO:colcon.colcon_core.shell:Creating prefix script '/home/ubuntu/github/Omni-Directional-Mobile-Robot/install/local_setup.zsh'
[2.527s] INFO:colcon.colcon_core.shell:Creating prefix chain script '/home/ubuntu/github/Omni-Directional-Mobile-Robot/install/setup.zsh'
