[0.200s] DEBUG:colcon:Command line arguments: ['/usr/bin/colcon', 'build']
[0.200s] DEBUG:colcon:Parsed command line arguments: Namespace(log_base=None, log_level=None, verb_name='build', build_base='build', install_base='install', merge_install=False, symlink_install=False, test_result_base=None, continue_on_error=False, executor='parallel', parallel_workers=8, event_handlers=None, ignore_user_meta=False, metas=['./colcon.meta'], base_paths=['.'], packages_ignore=None, packages_ignore_regex=None, paths=None, packages_up_to=None, packages_up_to_regex=None, packages_above=None, packages_above_and_dependencies=None, packages_above_depth=None, packages_select_by_dep=None, packages_skip_by_dep=None, packages_skip_up_to=None, packages_select_build_failed=False, packages_skip_build_finished=False, packages_select_test_failures=False, packages_skip_test_passed=False, packages_select=None, packages_skip=None, packages_select_regex=None, packages_skip_regex=None, packages_start=None, packages_end=None, allow_overriding=[], cmake_args=None, cmake_target=None, cmake_target_skip_unavailable=False, cmake_clean_cache=False, cmake_clean_first=False, cmake_force_configure=False, ament_cmake_args=None, catkin_cmake_args=None, catkin_skip_building_tests=False, mixin_files=None, mixin=None, verb_parser=<colcon_mixin.mixin.mixin_argument.MixinArgumentDecorator object at 0x7ddcdc998830>, verb_extension=<colcon_core.verb.build.BuildVerb object at 0x7ddcdcab90a0>, main=<bound method BuildVerb.main of <colcon_core.verb.build.BuildVerb object at 0x7ddcdcab90a0>>, mixin_verb=('build',))
[0.262s] Level 1:colcon.colcon_core.package_discovery:discover_packages(colcon_meta) check parameters
[0.263s] Level 1:colcon.colcon_core.package_discovery:discover_packages(recursive) check parameters
[0.263s] Level 1:colcon.colcon_core.package_discovery:discover_packages(ignore) check parameters
[0.263s] Level 1:colcon.colcon_core.package_discovery:discover_packages(path) check parameters
[0.263s] Level 1:colcon.colcon_core.package_discovery:discover_packages(colcon_meta) discover
[0.264s] Level 1:colcon.colcon_core.package_discovery:discover_packages(recursive) discover
[0.264s] INFO:colcon.colcon_core.package_discovery:Crawling recursively for packages in '/home/ubuntu/github/Omni-Directional-Mobile-Robot'
[0.264s] Level 1:colcon.colcon_core.package_identification:_identify(.) by extensions ['ignore', 'ignore_ament_install']
[0.264s] Level 1:colcon.colcon_core.package_identification:_identify(.) by extension 'ignore'
[0.264s] Level 1:colcon.colcon_core.package_identification:_identify(.) by extension 'ignore_ament_install'
[0.264s] Level 1:colcon.colcon_core.package_identification:_identify(.) by extensions ['colcon_pkg']
[0.264s] Level 1:colcon.colcon_core.package_identification:_identify(.) by extension 'colcon_pkg'
[0.264s] Level 1:colcon.colcon_core.package_identification:_identify(.) by extensions ['colcon_meta']
[0.264s] Level 1:colcon.colcon_core.package_identification:_identify(.) by extension 'colcon_meta'
[0.264s] Level 1:colcon.colcon_core.package_identification:_identify(.) by extensions ['ros']
[0.264s] Level 1:colcon.colcon_core.package_identification:_identify(.) by extension 'ros'
[0.301s] Level 1:colcon.colcon_core.package_identification:_identify(.) by extensions ['cmake', 'python']
[0.301s] Level 1:colcon.colcon_core.package_identification:_identify(.) by extension 'cmake'
[0.301s] Level 1:colcon.colcon_core.package_identification:_identify(.) by extension 'python'
[0.301s] Level 1:colcon.colcon_core.package_identification:_identify(.) by extensions ['python_setup_py']
[0.301s] Level 1:colcon.colcon_core.package_identification:_identify(.) by extension 'python_setup_py'
[0.301s] Level 1:colcon.colcon_core.package_identification:_identify(build) by extensions ['ignore', 'ignore_ament_install']
[0.301s] Level 1:colcon.colcon_core.package_identification:_identify(build) by extension 'ignore'
[0.301s] Level 1:colcon.colcon_core.package_identification:_identify(build) ignored
[0.302s] Level 1:colcon.colcon_core.package_identification:_identify(install) by extensions ['ignore', 'ignore_ament_install']
[0.302s] Level 1:colcon.colcon_core.package_identification:_identify(install) by extension 'ignore'
[0.302s] Level 1:colcon.colcon_core.package_identification:_identify(install) ignored
[0.302s] Level 1:colcon.colcon_core.package_identification:_identify(log) by extensions ['ignore', 'ignore_ament_install']
[0.302s] Level 1:colcon.colcon_core.package_identification:_identify(log) by extension 'ignore'
[0.302s] Level 1:colcon.colcon_core.package_identification:_identify(log) ignored
[0.302s] Level 1:colcon.colcon_core.package_identification:_identify(src) by extensions ['ignore', 'ignore_ament_install']
[0.302s] Level 1:colcon.colcon_core.package_identification:_identify(src) by extension 'ignore'
[0.302s] Level 1:colcon.colcon_core.package_identification:_identify(src) by extension 'ignore_ament_install'
[0.302s] Level 1:colcon.colcon_core.package_identification:_identify(src) by extensions ['colcon_pkg']
[0.302s] Level 1:colcon.colcon_core.package_identification:_identify(src) by extension 'colcon_pkg'
[0.302s] Level 1:colcon.colcon_core.package_identification:_identify(src) by extensions ['colcon_meta']
[0.302s] Level 1:colcon.colcon_core.package_identification:_identify(src) by extension 'colcon_meta'
[0.302s] Level 1:colcon.colcon_core.package_identification:_identify(src) by extensions ['ros']
[0.302s] Level 1:colcon.colcon_core.package_identification:_identify(src) by extension 'ros'
[0.303s] Level 1:colcon.colcon_core.package_identification:_identify(src) by extensions ['cmake', 'python']
[0.303s] Level 1:colcon.colcon_core.package_identification:_identify(src) by extension 'cmake'
[0.303s] Level 1:colcon.colcon_core.package_identification:_identify(src) by extension 'python'
[0.303s] Level 1:colcon.colcon_core.package_identification:_identify(src) by extensions ['python_setup_py']
[0.303s] Level 1:colcon.colcon_core.package_identification:_identify(src) by extension 'python_setup_py'
[0.303s] Level 1:colcon.colcon_core.package_identification:_identify(src/robotpadi_controller) by extensions ['ignore', 'ignore_ament_install']
[0.303s] Level 1:colcon.colcon_core.package_identification:_identify(src/robotpadi_controller) by extension 'ignore'
[0.303s] Level 1:colcon.colcon_core.package_identification:_identify(src/robotpadi_controller) by extension 'ignore_ament_install'
[0.304s] Level 1:colcon.colcon_core.package_identification:_identify(src/robotpadi_controller) by extensions ['colcon_pkg']
[0.304s] Level 1:colcon.colcon_core.package_identification:_identify(src/robotpadi_controller) by extension 'colcon_pkg'
[0.304s] Level 1:colcon.colcon_core.package_identification:_identify(src/robotpadi_controller) by extensions ['colcon_meta']
[0.304s] Level 1:colcon.colcon_core.package_identification:_identify(src/robotpadi_controller) by extension 'colcon_meta'
[0.304s] Level 1:colcon.colcon_core.package_identification:_identify(src/robotpadi_controller) by extensions ['ros']
[0.304s] Level 1:colcon.colcon_core.package_identification:_identify(src/robotpadi_controller) by extension 'ros'
[0.308s] DEBUG:colcon.colcon_core.package_identification:Package 'src/robotpadi_controller' with type 'ros.ament_python' and name 'robotpadi_controller'
[0.308s] Level 1:colcon.colcon_core.package_identification:_identify(src/robotpadi_description) by extensions ['ignore', 'ignore_ament_install']
[0.309s] Level 1:colcon.colcon_core.package_identification:_identify(src/robotpadi_description) by extension 'ignore'
[0.309s] Level 1:colcon.colcon_core.package_identification:_identify(src/robotpadi_description) by extension 'ignore_ament_install'
[0.309s] Level 1:colcon.colcon_core.package_identification:_identify(src/robotpadi_description) by extensions ['colcon_pkg']
[0.309s] Level 1:colcon.colcon_core.package_identification:_identify(src/robotpadi_description) by extension 'colcon_pkg'
[0.310s] Level 1:colcon.colcon_core.package_identification:_identify(src/robotpadi_description) by extensions ['colcon_meta']
[0.310s] Level 1:colcon.colcon_core.package_identification:_identify(src/robotpadi_description) by extension 'colcon_meta'
[0.310s] Level 1:colcon.colcon_core.package_identification:_identify(src/robotpadi_description) by extensions ['ros']
[0.310s] Level 1:colcon.colcon_core.package_identification:_identify(src/robotpadi_description) by extension 'ros'
[0.311s] DEBUG:colcon.colcon_core.package_identification:Package 'src/robotpadi_description' with type 'ros.ament_python' and name 'robotpadi_description'
[0.311s] Level 1:colcon.colcon_core.package_discovery:discover_packages(recursive) using defaults
[0.311s] Level 1:colcon.colcon_core.package_discovery:discover_packages(ignore) discover
[0.311s] Level 1:colcon.colcon_core.package_discovery:discover_packages(ignore) using defaults
[0.311s] Level 1:colcon.colcon_core.package_discovery:discover_packages(path) discover
[0.312s] Level 1:colcon.colcon_core.package_discovery:discover_packages(path) using defaults
[0.337s] Level 1:colcon.colcon_core.package_discovery:discover_packages(prefix_path) check parameters
[0.337s] Level 1:colcon.colcon_core.package_discovery:discover_packages(prefix_path) discover
[0.339s] DEBUG:colcon.colcon_installed_package_information.package_discovery:Found 2 installed packages in /home/ubuntu/github/Omni-Directional-Mobile-Robot/install
[0.342s] DEBUG:colcon.colcon_installed_package_information.package_discovery:Found 378 installed packages in /opt/ros/jazzy
[0.345s] Level 1:colcon.colcon_core.package_discovery:discover_packages(prefix_path) using defaults
[0.408s] Level 5:colcon.colcon_core.verb:set package 'robotpadi_controller' build argument 'cmake_args' from command line to 'None'
[0.408s] Level 5:colcon.colcon_core.verb:set package 'robotpadi_controller' build argument 'cmake_target' from command line to 'None'
[0.408s] Level 5:colcon.colcon_core.verb:set package 'robotpadi_controller' build argument 'cmake_target_skip_unavailable' from command line to 'False'
[0.408s] Level 5:colcon.colcon_core.verb:set package 'robotpadi_controller' build argument 'cmake_clean_cache' from command line to 'False'
[0.408s] Level 5:colcon.colcon_core.verb:set package 'robotpadi_controller' build argument 'cmake_clean_first' from command line to 'False'
[0.408s] Level 5:colcon.colcon_core.verb:set package 'robotpadi_controller' build argument 'cmake_force_configure' from command line to 'False'
[0.408s] Level 5:colcon.colcon_core.verb:set package 'robotpadi_controller' build argument 'ament_cmake_args' from command line to 'None'
[0.408s] Level 5:colcon.colcon_core.verb:set package 'robotpadi_controller' build argument 'catkin_cmake_args' from command line to 'None'
[0.408s] Level 5:colcon.colcon_core.verb:set package 'robotpadi_controller' build argument 'catkin_skip_building_tests' from command line to 'False'
[0.408s] DEBUG:colcon.colcon_core.verb:Building package 'robotpadi_controller' with the following arguments: {'ament_cmake_args': None, 'build_base': '/home/ubuntu/github/Omni-Directional-Mobile-Robot/build/robotpadi_controller', 'catkin_cmake_args': None, 'catkin_skip_building_tests': False, 'cmake_args': None, 'cmake_clean_cache': False, 'cmake_clean_first': False, 'cmake_force_configure': False, 'cmake_target': None, 'cmake_target_skip_unavailable': False, 'install_base': '/home/ubuntu/github/Omni-Directional-Mobile-Robot/install/robotpadi_controller', 'merge_install': False, 'path': '/home/ubuntu/github/Omni-Directional-Mobile-Robot/src/robotpadi_controller', 'symlink_install': False, 'test_result_base': None}
[0.408s] Level 5:colcon.colcon_core.verb:set package 'robotpadi_description' build argument 'cmake_args' from command line to 'None'
[0.408s] Level 5:colcon.colcon_core.verb:set package 'robotpadi_description' build argument 'cmake_target' from command line to 'None'
[0.408s] Level 5:colcon.colcon_core.verb:set package 'robotpadi_description' build argument 'cmake_target_skip_unavailable' from command line to 'False'
[0.408s] Level 5:colcon.colcon_core.verb:set package 'robotpadi_description' build argument 'cmake_clean_cache' from command line to 'False'
[0.408s] Level 5:colcon.colcon_core.verb:set package 'robotpadi_description' build argument 'cmake_clean_first' from command line to 'False'
[0.408s] Level 5:colcon.colcon_core.verb:set package 'robotpadi_description' build argument 'cmake_force_configure' from command line to 'False'
[0.408s] Level 5:colcon.colcon_core.verb:set package 'robotpadi_description' build argument 'ament_cmake_args' from command line to 'None'
[0.408s] Level 5:colcon.colcon_core.verb:set package 'robotpadi_description' build argument 'catkin_cmake_args' from command line to 'None'
[0.409s] Level 5:colcon.colcon_core.verb:set package 'robotpadi_description' build argument 'catkin_skip_building_tests' from command line to 'False'
[0.409s] DEBUG:colcon.colcon_core.verb:Building package 'robotpadi_description' with the following arguments: {'ament_cmake_args': None, 'build_base': '/home/ubuntu/github/Omni-Directional-Mobile-Robot/build/robotpadi_description', 'catkin_cmake_args': None, 'catkin_skip_building_tests': False, 'cmake_args': None, 'cmake_clean_cache': False, 'cmake_clean_first': False, 'cmake_force_configure': False, 'cmake_target': None, 'cmake_target_skip_unavailable': False, 'install_base': '/home/ubuntu/github/Omni-Directional-Mobile-Robot/install/robotpadi_description', 'merge_install': False, 'path': '/home/ubuntu/github/Omni-Directional-Mobile-Robot/src/robotpadi_description', 'symlink_install': False, 'test_result_base': None}
[0.409s] INFO:colcon.colcon_core.executor:Executing jobs using 'parallel' executor
[0.410s] DEBUG:colcon.colcon_parallel_executor.executor.parallel:run_until_complete
[0.411s] INFO:colcon.colcon_ros.task.ament_python.build:Building ROS package in '/home/ubuntu/github/Omni-Directional-Mobile-Robot/src/robotpadi_controller' with build type 'ament_python'
[0.411s] Level 1:colcon.colcon_core.shell:create_environment_hook('robotpadi_controller', 'ament_prefix_path')
[0.413s] INFO:colcon.colcon_core.plugin_system:Skipping extension 'colcon_core.shell.bat': Not used on non-Windows systems
[0.414s] INFO:colcon.colcon_core.shell:Creating environment hook '/home/ubuntu/github/Omni-Directional-Mobile-Robot/install/robotpadi_controller/share/robotpadi_controller/hook/ament_prefix_path.ps1'
[0.415s] INFO:colcon.colcon_core.shell:Creating environment descriptor '/home/ubuntu/github/Omni-Directional-Mobile-Robot/install/robotpadi_controller/share/robotpadi_controller/hook/ament_prefix_path.dsv'
[0.416s] INFO:colcon.colcon_core.shell:Creating environment hook '/home/ubuntu/github/Omni-Directional-Mobile-Robot/install/robotpadi_controller/share/robotpadi_controller/hook/ament_prefix_path.sh'
[0.419s] INFO:colcon.colcon_core.shell:Skip shell extension 'powershell' for command environment: Not usable outside of PowerShell
[0.419s] DEBUG:colcon.colcon_core.shell:Skip shell extension 'dsv' for command environment
[0.428s] INFO:colcon.colcon_ros.task.ament_python.build:Building ROS package in '/home/ubuntu/github/Omni-Directional-Mobile-Robot/src/robotpadi_description' with build type 'ament_python'
[0.429s] Level 1:colcon.colcon_core.shell:create_environment_hook('robotpadi_description', 'ament_prefix_path')
[0.429s] INFO:colcon.colcon_core.shell:Creating environment hook '/home/ubuntu/github/Omni-Directional-Mobile-Robot/install/robotpadi_description/share/robotpadi_description/hook/ament_prefix_path.ps1'
[0.431s] INFO:colcon.colcon_core.shell:Creating environment descriptor '/home/ubuntu/github/Omni-Directional-Mobile-Robot/install/robotpadi_description/share/robotpadi_description/hook/ament_prefix_path.dsv'
[0.431s] INFO:colcon.colcon_core.shell:Creating environment hook '/home/ubuntu/github/Omni-Directional-Mobile-Robot/install/robotpadi_description/share/robotpadi_description/hook/ament_prefix_path.sh'
[0.432s] INFO:colcon.colcon_core.shell:Skip shell extension 'powershell' for command environment: Not usable outside of PowerShell
[0.432s] DEBUG:colcon.colcon_core.shell:Skip shell extension 'dsv' for command environment
[0.801s] INFO:colcon.colcon_core.task.python.build:Building Python package in '/home/ubuntu/github/Omni-Directional-Mobile-Robot/src/robotpadi_controller'
[0.801s] INFO:colcon.colcon_core.shell:Skip shell extension 'powershell' for command environment: Not usable outside of PowerShell
[0.802s] DEBUG:colcon.colcon_core.shell:Skip shell extension 'dsv' for command environment
[1.155s] INFO:colcon.colcon_core.task.python.build:Building Python package in '/home/ubuntu/github/Omni-Directional-Mobile-Robot/src/robotpadi_description'
[1.156s] INFO:colcon.colcon_core.shell:Skip shell extension 'powershell' for command environment: Not usable outside of PowerShell
[1.156s] DEBUG:colcon.colcon_core.shell:Skip shell extension 'dsv' for command environment
[2.166s] DEBUG:colcon.colcon_core.event_handler.log_command:Invoking command in '/home/ubuntu/github/Omni-Directional-Mobile-Robot/src/robotpadi_description': DEBUGINFOD_URLS=https://debuginfod.ubuntu.com PYTHONPATH=/home/ubuntu/github/Omni-Directional-Mobile-Robot/build/robotpadi_description/prefix_override:/usr/lib/python3/dist-packages/colcon_core/task/python/colcon_distutils_commands:/home/ubuntu/github/Omni-Directional-Mobile-Robot/install/robotpadi_description/lib/python3.12/site-packages:${PYTHONPATH} /usr/bin/python3 -W ignore:setup.py install is deprecated -W ignore:easy_install command is deprecated setup.py egg_info --egg-base ../../build/robotpadi_description build --build-base /home/ubuntu/github/Omni-Directional-Mobile-Robot/build/robotpadi_description/build install --record /home/ubuntu/github/Omni-Directional-Mobile-Robot/build/robotpadi_description/install.log --single-version-externally-managed install_data
[2.181s] DEBUG:colcon.colcon_core.event_handler.log_command:Invoking command in '/home/ubuntu/github/Omni-Directional-Mobile-Robot/src/robotpadi_controller': DEBUGINFOD_URLS=https://debuginfod.ubuntu.com PYTHONPATH=/home/ubuntu/github/Omni-Directional-Mobile-Robot/build/robotpadi_controller/prefix_override:/usr/lib/python3/dist-packages/colcon_core/task/python/colcon_distutils_commands:/home/ubuntu/github/Omni-Directional-Mobile-Robot/install/robotpadi_controller/lib/python3.12/site-packages:${PYTHONPATH} /usr/bin/python3 -W ignore:setup.py install is deprecated -W ignore:easy_install command is deprecated setup.py egg_info --egg-base ../../build/robotpadi_controller build --build-base /home/ubuntu/github/Omni-Directional-Mobile-Robot/build/robotpadi_controller/build install --record /home/ubuntu/github/Omni-Directional-Mobile-Robot/build/robotpadi_controller/install.log --single-version-externally-managed install_data
[3.034s] DEBUG:colcon.colcon_core.event_handler.log_command:Invoked command in '/home/ubuntu/github/Omni-Directional-Mobile-Robot/src/robotpadi_description' returned '0': DEBUGINFOD_URLS=https://debuginfod.ubuntu.com PYTHONPATH=/home/ubuntu/github/Omni-Directional-Mobile-Robot/build/robotpadi_description/prefix_override:/usr/lib/python3/dist-packages/colcon_core/task/python/colcon_distutils_commands:/home/ubuntu/github/Omni-Directional-Mobile-Robot/install/robotpadi_description/lib/python3.12/site-packages:${PYTHONPATH} /usr/bin/python3 -W ignore:setup.py install is deprecated -W ignore:easy_install command is deprecated setup.py egg_info --egg-base ../../build/robotpadi_description build --build-base /home/ubuntu/github/Omni-Directional-Mobile-Robot/build/robotpadi_description/build install --record /home/ubuntu/github/Omni-Directional-Mobile-Robot/build/robotpadi_description/install.log --single-version-externally-managed install_data
[3.037s] Level 1:colcon.colcon_core.environment:checking '/home/ubuntu/github/Omni-Directional-Mobile-Robot/install/robotpadi_description' for CMake module files
[3.039s] Level 1:colcon.colcon_core.environment:checking '/home/ubuntu/github/Omni-Directional-Mobile-Robot/install/robotpadi_description' for CMake config files
[3.044s] Level 1:colcon.colcon_core.environment:checking '/home/ubuntu/github/Omni-Directional-Mobile-Robot/install/robotpadi_description/lib'
[3.044s] Level 1:colcon.colcon_core.environment:checking '/home/ubuntu/github/Omni-Directional-Mobile-Robot/install/robotpadi_description/bin'
[3.044s] Level 1:colcon.colcon_core.environment:checking '/home/ubuntu/github/Omni-Directional-Mobile-Robot/install/robotpadi_description/lib/pkgconfig/robotpadi_description.pc'
[3.045s] Level 1:colcon.colcon_core.environment:checking '/home/ubuntu/github/Omni-Directional-Mobile-Robot/install/robotpadi_description/lib/python3.12/site-packages'
[3.045s] Level 1:colcon.colcon_core.shell:create_environment_hook('robotpadi_description', 'pythonpath')
[3.046s] INFO:colcon.colcon_core.shell:Creating environment hook '/home/ubuntu/github/Omni-Directional-Mobile-Robot/install/robotpadi_description/share/robotpadi_description/hook/pythonpath.ps1'
[3.047s] INFO:colcon.colcon_core.shell:Creating environment descriptor '/home/ubuntu/github/Omni-Directional-Mobile-Robot/install/robotpadi_description/share/robotpadi_description/hook/pythonpath.dsv'
[3.048s] INFO:colcon.colcon_core.shell:Creating environment hook '/home/ubuntu/github/Omni-Directional-Mobile-Robot/install/robotpadi_description/share/robotpadi_description/hook/pythonpath.sh'
[3.057s] Level 1:colcon.colcon_core.environment:checking '/home/ubuntu/github/Omni-Directional-Mobile-Robot/install/robotpadi_description/bin'
[3.058s] Level 1:colcon.colcon_core.environment:create_environment_scripts_only(robotpadi_description)
[3.058s] INFO:colcon.colcon_core.shell:Creating package script '/home/ubuntu/github/Omni-Directional-Mobile-Robot/install/robotpadi_description/share/robotpadi_description/package.ps1'
[3.069s] INFO:colcon.colcon_core.shell:Creating package descriptor '/home/ubuntu/github/Omni-Directional-Mobile-Robot/install/robotpadi_description/share/robotpadi_description/package.dsv'
[3.071s] INFO:colcon.colcon_core.shell:Creating package script '/home/ubuntu/github/Omni-Directional-Mobile-Robot/install/robotpadi_description/share/robotpadi_description/package.sh'
[3.075s] INFO:colcon.colcon_core.shell:Creating package script '/home/ubuntu/github/Omni-Directional-Mobile-Robot/install/robotpadi_description/share/robotpadi_description/package.bash'
[3.080s] INFO:colcon.colcon_core.shell:Creating package script '/home/ubuntu/github/Omni-Directional-Mobile-Robot/install/robotpadi_description/share/robotpadi_description/package.zsh'
[3.082s] Level 1:colcon.colcon_core.environment:create_file_with_runtime_dependencies(/home/ubuntu/github/Omni-Directional-Mobile-Robot/install/robotpadi_description/share/colcon-core/packages/robotpadi_description)
[3.152s] Level 1:colcon.colcon_core.environment:checking '/home/ubuntu/github/Omni-Directional-Mobile-Robot/install/robotpadi_controller' for CMake module files
[3.153s] DEBUG:colcon.colcon_core.event_handler.log_command:Invoked command in '/home/ubuntu/github/Omni-Directional-Mobile-Robot/src/robotpadi_controller' returned '0': DEBUGINFOD_URLS=https://debuginfod.ubuntu.com PYTHONPATH=/home/ubuntu/github/Omni-Directional-Mobile-Robot/build/robotpadi_controller/prefix_override:/usr/lib/python3/dist-packages/colcon_core/task/python/colcon_distutils_commands:/home/ubuntu/github/Omni-Directional-Mobile-Robot/install/robotpadi_controller/lib/python3.12/site-packages:${PYTHONPATH} /usr/bin/python3 -W ignore:setup.py install is deprecated -W ignore:easy_install command is deprecated setup.py egg_info --egg-base ../../build/robotpadi_controller build --build-base /home/ubuntu/github/Omni-Directional-Mobile-Robot/build/robotpadi_controller/build install --record /home/ubuntu/github/Omni-Directional-Mobile-Robot/build/robotpadi_controller/install.log --single-version-externally-managed install_data
[3.154s] Level 1:colcon.colcon_core.environment:checking '/home/ubuntu/github/Omni-Directional-Mobile-Robot/install/robotpadi_controller' for CMake config files
[3.155s] Level 1:colcon.colcon_core.environment:checking '/home/ubuntu/github/Omni-Directional-Mobile-Robot/install/robotpadi_controller/lib'
[3.155s] Level 1:colcon.colcon_core.environment:checking '/home/ubuntu/github/Omni-Directional-Mobile-Robot/install/robotpadi_controller/bin'
[3.155s] Level 1:colcon.colcon_core.environment:checking '/home/ubuntu/github/Omni-Directional-Mobile-Robot/install/robotpadi_controller/lib/pkgconfig/robotpadi_controller.pc'
[3.155s] Level 1:colcon.colcon_core.environment:checking '/home/ubuntu/github/Omni-Directional-Mobile-Robot/install/robotpadi_controller/lib/python3.12/site-packages'
[3.156s] Level 1:colcon.colcon_core.shell:create_environment_hook('robotpadi_controller', 'pythonpath')
[3.157s] INFO:colcon.colcon_core.shell:Creating environment hook '/home/ubuntu/github/Omni-Directional-Mobile-Robot/install/robotpadi_controller/share/robotpadi_controller/hook/pythonpath.ps1'
[3.158s] INFO:colcon.colcon_core.shell:Creating environment descriptor '/home/ubuntu/github/Omni-Directional-Mobile-Robot/install/robotpadi_controller/share/robotpadi_controller/hook/pythonpath.dsv'
[3.159s] INFO:colcon.colcon_core.shell:Creating environment hook '/home/ubuntu/github/Omni-Directional-Mobile-Robot/install/robotpadi_controller/share/robotpadi_controller/hook/pythonpath.sh'
[3.163s] Level 1:colcon.colcon_core.environment:checking '/home/ubuntu/github/Omni-Directional-Mobile-Robot/install/robotpadi_controller/bin'
[3.163s] Level 1:colcon.colcon_core.environment:create_environment_scripts_only(robotpadi_controller)
[3.164s] INFO:colcon.colcon_core.shell:Creating package script '/home/ubuntu/github/Omni-Directional-Mobile-Robot/install/robotpadi_controller/share/robotpadi_controller/package.ps1'
[3.165s] INFO:colcon.colcon_core.shell:Creating package descriptor '/home/ubuntu/github/Omni-Directional-Mobile-Robot/install/robotpadi_controller/share/robotpadi_controller/package.dsv'
[3.168s] INFO:colcon.colcon_core.shell:Creating package script '/home/ubuntu/github/Omni-Directional-Mobile-Robot/install/robotpadi_controller/share/robotpadi_controller/package.sh'
[3.169s] INFO:colcon.colcon_core.shell:Creating package script '/home/ubuntu/github/Omni-Directional-Mobile-Robot/install/robotpadi_controller/share/robotpadi_controller/package.bash'
[3.174s] INFO:colcon.colcon_core.shell:Creating package script '/home/ubuntu/github/Omni-Directional-Mobile-Robot/install/robotpadi_controller/share/robotpadi_controller/package.zsh'
[3.174s] Level 1:colcon.colcon_core.environment:create_file_with_runtime_dependencies(/home/ubuntu/github/Omni-Directional-Mobile-Robot/install/robotpadi_controller/share/colcon-core/packages/robotpadi_controller)
[3.175s] DEBUG:colcon.colcon_parallel_executor.executor.parallel:closing loop
[3.175s] DEBUG:colcon.colcon_parallel_executor.executor.parallel:loop closed
[3.178s] DEBUG:colcon.colcon_parallel_executor.executor.parallel:run_until_complete finished with '0'
[3.178s] DEBUG:colcon.colcon_core.event_reactor:joining thread
[3.199s] INFO:colcon.colcon_core.plugin_system:Skipping extension 'colcon_notification.desktop_notification.terminal_notifier': Not used on non-Darwin systems
[3.200s] INFO:colcon.colcon_core.plugin_system:Skipping extension 'colcon_notification.desktop_notification.win32': Not used on non-Windows systems
[3.200s] INFO:colcon.colcon_notification.desktop_notification:Sending desktop notification using 'notify2'
[3.236s] DEBUG:colcon.colcon_core.event_reactor:joined thread
[3.237s] INFO:colcon.colcon_core.shell:Creating prefix script '/home/ubuntu/github/Omni-Directional-Mobile-Robot/install/local_setup.ps1'
[3.238s] INFO:colcon.colcon_core.shell:Creating prefix util module '/home/ubuntu/github/Omni-Directional-Mobile-Robot/install/_local_setup_util_ps1.py'
[3.240s] INFO:colcon.colcon_core.shell:Creating prefix chain script '/home/ubuntu/github/Omni-Directional-Mobile-Robot/install/setup.ps1'
[3.243s] INFO:colcon.colcon_core.shell:Creating prefix script '/home/ubuntu/github/Omni-Directional-Mobile-Robot/install/local_setup.sh'
[3.244s] INFO:colcon.colcon_core.shell:Creating prefix util module '/home/ubuntu/github/Omni-Directional-Mobile-Robot/install/_local_setup_util_sh.py'
[3.246s] INFO:colcon.colcon_core.shell:Creating prefix chain script '/home/ubuntu/github/Omni-Directional-Mobile-Robot/install/setup.sh'
[3.248s] INFO:colcon.colcon_core.shell:Creating prefix script '/home/ubuntu/github/Omni-Directional-Mobile-Robot/install/local_setup.bash'
[3.251s] INFO:colcon.colcon_core.shell:Creating prefix chain script '/home/ubuntu/github/Omni-Directional-Mobile-Robot/install/setup.bash'
[3.253s] INFO:colcon.colcon_core.shell:Creating prefix script '/home/ubuntu/github/Omni-Directional-Mobile-Robot/install/local_setup.zsh'
[3.254s] INFO:colcon.colcon_core.shell:Creating prefix chain script '/home/ubuntu/github/Omni-Directional-Mobile-Robot/install/setup.zsh'
