[1.405s] Invoking command in '/home/ubuntu/github/Omni-Directional-Mobile-Robot/src/robotpadi_controller': DEBUGINFOD_URLS=https://debuginfod.ubuntu.com PYTHONPATH=/home/ubuntu/github/Omni-Directional-Mobile-Robot/build/robotpadi_controller/prefix_override:/usr/lib/python3/dist-packages/colcon_core/task/python/colcon_distutils_commands:/home/ubuntu/github/Omni-Directional-Mobile-Robot/install/robotpadi_controller/lib/python3.12/site-packages:${PYTHONPATH} /usr/bin/python3 -W ignore:setup.py install is deprecated -W ignore:easy_install command is deprecated setup.py egg_info --egg-base ../../build/robotpadi_controller build --build-base /home/ubuntu/github/Omni-Directional-Mobile-Robot/build/robotpadi_controller/build install --record /home/ubuntu/github/Omni-Directional-Mobile-Robot/build/robotpadi_controller/install.log --single-version-externally-managed install_data
[1.730s] running egg_info
[1.731s] creating ../../build/robotpadi_controller/robotpadi_controller.egg-info
[1.760s] writing ../../build/robotpadi_controller/robotpadi_controller.egg-info/PKG-INFO
[1.762s] writing dependency_links to ../../build/robotpadi_controller/robotpadi_controller.egg-info/dependency_links.txt
[1.762s] writing requirements to ../../build/robotpadi_controller/robotpadi_controller.egg-info/requires.txt
[1.762s] writing top-level names to ../../build/robotpadi_controller/robotpadi_controller.egg-info/top_level.txt
[1.763s] writing manifest file '../../build/robotpadi_controller/robotpadi_controller.egg-info/SOURCES.txt'
[1.814s] reading manifest file '../../build/robotpadi_controller/robotpadi_controller.egg-info/SOURCES.txt'
[1.815s] writing manifest file '../../build/robotpadi_controller/robotpadi_controller.egg-info/SOURCES.txt'
[1.815s] running build
[1.816s] running build_py
[1.816s] creating /home/ubuntu/github/Omni-Directional-Mobile-Robot/build/robotpadi_controller/build
[1.817s] creating /home/ubuntu/github/Omni-Directional-Mobile-Robot/build/robotpadi_controller/build/lib
[1.817s] creating /home/ubuntu/github/Omni-Directional-Mobile-Robot/build/robotpadi_controller/build/lib/robotpadi_controller
[1.817s] copying robotpadi_controller/nav_goal_driver.py -> /home/ubuntu/github/Omni-Directional-Mobile-Robot/build/robotpadi_controller/build/lib/robotpadi_controller
[1.818s] copying robotpadi_controller/gui.py -> /home/ubuntu/github/Omni-Directional-Mobile-Robot/build/robotpadi_controller/build/lib/robotpadi_controller
[1.818s] copying robotpadi_controller/__init__.py -> /home/ubuntu/github/Omni-Directional-Mobile-Robot/build/robotpadi_controller/build/lib/robotpadi_controller
[1.818s] running install
[1.826s] running install_lib
[1.852s] creating /home/ubuntu/github/Omni-Directional-Mobile-Robot/install/robotpadi_controller/lib/python3.12/site-packages/robotpadi_controller
[1.852s] copying /home/ubuntu/github/Omni-Directional-Mobile-Robot/build/robotpadi_controller/build/lib/robotpadi_controller/nav_goal_driver.py -> /home/ubuntu/github/Omni-Directional-Mobile-Robot/install/robotpadi_controller/lib/python3.12/site-packages/robotpadi_controller
[1.857s] copying /home/ubuntu/github/Omni-Directional-Mobile-Robot/build/robotpadi_controller/build/lib/robotpadi_controller/gui.py -> /home/ubuntu/github/Omni-Directional-Mobile-Robot/install/robotpadi_controller/lib/python3.12/site-packages/robotpadi_controller
[1.857s] copying /home/ubuntu/github/Omni-Directional-Mobile-Robot/build/robotpadi_controller/build/lib/robotpadi_controller/__init__.py -> /home/ubuntu/github/Omni-Directional-Mobile-Robot/install/robotpadi_controller/lib/python3.12/site-packages/robotpadi_controller
[1.857s] byte-compiling /home/ubuntu/github/Omni-Directional-Mobile-Robot/install/robotpadi_controller/lib/python3.12/site-packages/robotpadi_controller/nav_goal_driver.py to nav_goal_driver.cpython-312.pyc
[1.857s] byte-compiling /home/ubuntu/github/Omni-Directional-Mobile-Robot/install/robotpadi_controller/lib/python3.12/site-packages/robotpadi_controller/gui.py to gui.cpython-312.pyc
[1.861s] byte-compiling /home/ubuntu/github/Omni-Directional-Mobile-Robot/install/robotpadi_controller/lib/python3.12/site-packages/robotpadi_controller/__init__.py to __init__.cpython-312.pyc
[1.861s] running install_data
[1.861s] creating /home/ubuntu/github/Omni-Directional-Mobile-Robot/install/robotpadi_controller/share/ament_index
[1.861s] creating /home/ubuntu/github/Omni-Directional-Mobile-Robot/install/robotpadi_controller/share/ament_index/resource_index
[1.862s] creating /home/ubuntu/github/Omni-Directional-Mobile-Robot/install/robotpadi_controller/share/ament_index/resource_index/packages
[1.862s] copying resource/robotpadi_controller -> /home/ubuntu/github/Omni-Directional-Mobile-Robot/install/robotpadi_controller/share/ament_index/resource_index/packages
[1.864s] copying package.xml -> /home/ubuntu/github/Omni-Directional-Mobile-Robot/install/robotpadi_controller/share/robotpadi_controller
[1.864s] running install_egg_info
[1.889s] Copying ../../build/robotpadi_controller/robotpadi_controller.egg-info to /home/ubuntu/github/Omni-Directional-Mobile-Robot/install/robotpadi_controller/lib/python3.12/site-packages/robotpadi_controller-0.0.0-py3.12.egg-info
[1.891s] running install_scripts
[2.089s] writing list of installed files to '/home/ubuntu/github/Omni-Directional-Mobile-Robot/build/robotpadi_controller/install.log'
[2.133s] Invoked command in '/home/ubuntu/github/Omni-Directional-Mobile-Robot/src/robotpadi_controller' returned '0': DEBUGINFOD_URLS=https://debuginfod.ubuntu.com PYTHONPATH=/home/ubuntu/github/Omni-Directional-Mobile-Robot/build/robotpadi_controller/prefix_override:/usr/lib/python3/dist-packages/colcon_core/task/python/colcon_distutils_commands:/home/ubuntu/github/Omni-Directional-Mobile-Robot/install/robotpadi_controller/lib/python3.12/site-packages:${PYTHONPATH} /usr/bin/python3 -W ignore:setup.py install is deprecated -W ignore:easy_install command is deprecated setup.py egg_info --egg-base ../../build/robotpadi_controller build --build-base /home/ubuntu/github/Omni-Directional-Mobile-Robot/build/robotpadi_controller/build install --record /home/ubuntu/github/Omni-Directional-Mobile-Robot/build/robotpadi_controller/install.log --single-version-externally-managed install_data
