[1.751s] Invoking command in '/home/ubuntu/github/Omni-Directional-Mobile-Robot/build/robotpadi_controller': DEBUGINFOD_URLS=https://debuginfod.ubuntu.com PYTHONPATH=/home/ubuntu/github/Omni-Directional-Mobile-Robot/build/robotpadi_controller/prefix_override:/usr/lib/python3/dist-packages/colcon_core/task/python/colcon_distutils_commands:/home/ubuntu/github/Omni-Directional-Mobile-Robot/install/robotpadi_controller/lib/python3.12/site-packages:${PYTHONPATH} /usr/bin/python3 -W ignore:setup.py install is deprecated -W ignore:easy_install command is deprecated setup.py develop --editable --build-directory /home/ubuntu/github/Omni-Directional-Mobile-Robot/build/robotpadi_controller/build --no-deps symlink_data
[2.236s] running develop
[2.524s] running egg_info
[2.524s] creating robotpadi_controller.egg-info
[2.546s] writing robotpadi_controller.egg-info/PKG-INFO
[2.547s] writing dependency_links to robotpadi_controller.egg-info/dependency_links.txt
[2.547s] writing requirements to robotpadi_controller.egg-info/requires.txt
[2.547s] writing top-level names to robotpadi_controller.egg-info/top_level.txt
[2.548s] writing manifest file 'robotpadi_controller.egg-info/SOURCES.txt'
[2.611s] reading manifest file 'robotpadi_controller.egg-info/SOURCES.txt'
[2.612s] writing manifest file 'robotpadi_controller.egg-info/SOURCES.txt'
[2.644s] running build_ext
[2.645s] Creating /home/ubuntu/github/Omni-Directional-Mobile-Robot/install/robotpadi_controller/lib/python3.12/site-packages/robotpadi-controller.egg-link (link to .)
[2.645s] 
[2.646s] Installed /home/ubuntu/github/Omni-Directional-Mobile-Robot/build/robotpadi_controller
[2.646s] running symlink_data
[2.646s] creating /home/ubuntu/github/Omni-Directional-Mobile-Robot/install/robotpadi_controller/share/ament_index
[2.646s] creating /home/ubuntu/github/Omni-Directional-Mobile-Robot/install/robotpadi_controller/share/ament_index/resource_index
[2.647s] creating /home/ubuntu/github/Omni-Directional-Mobile-Robot/install/robotpadi_controller/share/ament_index/resource_index/packages
[2.647s] symbolically linking /home/ubuntu/github/Omni-Directional-Mobile-Robot/build/robotpadi_controller/resource/robotpadi_controller -> /home/ubuntu/github/Omni-Directional-Mobile-Robot/install/robotpadi_controller/share/ament_index/resource_index/packages
[2.649s] symbolically linking /home/ubuntu/github/Omni-Directional-Mobile-Robot/build/robotpadi_controller/package.xml -> /home/ubuntu/github/Omni-Directional-Mobile-Robot/install/robotpadi_controller/share/robotpadi_controller
[2.748s] Invoked command in '/home/ubuntu/github/Omni-Directional-Mobile-Robot/build/robotpadi_controller' returned '0': DEBUGINFOD_URLS=https://debuginfod.ubuntu.com PYTHONPATH=/home/ubuntu/github/Omni-Directional-Mobile-Robot/build/robotpadi_controller/prefix_override:/usr/lib/python3/dist-packages/colcon_core/task/python/colcon_distutils_commands:/home/ubuntu/github/Omni-Directional-Mobile-Robot/install/robotpadi_controller/lib/python3.12/site-packages:${PYTHONPATH} /usr/bin/python3 -W ignore:setup.py install is deprecated -W ignore:easy_install command is deprecated setup.py develop --editable --build-directory /home/ubuntu/github/Omni-Directional-Mobile-Robot/build/robotpadi_controller/build --no-deps symlink_data
