[2.469s] Invoking command in '/home/ubuntu/github/Omni-Directional-Mobile-Robot/build/robotpadi_controller': DEBUGINFOD_URLS=https://debuginfod.ubuntu.com PYTHONPATH=/home/ubuntu/github/Omni-Directional-Mobile-Robot/build/robotpadi_controller/prefix_override:/usr/lib/python3/dist-packages/colcon_core/task/python/colcon_distutils_commands:/home/ubuntu/github/Omni-Directional-Mobile-Robot/install/robotpadi_controller/lib/python3.12/site-packages:${PYTHONPATH} /usr/bin/python3 -W ignore:setup.py install is deprecated -W ignore:easy_install command is deprecated setup.py develop --editable --build-directory /home/ubuntu/github/Omni-Directional-Mobile-Robot/build/robotpadi_controller/build --no-deps symlink_data
[2.940s] running develop
[3.217s] running egg_info
[3.218s] creating robotpadi_controller.egg-info
[3.245s] writing robotpadi_controller.egg-info/PKG-INFO
[3.245s] writing dependency_links to robotpadi_controller.egg-info/dependency_links.txt
[3.246s] writing requirements to robotpadi_controller.egg-info/requires.txt
[3.246s] writing top-level names to robotpadi_controller.egg-info/top_level.txt
[3.246s] writing manifest file 'robotpadi_controller.egg-info/SOURCES.txt'
[3.302s] reading manifest file 'robotpadi_controller.egg-info/SOURCES.txt'
[3.305s] writing manifest file 'robotpadi_controller.egg-info/SOURCES.txt'
[3.338s] running build_ext
[3.338s] Creating /home/ubuntu/github/Omni-Directional-Mobile-Robot/install/robotpadi_controller/lib/python3.12/site-packages/robotpadi-controller.egg-link (link to .)
[3.339s] 
[3.339s] Installed /home/ubuntu/github/Omni-Directional-Mobile-Robot/build/robotpadi_controller
[3.339s] running symlink_data
[3.340s] creating /home/ubuntu/github/Omni-Directional-Mobile-Robot/install/robotpadi_controller/share/ament_index
[3.340s] creating /home/ubuntu/github/Omni-Directional-Mobile-Robot/install/robotpadi_controller/share/ament_index/resource_index
[3.340s] creating /home/ubuntu/github/Omni-Directional-Mobile-Robot/install/robotpadi_controller/share/ament_index/resource_index/packages
[3.340s] symbolically linking /home/ubuntu/github/Omni-Directional-Mobile-Robot/build/robotpadi_controller/resource/robotpadi_controller -> /home/ubuntu/github/Omni-Directional-Mobile-Robot/install/robotpadi_controller/share/ament_index/resource_index/packages
[3.340s] symbolically linking /home/ubuntu/github/Omni-Directional-Mobile-Robot/build/robotpadi_controller/package.xml -> /home/ubuntu/github/Omni-Directional-Mobile-Robot/install/robotpadi_controller/share/robotpadi_controller
[3.466s] Invoked command in '/home/ubuntu/github/Omni-Directional-Mobile-Robot/build/robotpadi_controller' returned '0': DEBUGINFOD_URLS=https://debuginfod.ubuntu.com PYTHONPATH=/home/ubuntu/github/Omni-Directional-Mobile-Robot/build/robotpadi_controller/prefix_override:/usr/lib/python3/dist-packages/colcon_core/task/python/colcon_distutils_commands:/home/ubuntu/github/Omni-Directional-Mobile-Robot/install/robotpadi_controller/lib/python3.12/site-packages:${PYTHONPATH} /usr/bin/python3 -W ignore:setup.py install is deprecated -W ignore:easy_install command is deprecated setup.py develop --editable --build-directory /home/ubuntu/github/Omni-Directional-Mobile-Robot/build/robotpadi_controller/build --no-deps symlink_data
