[1.101s] Invoking command in '/home/ubuntu/github/Omni-Directional-Mobile-Robot/src/robotpadi_description': DEBUGINFOD_URLS=https://debuginfod.ubuntu.com PYTHONPATH=/home/ubuntu/github/Omni-Directional-Mobile-Robot/build/robotpadi_description/prefix_override:/usr/lib/python3/dist-packages/colcon_core/task/python/colcon_distutils_commands:/home/ubuntu/github/Omni-Directional-Mobile-Robot/install/robotpadi_description/lib/python3.12/site-packages:${PYTHONPATH} /usr/bin/python3 -W ignore:setup.py install is deprecated -W ignore:easy_install command is deprecated setup.py egg_info --egg-base ../../build/robotpadi_description build --build-base /home/ubuntu/github/Omni-Directional-Mobile-Robot/build/robotpadi_description/build install --record /home/ubuntu/github/Omni-Directional-Mobile-Robot/build/robotpadi_description/install.log --single-version-externally-managed install_data
[1.428s] running egg_info
[1.459s] writing ../../build/robotpadi_description/robotpadi_description.egg-info/PKG-INFO
[1.460s] writing dependency_links to ../../build/robotpadi_description/robotpadi_description.egg-info/dependency_links.txt
[1.461s] writing requirements to ../../build/robotpadi_description/robotpadi_description.egg-info/requires.txt
[1.461s] writing top-level names to ../../build/robotpadi_description/robotpadi_description.egg-info/top_level.txt
[1.512s] reading manifest file '../../build/robotpadi_description/robotpadi_description.egg-info/SOURCES.txt'
[1.513s] writing manifest file '../../build/robotpadi_description/robotpadi_description.egg-info/SOURCES.txt'
[1.513s] running build
[1.513s] running build_py
[1.513s] running install
[1.519s] running install_lib
[1.552s] running install_data
[1.553s] copying urdf/materials.xacro -> /home/ubuntu/github/Omni-Directional-Mobile-Robot/install/robotpadi_description/share/robotpadi_description/urdf
[1.554s] running install_egg_info
[1.580s] removing '/home/ubuntu/github/Omni-Directional-Mobile-Robot/install/robotpadi_description/lib/python3.12/site-packages/robotpadi_description-0.0.0-py3.12.egg-info' (and everything under it)
[1.584s] Copying ../../build/robotpadi_description/robotpadi_description.egg-info to /home/ubuntu/github/Omni-Directional-Mobile-Robot/install/robotpadi_description/lib/python3.12/site-packages/robotpadi_description-0.0.0-py3.12.egg-info
[1.590s] running install_scripts
[1.795s] writing list of installed files to '/home/ubuntu/github/Omni-Directional-Mobile-Robot/build/robotpadi_description/install.log'
[1.840s] Invoked command in '/home/ubuntu/github/Omni-Directional-Mobile-Robot/src/robotpadi_description' returned '0': DEBUGINFOD_URLS=https://debuginfod.ubuntu.com PYTHONPATH=/home/ubuntu/github/Omni-Directional-Mobile-Robot/build/robotpadi_description/prefix_override:/usr/lib/python3/dist-packages/colcon_core/task/python/colcon_distutils_commands:/home/ubuntu/github/Omni-Directional-Mobile-Robot/install/robotpadi_description/lib/python3.12/site-packages:${PYTHONPATH} /usr/bin/python3 -W ignore:setup.py install is deprecated -W ignore:easy_install command is deprecated setup.py egg_info --egg-base ../../build/robotpadi_description build --build-base /home/ubuntu/github/Omni-Directional-Mobile-Robot/build/robotpadi_description/build install --record /home/ubuntu/github/Omni-Directional-Mobile-Robot/build/robotpadi_description/install.log --single-version-externally-managed install_data
