running develop
Removing /home/ubuntu/github/Omni-Directional-Mobile-Robot/install/robotpadi_description/lib/python3.12/site-packages/robotpadi-description.egg-link (link to .)
running egg_info
writing ../../build/robotpadi_description/robotpadi_description.egg-info/PKG-INFO
writing dependency_links to ../../build/robotpadi_description/robotpadi_description.egg-info/dependency_links.txt
writing requirements to ../../build/robotpadi_description/robotpadi_description.egg-info/requires.txt
writing top-level names to ../../build/robotpadi_description/robotpadi_description.egg-info/top_level.txt
reading manifest file '../../build/robotpadi_description/robotpadi_description.egg-info/SOURCES.txt'
writing manifest file '../../build/robotpadi_description/robotpadi_description.egg-info/SOURCES.txt'
running build
running build_py
creating /home/ubuntu/github/Omni-Directional-Mobile-Robot/build/robotpadi_description/build
creating /home/ubuntu/github/Omni-Directional-Mobile-Robot/build/robotpadi_description/build/lib
creating /home/ubuntu/github/Omni-Directional-Mobile-Robot/build/robotpadi_description/build/lib/robotpadi_description
copying robotpadi_description/__init__.py -> /home/ubuntu/github/Omni-Directional-Mobile-Robot/build/robotpadi_description/build/lib/robotpadi_description
running install
running install_lib
creating /home/ubuntu/github/Omni-Directional-Mobile-Robot/install/robotpadi_description/lib/python3.12/site-packages/robotpadi_description
copying /home/ubuntu/github/Omni-Directional-Mobile-Robot/build/robotpadi_description/build/lib/robotpadi_description/__init__.py -> /home/ubuntu/github/Omni-Directional-Mobile-Robot/install/robotpadi_description/lib/python3.12/site-packages/robotpadi_description
byte-compiling /home/ubuntu/github/Omni-Directional-Mobile-Robot/install/robotpadi_description/lib/python3.12/site-packages/robotpadi_description/__init__.py to __init__.cpython-312.pyc
running install_data
copying resource/robotpadi_description -> /home/ubuntu/github/Omni-Directional-Mobile-Robot/install/robotpadi_description/share/ament_index/resource_index/packages
copying package.xml -> /home/ubuntu/github/Omni-Directional-Mobile-Robot/install/robotpadi_description/share/robotpadi_description
copying launch/display.launch.py -> /home/ubuntu/github/Omni-Directional-Mobile-Robot/install/robotpadi_description/share/robotpadi_description/launch
copying launch/gazebo.launch.py -> /home/ubuntu/github/Omni-Directional-Mobile-Robot/install/robotpadi_description/share/robotpadi_description/launch
copying urdf/robotpadi.ros2control -> /home/ubuntu/github/Omni-Directional-Mobile-Robot/install/robotpadi_description/share/robotpadi_description/urdf
copying urdf/robotpadi.gazebo -> /home/ubuntu/github/Omni-Directional-Mobile-Robot/install/robotpadi_description/share/robotpadi_description/urdf
copying urdf/robotpadi.xacro -> /home/ubuntu/github/Omni-Directional-Mobile-Robot/install/robotpadi_description/share/robotpadi_description/urdf
copying urdf/materials.xacro -> /home/ubuntu/github/Omni-Directional-Mobile-Robot/install/robotpadi_description/share/robotpadi_description/urdf
copying meshes/base_link.stl -> /home/ubuntu/github/Omni-Directional-Mobile-Robot/install/robotpadi_description/share/robotpadi_description/meshes
copying meshes/bl_wheel_1.stl -> /home/ubuntu/github/Omni-Directional-Mobile-Robot/install/robotpadi_description/share/robotpadi_description/meshes
copying meshes/fr_wheel_1.stl -> /home/ubuntu/github/Omni-Directional-Mobile-Robot/install/robotpadi_description/share/robotpadi_description/meshes
copying meshes/fr_steering_1.stl -> /home/ubuntu/github/Omni-Directional-Mobile-Robot/install/robotpadi_description/share/robotpadi_description/meshes
copying meshes/br_steering_1.stl -> /home/ubuntu/github/Omni-Directional-Mobile-Robot/install/robotpadi_description/share/robotpadi_description/meshes
copying meshes/fl_steering_1.stl -> /home/ubuntu/github/Omni-Directional-Mobile-Robot/install/robotpadi_description/share/robotpadi_description/meshes
copying meshes/arm_1.stl -> /home/ubuntu/github/Omni-Directional-Mobile-Robot/install/robotpadi_description/share/robotpadi_description/meshes
copying meshes/panel_1.stl -> /home/ubuntu/github/Omni-Directional-Mobile-Robot/install/robotpadi_description/share/robotpadi_description/meshes
copying meshes/fl_wheel_1.stl -> /home/ubuntu/github/Omni-Directional-Mobile-Robot/install/robotpadi_description/share/robotpadi_description/meshes
copying meshes/br_wheel_1.stl -> /home/ubuntu/github/Omni-Directional-Mobile-Robot/install/robotpadi_description/share/robotpadi_description/meshes
copying meshes/bl_steering_1.stl -> /home/ubuntu/github/Omni-Directional-Mobile-Robot/install/robotpadi_description/share/robotpadi_description/meshes
copying config/display.rviz -> /home/ubuntu/github/Omni-Directional-Mobile-Robot/install/robotpadi_description/share/robotpadi_description/config
copying config/controllers.yaml -> /home/ubuntu/github/Omni-Directional-Mobile-Robot/install/robotpadi_description/share/robotpadi_description/config
copying config/ros_gz_bridge_gazebo.yaml -> /home/ubuntu/github/Omni-Directional-Mobile-Robot/install/robotpadi_description/share/robotpadi_description/config
copying config/gazebo.rviz -> /home/ubuntu/github/Omni-Directional-Mobile-Robot/install/robotpadi_description/share/robotpadi_description/config
running install_egg_info
Copying ../../build/robotpadi_description/robotpadi_description.egg-info to /home/ubuntu/github/Omni-Directional-Mobile-Robot/install/robotpadi_description/lib/python3.12/site-packages/robotpadi_description-0.0.0-py3.12.egg-info
running install_scripts
writing list of installed files to '/home/ubuntu/github/Omni-Directional-Mobile-Robot/build/robotpadi_description/install.log'
