[1.634s] Invoking command in '/home/ubuntu/github/Omni-Directional-Mobile-Robot/build/robotpadi_description': DEBUGINFOD_URLS=https://debuginfod.ubuntu.com PYTHONPATH=/home/ubuntu/github/Omni-Directional-Mobile-Robot/build/robotpadi_description/prefix_override:/usr/lib/python3/dist-packages/colcon_core/task/python/colcon_distutils_commands:/home/ubuntu/github/Omni-Directional-Mobile-Robot/install/robotpadi_description/lib/python3.12/site-packages:${PYTHONPATH} /usr/bin/python3 -W ignore:setup.py install is deprecated -W ignore:easy_install command is deprecated setup.py develop --uninstall --editable --build-directory /home/ubuntu/github/Omni-Directional-Mobile-Robot/build/robotpadi_description/build
[2.032s] running develop
[2.293s] Removing /home/ubuntu/github/Omni-Directional-Mobile-Robot/install/robotpadi_description/lib/python3.12/site-packages/robotpadi-description.egg-link (link to .)
[2.345s] Invoked command in '/home/ubuntu/github/Omni-Directional-Mobile-Robot/build/robotpadi_description' returned '0': DEBUGINFOD_URLS=https://debuginfod.ubuntu.com PYTHONPATH=/home/ubuntu/github/Omni-Directional-Mobile-Robot/build/robotpadi_description/prefix_override:/usr/lib/python3/dist-packages/colcon_core/task/python/colcon_distutils_commands:/home/ubuntu/github/Omni-Directional-Mobile-Robot/install/robotpadi_description/lib/python3.12/site-packages:${PYTHONPATH} /usr/bin/python3 -W ignore:setup.py install is deprecated -W ignore:easy_install command is deprecated setup.py develop --uninstall --editable --build-directory /home/ubuntu/github/Omni-Directional-Mobile-Robot/build/robotpadi_description/build
[2.347s] Invoking command in '/home/ubuntu/github/Omni-Directional-Mobile-Robot/src/robotpadi_description': DEBUGINFOD_URLS=https://debuginfod.ubuntu.com PYTHONPATH=/home/ubuntu/github/Omni-Directional-Mobile-Robot/build/robotpadi_description/prefix_override:/usr/lib/python3/dist-packages/colcon_core/task/python/colcon_distutils_commands:/home/ubuntu/github/Omni-Directional-Mobile-Robot/install/robotpadi_description/lib/python3.12/site-packages:${PYTHONPATH} /usr/bin/python3 -W ignore:setup.py install is deprecated -W ignore:easy_install command is deprecated setup.py egg_info --egg-base ../../build/robotpadi_description build --build-base /home/ubuntu/github/Omni-Directional-Mobile-Robot/build/robotpadi_description/build install --record /home/ubuntu/github/Omni-Directional-Mobile-Robot/build/robotpadi_description/install.log --single-version-externally-managed install_data --force
[2.685s] running egg_info
[2.711s] writing ../../build/robotpadi_description/robotpadi_description.egg-info/PKG-INFO
[2.711s] writing dependency_links to ../../build/robotpadi_description/robotpadi_description.egg-info/dependency_links.txt
[2.712s] writing requirements to ../../build/robotpadi_description/robotpadi_description.egg-info/requires.txt
[2.712s] writing top-level names to ../../build/robotpadi_description/robotpadi_description.egg-info/top_level.txt
[2.760s] reading manifest file '../../build/robotpadi_description/robotpadi_description.egg-info/SOURCES.txt'
[2.761s] writing manifest file '../../build/robotpadi_description/robotpadi_description.egg-info/SOURCES.txt'
[2.762s] running build
[2.762s] running build_py
[2.763s] creating /home/ubuntu/github/Omni-Directional-Mobile-Robot/build/robotpadi_description/build
[2.763s] creating /home/ubuntu/github/Omni-Directional-Mobile-Robot/build/robotpadi_description/build/lib
[2.763s] creating /home/ubuntu/github/Omni-Directional-Mobile-Robot/build/robotpadi_description/build/lib/robotpadi_description
[2.763s] copying robotpadi_description/__init__.py -> /home/ubuntu/github/Omni-Directional-Mobile-Robot/build/robotpadi_description/build/lib/robotpadi_description
[2.763s] running install
[2.772s] running install_lib
[2.799s] creating /home/ubuntu/github/Omni-Directional-Mobile-Robot/install/robotpadi_description/lib/python3.12/site-packages/robotpadi_description
[2.800s] copying /home/ubuntu/github/Omni-Directional-Mobile-Robot/build/robotpadi_description/build/lib/robotpadi_description/__init__.py -> /home/ubuntu/github/Omni-Directional-Mobile-Robot/install/robotpadi_description/lib/python3.12/site-packages/robotpadi_description
[2.801s] byte-compiling /home/ubuntu/github/Omni-Directional-Mobile-Robot/install/robotpadi_description/lib/python3.12/site-packages/robotpadi_description/__init__.py to __init__.cpython-312.pyc
[2.802s] running install_data
[2.802s] copying resource/robotpadi_description -> /home/ubuntu/github/Omni-Directional-Mobile-Robot/install/robotpadi_description/share/ament_index/resource_index/packages
[2.802s] copying package.xml -> /home/ubuntu/github/Omni-Directional-Mobile-Robot/install/robotpadi_description/share/robotpadi_description
[2.802s] copying launch/display.launch.py -> /home/ubuntu/github/Omni-Directional-Mobile-Robot/install/robotpadi_description/share/robotpadi_description/launch
[2.803s] copying launch/gazebo.launch.py -> /home/ubuntu/github/Omni-Directional-Mobile-Robot/install/robotpadi_description/share/robotpadi_description/launch
[2.803s] copying urdf/robotpadi.ros2control -> /home/ubuntu/github/Omni-Directional-Mobile-Robot/install/robotpadi_description/share/robotpadi_description/urdf
[2.803s] copying urdf/robotpadi.gazebo -> /home/ubuntu/github/Omni-Directional-Mobile-Robot/install/robotpadi_description/share/robotpadi_description/urdf
[2.804s] copying urdf/robotpadi.xacro -> /home/ubuntu/github/Omni-Directional-Mobile-Robot/install/robotpadi_description/share/robotpadi_description/urdf
[2.804s] copying urdf/materials.xacro -> /home/ubuntu/github/Omni-Directional-Mobile-Robot/install/robotpadi_description/share/robotpadi_description/urdf
[2.804s] copying meshes/base_link.stl -> /home/ubuntu/github/Omni-Directional-Mobile-Robot/install/robotpadi_description/share/robotpadi_description/meshes
[2.811s] copying meshes/bl_wheel_1.stl -> /home/ubuntu/github/Omni-Directional-Mobile-Robot/install/robotpadi_description/share/robotpadi_description/meshes
[2.812s] copying meshes/fr_wheel_1.stl -> /home/ubuntu/github/Omni-Directional-Mobile-Robot/install/robotpadi_description/share/robotpadi_description/meshes
[2.813s] copying meshes/fr_steering_1.stl -> /home/ubuntu/github/Omni-Directional-Mobile-Robot/install/robotpadi_description/share/robotpadi_description/meshes
[2.816s] copying meshes/br_steering_1.stl -> /home/ubuntu/github/Omni-Directional-Mobile-Robot/install/robotpadi_description/share/robotpadi_description/meshes
[2.818s] copying meshes/fl_steering_1.stl -> /home/ubuntu/github/Omni-Directional-Mobile-Robot/install/robotpadi_description/share/robotpadi_description/meshes
[2.821s] copying meshes/arm_1.stl -> /home/ubuntu/github/Omni-Directional-Mobile-Robot/install/robotpadi_description/share/robotpadi_description/meshes
[2.841s] copying meshes/panel_1.stl -> /home/ubuntu/github/Omni-Directional-Mobile-Robot/install/robotpadi_description/share/robotpadi_description/meshes
[2.845s] copying meshes/fl_wheel_1.stl -> /home/ubuntu/github/Omni-Directional-Mobile-Robot/install/robotpadi_description/share/robotpadi_description/meshes
[2.846s] copying meshes/br_wheel_1.stl -> /home/ubuntu/github/Omni-Directional-Mobile-Robot/install/robotpadi_description/share/robotpadi_description/meshes
[2.848s] copying meshes/bl_steering_1.stl -> /home/ubuntu/github/Omni-Directional-Mobile-Robot/install/robotpadi_description/share/robotpadi_description/meshes
[2.850s] copying config/display.rviz -> /home/ubuntu/github/Omni-Directional-Mobile-Robot/install/robotpadi_description/share/robotpadi_description/config
[2.851s] copying config/controllers.yaml -> /home/ubuntu/github/Omni-Directional-Mobile-Robot/install/robotpadi_description/share/robotpadi_description/config
[2.851s] copying config/ros_gz_bridge_gazebo.yaml -> /home/ubuntu/github/Omni-Directional-Mobile-Robot/install/robotpadi_description/share/robotpadi_description/config
[2.851s] copying config/gazebo.rviz -> /home/ubuntu/github/Omni-Directional-Mobile-Robot/install/robotpadi_description/share/robotpadi_description/config
[2.851s] running install_egg_info
[2.878s] Copying ../../build/robotpadi_description/robotpadi_description.egg-info to /home/ubuntu/github/Omni-Directional-Mobile-Robot/install/robotpadi_description/lib/python3.12/site-packages/robotpadi_description-0.0.0-py3.12.egg-info
[2.880s] running install_scripts
[3.073s] writing list of installed files to '/home/ubuntu/github/Omni-Directional-Mobile-Robot/build/robotpadi_description/install.log'
[3.145s] Invoked command in '/home/ubuntu/github/Omni-Directional-Mobile-Robot/src/robotpadi_description' returned '0': DEBUGINFOD_URLS=https://debuginfod.ubuntu.com PYTHONPATH=/home/ubuntu/github/Omni-Directional-Mobile-Robot/build/robotpadi_description/prefix_override:/usr/lib/python3/dist-packages/colcon_core/task/python/colcon_distutils_commands:/home/ubuntu/github/Omni-Directional-Mobile-Robot/install/robotpadi_description/lib/python3.12/site-packages:${PYTHONPATH} /usr/bin/python3 -W ignore:setup.py install is deprecated -W ignore:easy_install command is deprecated setup.py egg_info --egg-base ../../build/robotpadi_description build --build-base /home/ubuntu/github/Omni-Directional-Mobile-Robot/build/robotpadi_description/build install --record /home/ubuntu/github/Omni-Directional-Mobile-Robot/build/robotpadi_description/install.log --single-version-externally-managed install_data --force
