[0.431s] DEBUG:colcon:Command line arguments: ['/usr/bin/colcon', 'build', '--symlink-install']
[0.431s] DEBUG:colcon:Parsed command line arguments: Namespace(log_base=None, log_level=None, verb_name='build', build_base='build', install_base='install', merge_install=False, symlink_install=True, test_result_base=None, continue_on_error=False, executor='parallel', parallel_workers=8, event_handlers=None, ignore_user_meta=False, metas=['./colcon.meta'], base_paths=['.'], packages_ignore=None, packages_ignore_regex=None, paths=None, packages_up_to=None, packages_up_to_regex=None, packages_above=None, packages_above_and_dependencies=None, packages_above_depth=None, packages_select_by_dep=None, packages_skip_by_dep=None, packages_skip_up_to=None, packages_select_build_failed=False, packages_skip_build_finished=False, packages_select_test_failures=False, packages_skip_test_passed=False, packages_select=None, packages_skip=None, packages_select_regex=None, packages_skip_regex=None, packages_start=None, packages_end=None, allow_overriding=[], cmake_args=None, cmake_target=None, cmake_target_skip_unavailable=False, cmake_clean_cache=False, cmake_clean_first=False, cmake_force_configure=False, ament_cmake_args=None, catkin_cmake_args=None, catkin_skip_building_tests=False, mixin_files=None, mixin=None, verb_parser=<colcon_mixin.mixin.mixin_argument.MixinArgumentDecorator object at 0x7ec194eb4b90>, verb_extension=<colcon_core.verb.build.BuildVerb object at 0x7ec1955996d0>, main=<bound method BuildVerb.main of <colcon_core.verb.build.BuildVerb object at 0x7ec1955996d0>>, mixin_verb=('build',))
[0.577s] Level 1:colcon.colcon_core.package_discovery:discover_packages(colcon_meta) check parameters
[0.578s] Level 1:colcon.colcon_core.package_discovery:discover_packages(recursive) check parameters
[0.578s] Level 1:colcon.colcon_core.package_discovery:discover_packages(ignore) check parameters
[0.578s] Level 1:colcon.colcon_core.package_discovery:discover_packages(path) check parameters
[0.578s] Level 1:colcon.colcon_core.package_discovery:discover_packages(colcon_meta) discover
[0.578s] Level 1:colcon.colcon_core.package_discovery:discover_packages(recursive) discover
[0.578s] INFO:colcon.colcon_core.package_discovery:Crawling recursively for packages in '/home/ubuntu/github/Omni-Directional-Mobile-Robot'
[0.578s] Level 1:colcon.colcon_core.package_identification:_identify(.) by extensions ['ignore', 'ignore_ament_install']
[0.579s] Level 1:colcon.colcon_core.package_identification:_identify(.) by extension 'ignore'
[0.579s] Level 1:colcon.colcon_core.package_identification:_identify(.) by extension 'ignore_ament_install'
[0.579s] Level 1:colcon.colcon_core.package_identification:_identify(.) by extensions ['colcon_pkg']
[0.579s] Level 1:colcon.colcon_core.package_identification:_identify(.) by extension 'colcon_pkg'
[0.579s] Level 1:colcon.colcon_core.package_identification:_identify(.) by extensions ['colcon_meta']
[0.579s] Level 1:colcon.colcon_core.package_identification:_identify(.) by extension 'colcon_meta'
[0.579s] Level 1:colcon.colcon_core.package_identification:_identify(.) by extensions ['ros']
[0.580s] Level 1:colcon.colcon_core.package_identification:_identify(.) by extension 'ros'
[0.623s] Level 1:colcon.colcon_core.package_identification:_identify(.) by extensions ['cmake', 'python']
[0.623s] Level 1:colcon.colcon_core.package_identification:_identify(.) by extension 'cmake'
[0.623s] Level 1:colcon.colcon_core.package_identification:_identify(.) by extension 'python'
[0.623s] Level 1:colcon.colcon_core.package_identification:_identify(.) by extensions ['python_setup_py']
[0.624s] Level 1:colcon.colcon_core.package_identification:_identify(.) by extension 'python_setup_py'
[0.624s] Level 1:colcon.colcon_core.package_identification:_identify(build) by extensions ['ignore', 'ignore_ament_install']
[0.624s] Level 1:colcon.colcon_core.package_identification:_identify(build) by extension 'ignore'
[0.624s] Level 1:colcon.colcon_core.package_identification:_identify(build) ignored
[0.625s] Level 1:colcon.colcon_core.package_identification:_identify(install) by extensions ['ignore', 'ignore_ament_install']
[0.625s] Level 1:colcon.colcon_core.package_identification:_identify(install) by extension 'ignore'
[0.625s] Level 1:colcon.colcon_core.package_identification:_identify(install) ignored
[0.625s] Level 1:colcon.colcon_core.package_identification:_identify(log) by extensions ['ignore', 'ignore_ament_install']
[0.625s] Level 1:colcon.colcon_core.package_identification:_identify(log) by extension 'ignore'
[0.626s] Level 1:colcon.colcon_core.package_identification:_identify(log) ignored
[0.626s] Level 1:colcon.colcon_core.package_identification:_identify(src) by extensions ['ignore', 'ignore_ament_install']
[0.626s] Level 1:colcon.colcon_core.package_identification:_identify(src) by extension 'ignore'
[0.626s] Level 1:colcon.colcon_core.package_identification:_identify(src) by extension 'ignore_ament_install'
[0.626s] Level 1:colcon.colcon_core.package_identification:_identify(src) by extensions ['colcon_pkg']
[0.626s] Level 1:colcon.colcon_core.package_identification:_identify(src) by extension 'colcon_pkg'
[0.626s] Level 1:colcon.colcon_core.package_identification:_identify(src) by extensions ['colcon_meta']
[0.627s] Level 1:colcon.colcon_core.package_identification:_identify(src) by extension 'colcon_meta'
[0.627s] Level 1:colcon.colcon_core.package_identification:_identify(src) by extensions ['ros']
[0.627s] Level 1:colcon.colcon_core.package_identification:_identify(src) by extension 'ros'
[0.627s] Level 1:colcon.colcon_core.package_identification:_identify(src) by extensions ['cmake', 'python']
[0.627s] Level 1:colcon.colcon_core.package_identification:_identify(src) by extension 'cmake'
[0.627s] Level 1:colcon.colcon_core.package_identification:_identify(src) by extension 'python'
[0.628s] Level 1:colcon.colcon_core.package_identification:_identify(src) by extensions ['python_setup_py']
[0.628s] Level 1:colcon.colcon_core.package_identification:_identify(src) by extension 'python_setup_py'
[0.628s] Level 1:colcon.colcon_core.package_identification:_identify(src/robotpadi_controller) by extensions ['ignore', 'ignore_ament_install']
[0.628s] Level 1:colcon.colcon_core.package_identification:_identify(src/robotpadi_controller) by extension 'ignore'
[0.628s] Level 1:colcon.colcon_core.package_identification:_identify(src/robotpadi_controller) by extension 'ignore_ament_install'
[0.629s] Level 1:colcon.colcon_core.package_identification:_identify(src/robotpadi_controller) by extensions ['colcon_pkg']
[0.629s] Level 1:colcon.colcon_core.package_identification:_identify(src/robotpadi_controller) by extension 'colcon_pkg'
[0.629s] Level 1:colcon.colcon_core.package_identification:_identify(src/robotpadi_controller) by extensions ['colcon_meta']
[0.629s] Level 1:colcon.colcon_core.package_identification:_identify(src/robotpadi_controller) by extension 'colcon_meta'
[0.629s] Level 1:colcon.colcon_core.package_identification:_identify(src/robotpadi_controller) by extensions ['ros']
[0.629s] Level 1:colcon.colcon_core.package_identification:_identify(src/robotpadi_controller) by extension 'ros'
[0.633s] DEBUG:colcon.colcon_core.package_identification:Package 'src/robotpadi_controller' with type 'ros.ament_python' and name 'robotpadi_controller'
[0.633s] Level 1:colcon.colcon_core.package_identification:_identify(src/robotpadi_description) by extensions ['ignore', 'ignore_ament_install']
[0.633s] Level 1:colcon.colcon_core.package_identification:_identify(src/robotpadi_description) by extension 'ignore'
[0.634s] Level 1:colcon.colcon_core.package_identification:_identify(src/robotpadi_description) by extension 'ignore_ament_install'
[0.634s] Level 1:colcon.colcon_core.package_identification:_identify(src/robotpadi_description) by extensions ['colcon_pkg']
[0.634s] Level 1:colcon.colcon_core.package_identification:_identify(src/robotpadi_description) by extension 'colcon_pkg'
[0.634s] Level 1:colcon.colcon_core.package_identification:_identify(src/robotpadi_description) by extensions ['colcon_meta']
[0.634s] Level 1:colcon.colcon_core.package_identification:_identify(src/robotpadi_description) by extension 'colcon_meta'
[0.634s] Level 1:colcon.colcon_core.package_identification:_identify(src/robotpadi_description) by extensions ['ros']
[0.634s] Level 1:colcon.colcon_core.package_identification:_identify(src/robotpadi_description) by extension 'ros'
[0.636s] DEBUG:colcon.colcon_core.package_identification:Package 'src/robotpadi_description' with type 'ros.ament_python' and name 'robotpadi_description'
[0.636s] Level 1:colcon.colcon_core.package_discovery:discover_packages(recursive) using defaults
[0.636s] Level 1:colcon.colcon_core.package_discovery:discover_packages(ignore) discover
[0.636s] Level 1:colcon.colcon_core.package_discovery:discover_packages(ignore) using defaults
[0.636s] Level 1:colcon.colcon_core.package_discovery:discover_packages(path) discover
[0.636s] Level 1:colcon.colcon_core.package_discovery:discover_packages(path) using defaults
[0.699s] Level 1:colcon.colcon_core.package_discovery:discover_packages(prefix_path) check parameters
[0.699s] Level 1:colcon.colcon_core.package_discovery:discover_packages(prefix_path) discover
[0.716s] DEBUG:colcon.colcon_installed_package_information.package_discovery:Found 2 installed packages in /home/ubuntu/github/Omni-Directional-Mobile-Robot/install
[0.719s] DEBUG:colcon.colcon_installed_package_information.package_discovery:Found 378 installed packages in /opt/ros/jazzy
[0.724s] Level 1:colcon.colcon_core.package_discovery:discover_packages(prefix_path) using defaults
[1.004s] Level 5:colcon.colcon_core.verb:set package 'robotpadi_controller' build argument 'cmake_args' from command line to 'None'
[1.004s] Level 5:colcon.colcon_core.verb:set package 'robotpadi_controller' build argument 'cmake_target' from command line to 'None'
[1.004s] Level 5:colcon.colcon_core.verb:set package 'robotpadi_controller' build argument 'cmake_target_skip_unavailable' from command line to 'False'
[1.004s] Level 5:colcon.colcon_core.verb:set package 'robotpadi_controller' build argument 'cmake_clean_cache' from command line to 'False'
[1.004s] Level 5:colcon.colcon_core.verb:set package 'robotpadi_controller' build argument 'cmake_clean_first' from command line to 'False'
[1.004s] Level 5:colcon.colcon_core.verb:set package 'robotpadi_controller' build argument 'cmake_force_configure' from command line to 'False'
[1.004s] Level 5:colcon.colcon_core.verb:set package 'robotpadi_controller' build argument 'ament_cmake_args' from command line to 'None'
[1.004s] Level 5:colcon.colcon_core.verb:set package 'robotpadi_controller' build argument 'catkin_cmake_args' from command line to 'None'
[1.004s] Level 5:colcon.colcon_core.verb:set package 'robotpadi_controller' build argument 'catkin_skip_building_tests' from command line to 'False'
[1.004s] DEBUG:colcon.colcon_core.verb:Building package 'robotpadi_controller' with the following arguments: {'ament_cmake_args': None, 'build_base': '/home/ubuntu/github/Omni-Directional-Mobile-Robot/build/robotpadi_controller', 'catkin_cmake_args': None, 'catkin_skip_building_tests': False, 'cmake_args': None, 'cmake_clean_cache': False, 'cmake_clean_first': False, 'cmake_force_configure': False, 'cmake_target': None, 'cmake_target_skip_unavailable': False, 'install_base': '/home/ubuntu/github/Omni-Directional-Mobile-Robot/install/robotpadi_controller', 'merge_install': False, 'path': '/home/ubuntu/github/Omni-Directional-Mobile-Robot/src/robotpadi_controller', 'symlink_install': True, 'test_result_base': None}
[1.005s] Level 5:colcon.colcon_core.verb:set package 'robotpadi_description' build argument 'cmake_args' from command line to 'None'
[1.005s] Level 5:colcon.colcon_core.verb:set package 'robotpadi_description' build argument 'cmake_target' from command line to 'None'
[1.005s] Level 5:colcon.colcon_core.verb:set package 'robotpadi_description' build argument 'cmake_target_skip_unavailable' from command line to 'False'
[1.005s] Level 5:colcon.colcon_core.verb:set package 'robotpadi_description' build argument 'cmake_clean_cache' from command line to 'False'
[1.005s] Level 5:colcon.colcon_core.verb:set package 'robotpadi_description' build argument 'cmake_clean_first' from command line to 'False'
[1.005s] Level 5:colcon.colcon_core.verb:set package 'robotpadi_description' build argument 'cmake_force_configure' from command line to 'False'
[1.005s] Level 5:colcon.colcon_core.verb:set package 'robotpadi_description' build argument 'ament_cmake_args' from command line to 'None'
[1.005s] Level 5:colcon.colcon_core.verb:set package 'robotpadi_description' build argument 'catkin_cmake_args' from command line to 'None'
[1.005s] Level 5:colcon.colcon_core.verb:set package 'robotpadi_description' build argument 'catkin_skip_building_tests' from command line to 'False'
[1.005s] DEBUG:colcon.colcon_core.verb:Building package 'robotpadi_description' with the following arguments: {'ament_cmake_args': None, 'build_base': '/home/ubuntu/github/Omni-Directional-Mobile-Robot/build/robotpadi_description', 'catkin_cmake_args': None, 'catkin_skip_building_tests': False, 'cmake_args': None, 'cmake_clean_cache': False, 'cmake_clean_first': False, 'cmake_force_configure': False, 'cmake_target': None, 'cmake_target_skip_unavailable': False, 'install_base': '/home/ubuntu/github/Omni-Directional-Mobile-Robot/install/robotpadi_description', 'merge_install': False, 'path': '/home/ubuntu/github/Omni-Directional-Mobile-Robot/src/robotpadi_description', 'symlink_install': True, 'test_result_base': None}
[1.005s] INFO:colcon.colcon_core.executor:Executing jobs using 'parallel' executor
[1.007s] DEBUG:colcon.colcon_parallel_executor.executor.parallel:run_until_complete
[1.007s] INFO:colcon.colcon_ros.task.ament_python.build:Building ROS package in '/home/ubuntu/github/Omni-Directional-Mobile-Robot/src/robotpadi_controller' with build type 'ament_python'
[1.008s] Level 1:colcon.colcon_core.shell:create_environment_hook('robotpadi_controller', 'ament_prefix_path')
[1.021s] INFO:colcon.colcon_core.plugin_system:Skipping extension 'colcon_core.shell.bat': Not used on non-Windows systems
[1.022s] INFO:colcon.colcon_core.shell:Creating environment hook '/home/ubuntu/github/Omni-Directional-Mobile-Robot/install/robotpadi_controller/share/robotpadi_controller/hook/ament_prefix_path.ps1'
[1.025s] INFO:colcon.colcon_core.shell:Creating environment descriptor '/home/ubuntu/github/Omni-Directional-Mobile-Robot/install/robotpadi_controller/share/robotpadi_controller/hook/ament_prefix_path.dsv'
[1.027s] INFO:colcon.colcon_core.shell:Creating environment hook '/home/ubuntu/github/Omni-Directional-Mobile-Robot/install/robotpadi_controller/share/robotpadi_controller/hook/ament_prefix_path.sh'
[1.029s] INFO:colcon.colcon_core.shell:Skip shell extension 'powershell' for command environment: Not usable outside of PowerShell
[1.029s] DEBUG:colcon.colcon_core.shell:Skip shell extension 'dsv' for command environment
[1.039s] INFO:colcon.colcon_ros.task.ament_python.build:Building ROS package in '/home/ubuntu/github/Omni-Directional-Mobile-Robot/src/robotpadi_description' with build type 'ament_python'
[1.040s] Level 1:colcon.colcon_core.shell:create_environment_hook('robotpadi_description', 'ament_prefix_path')
[1.040s] INFO:colcon.colcon_core.shell:Creating environment hook '/home/ubuntu/github/Omni-Directional-Mobile-Robot/install/robotpadi_description/share/robotpadi_description/hook/ament_prefix_path.ps1'
[1.042s] INFO:colcon.colcon_core.shell:Creating environment descriptor '/home/ubuntu/github/Omni-Directional-Mobile-Robot/install/robotpadi_description/share/robotpadi_description/hook/ament_prefix_path.dsv'
[1.042s] INFO:colcon.colcon_core.shell:Creating environment hook '/home/ubuntu/github/Omni-Directional-Mobile-Robot/install/robotpadi_description/share/robotpadi_description/hook/ament_prefix_path.sh'
[1.044s] INFO:colcon.colcon_core.shell:Skip shell extension 'powershell' for command environment: Not usable outside of PowerShell
[1.044s] DEBUG:colcon.colcon_core.shell:Skip shell extension 'dsv' for command environment
[1.380s] INFO:colcon.colcon_core.task.python.build:Building Python package in '/home/ubuntu/github/Omni-Directional-Mobile-Robot/src/robotpadi_controller'
[1.380s] INFO:colcon.colcon_core.shell:Skip shell extension 'powershell' for command environment: Not usable outside of PowerShell
[1.380s] DEBUG:colcon.colcon_core.shell:Skip shell extension 'dsv' for command environment
[1.697s] INFO:colcon.colcon_core.task.python.build:Building Python package in '/home/ubuntu/github/Omni-Directional-Mobile-Robot/src/robotpadi_description'
[1.697s] INFO:colcon.colcon_core.shell:Skip shell extension 'powershell' for command environment: Not usable outside of PowerShell
[1.697s] DEBUG:colcon.colcon_core.shell:Skip shell extension 'dsv' for command environment
[3.315s] DEBUG:colcon.colcon_core.event_handler.log_command:Invoking command in '/home/ubuntu/github/Omni-Directional-Mobile-Robot/build/robotpadi_description': DEBUGINFOD_URLS=https://debuginfod.ubuntu.com PYTHONPATH=/home/ubuntu/github/Omni-Directional-Mobile-Robot/build/robotpadi_description/prefix_override:/usr/lib/python3/dist-packages/colcon_core/task/python/colcon_distutils_commands:/home/ubuntu/github/Omni-Directional-Mobile-Robot/install/robotpadi_description/lib/python3.12/site-packages:${PYTHONPATH} /usr/bin/python3 -W ignore:setup.py install is deprecated -W ignore:easy_install command is deprecated setup.py develop --editable --build-directory /home/ubuntu/github/Omni-Directional-Mobile-Robot/build/robotpadi_description/build --no-deps symlink_data
[3.322s] DEBUG:colcon.colcon_core.event_handler.log_command:Invoking command in '/home/ubuntu/github/Omni-Directional-Mobile-Robot/build/robotpadi_controller': DEBUGINFOD_URLS=https://debuginfod.ubuntu.com PYTHONPATH=/home/ubuntu/github/Omni-Directional-Mobile-Robot/build/robotpadi_controller/prefix_override:/usr/lib/python3/dist-packages/colcon_core/task/python/colcon_distutils_commands:/home/ubuntu/github/Omni-Directional-Mobile-Robot/install/robotpadi_controller/lib/python3.12/site-packages:${PYTHONPATH} /usr/bin/python3 -W ignore:setup.py install is deprecated -W ignore:easy_install command is deprecated setup.py develop --editable --build-directory /home/ubuntu/github/Omni-Directional-Mobile-Robot/build/robotpadi_controller/build --no-deps symlink_data
[4.266s] Level 1:colcon.colcon_core.shell:create_environment_hook('robotpadi_controller', 'pythonpath_develop')
[4.266s] DEBUG:colcon.colcon_core.event_handler.log_command:Invoked command in '/home/ubuntu/github/Omni-Directional-Mobile-Robot/build/robotpadi_controller' returned '0': DEBUGINFOD_URLS=https://debuginfod.ubuntu.com PYTHONPATH=/home/ubuntu/github/Omni-Directional-Mobile-Robot/build/robotpadi_controller/prefix_override:/usr/lib/python3/dist-packages/colcon_core/task/python/colcon_distutils_commands:/home/ubuntu/github/Omni-Directional-Mobile-Robot/install/robotpadi_controller/lib/python3.12/site-packages:${PYTHONPATH} /usr/bin/python3 -W ignore:setup.py install is deprecated -W ignore:easy_install command is deprecated setup.py develop --editable --build-directory /home/ubuntu/github/Omni-Directional-Mobile-Robot/build/robotpadi_controller/build --no-deps symlink_data
[4.267s] INFO:colcon.colcon_core.shell:Creating environment hook '/home/ubuntu/github/Omni-Directional-Mobile-Robot/build/robotpadi_controller/share/robotpadi_controller/hook/pythonpath_develop.ps1'
[4.268s] INFO:colcon.colcon_core.shell:Creating environment descriptor '/home/ubuntu/github/Omni-Directional-Mobile-Robot/build/robotpadi_controller/share/robotpadi_controller/hook/pythonpath_develop.dsv'
[4.269s] INFO:colcon.colcon_core.shell:Creating environment hook '/home/ubuntu/github/Omni-Directional-Mobile-Robot/build/robotpadi_controller/share/robotpadi_controller/hook/pythonpath_develop.sh'
[4.286s] Level 1:colcon.colcon_core.environment:checking '/home/ubuntu/github/Omni-Directional-Mobile-Robot/install/robotpadi_controller' for CMake module files
[4.287s] Level 1:colcon.colcon_core.environment:checking '/home/ubuntu/github/Omni-Directional-Mobile-Robot/install/robotpadi_controller' for CMake config files
[4.288s] Level 1:colcon.colcon_core.environment:checking '/home/ubuntu/github/Omni-Directional-Mobile-Robot/install/robotpadi_controller/lib'
[4.288s] Level 1:colcon.colcon_core.environment:checking '/home/ubuntu/github/Omni-Directional-Mobile-Robot/install/robotpadi_controller/bin'
[4.289s] Level 1:colcon.colcon_core.environment:checking '/home/ubuntu/github/Omni-Directional-Mobile-Robot/install/robotpadi_controller/lib/pkgconfig/robotpadi_controller.pc'
[4.289s] Level 1:colcon.colcon_core.environment:checking '/home/ubuntu/github/Omni-Directional-Mobile-Robot/install/robotpadi_controller/lib/python3.12/site-packages'
[4.289s] Level 1:colcon.colcon_core.shell:create_environment_hook('robotpadi_controller', 'pythonpath')
[4.289s] INFO:colcon.colcon_core.shell:Creating environment hook '/home/ubuntu/github/Omni-Directional-Mobile-Robot/install/robotpadi_controller/share/robotpadi_controller/hook/pythonpath.ps1'
[4.290s] INFO:colcon.colcon_core.shell:Creating environment descriptor '/home/ubuntu/github/Omni-Directional-Mobile-Robot/install/robotpadi_controller/share/robotpadi_controller/hook/pythonpath.dsv'
[4.291s] INFO:colcon.colcon_core.shell:Creating environment hook '/home/ubuntu/github/Omni-Directional-Mobile-Robot/install/robotpadi_controller/share/robotpadi_controller/hook/pythonpath.sh'
[4.292s] Level 1:colcon.colcon_core.environment:checking '/home/ubuntu/github/Omni-Directional-Mobile-Robot/install/robotpadi_controller/bin'
[4.293s] Level 1:colcon.colcon_core.environment:create_environment_scripts_only(robotpadi_controller)
[4.293s] INFO:colcon.colcon_core.shell:Creating package script '/home/ubuntu/github/Omni-Directional-Mobile-Robot/install/robotpadi_controller/share/robotpadi_controller/package.ps1'
[4.295s] INFO:colcon.colcon_core.shell:Creating package descriptor '/home/ubuntu/github/Omni-Directional-Mobile-Robot/install/robotpadi_controller/share/robotpadi_controller/package.dsv'
[4.297s] INFO:colcon.colcon_core.shell:Creating package script '/home/ubuntu/github/Omni-Directional-Mobile-Robot/install/robotpadi_controller/share/robotpadi_controller/package.sh'
[4.299s] INFO:colcon.colcon_core.shell:Creating package script '/home/ubuntu/github/Omni-Directional-Mobile-Robot/install/robotpadi_controller/share/robotpadi_controller/package.bash'
[4.301s] INFO:colcon.colcon_core.shell:Creating package script '/home/ubuntu/github/Omni-Directional-Mobile-Robot/install/robotpadi_controller/share/robotpadi_controller/package.zsh'
[4.304s] Level 1:colcon.colcon_core.environment:create_file_with_runtime_dependencies(/home/ubuntu/github/Omni-Directional-Mobile-Robot/install/robotpadi_controller/share/colcon-core/packages/robotpadi_controller)
[4.307s] Level 1:colcon.colcon_core.shell:create_environment_hook('robotpadi_description', 'pythonpath_develop')
[4.308s] INFO:colcon.colcon_core.shell:Creating environment hook '/home/ubuntu/github/Omni-Directional-Mobile-Robot/build/robotpadi_description/share/robotpadi_description/hook/pythonpath_develop.ps1'
[4.310s] INFO:colcon.colcon_core.shell:Creating environment descriptor '/home/ubuntu/github/Omni-Directional-Mobile-Robot/build/robotpadi_description/share/robotpadi_description/hook/pythonpath_develop.dsv'
[4.311s] DEBUG:colcon.colcon_core.event_handler.log_command:Invoked command in '/home/ubuntu/github/Omni-Directional-Mobile-Robot/build/robotpadi_description' returned '0': DEBUGINFOD_URLS=https://debuginfod.ubuntu.com PYTHONPATH=/home/ubuntu/github/Omni-Directional-Mobile-Robot/build/robotpadi_description/prefix_override:/usr/lib/python3/dist-packages/colcon_core/task/python/colcon_distutils_commands:/home/ubuntu/github/Omni-Directional-Mobile-Robot/install/robotpadi_description/lib/python3.12/site-packages:${PYTHONPATH} /usr/bin/python3 -W ignore:setup.py install is deprecated -W ignore:easy_install command is deprecated setup.py develop --editable --build-directory /home/ubuntu/github/Omni-Directional-Mobile-Robot/build/robotpadi_description/build --no-deps symlink_data
[4.312s] INFO:colcon.colcon_core.shell:Creating environment hook '/home/ubuntu/github/Omni-Directional-Mobile-Robot/build/robotpadi_description/share/robotpadi_description/hook/pythonpath_develop.sh'
[4.313s] Level 1:colcon.colcon_core.environment:checking '/home/ubuntu/github/Omni-Directional-Mobile-Robot/install/robotpadi_description' for CMake module files
[4.314s] Level 1:colcon.colcon_core.environment:checking '/home/ubuntu/github/Omni-Directional-Mobile-Robot/install/robotpadi_description' for CMake config files
[4.318s] Level 1:colcon.colcon_core.environment:checking '/home/ubuntu/github/Omni-Directional-Mobile-Robot/install/robotpadi_description/lib'
[4.318s] Level 1:colcon.colcon_core.environment:checking '/home/ubuntu/github/Omni-Directional-Mobile-Robot/install/robotpadi_description/bin'
[4.318s] Level 1:colcon.colcon_core.environment:checking '/home/ubuntu/github/Omni-Directional-Mobile-Robot/install/robotpadi_description/lib/pkgconfig/robotpadi_description.pc'
[4.319s] Level 1:colcon.colcon_core.environment:checking '/home/ubuntu/github/Omni-Directional-Mobile-Robot/install/robotpadi_description/lib/python3.12/site-packages'
[4.320s] Level 1:colcon.colcon_core.shell:create_environment_hook('robotpadi_description', 'pythonpath')
[4.320s] INFO:colcon.colcon_core.shell:Creating environment hook '/home/ubuntu/github/Omni-Directional-Mobile-Robot/install/robotpadi_description/share/robotpadi_description/hook/pythonpath.ps1'
[4.322s] INFO:colcon.colcon_core.shell:Creating environment descriptor '/home/ubuntu/github/Omni-Directional-Mobile-Robot/install/robotpadi_description/share/robotpadi_description/hook/pythonpath.dsv'
[4.324s] INFO:colcon.colcon_core.shell:Creating environment hook '/home/ubuntu/github/Omni-Directional-Mobile-Robot/install/robotpadi_description/share/robotpadi_description/hook/pythonpath.sh'
[4.326s] Level 1:colcon.colcon_core.environment:checking '/home/ubuntu/github/Omni-Directional-Mobile-Robot/install/robotpadi_description/bin'
[4.326s] Level 1:colcon.colcon_core.environment:create_environment_scripts_only(robotpadi_description)
[4.327s] INFO:colcon.colcon_core.shell:Creating package script '/home/ubuntu/github/Omni-Directional-Mobile-Robot/install/robotpadi_description/share/robotpadi_description/package.ps1'
[4.328s] INFO:colcon.colcon_core.shell:Creating package descriptor '/home/ubuntu/github/Omni-Directional-Mobile-Robot/install/robotpadi_description/share/robotpadi_description/package.dsv'
[4.330s] INFO:colcon.colcon_core.shell:Creating package script '/home/ubuntu/github/Omni-Directional-Mobile-Robot/install/robotpadi_description/share/robotpadi_description/package.sh'
[4.331s] INFO:colcon.colcon_core.shell:Creating package script '/home/ubuntu/github/Omni-Directional-Mobile-Robot/install/robotpadi_description/share/robotpadi_description/package.bash'
[4.333s] INFO:colcon.colcon_core.shell:Creating package script '/home/ubuntu/github/Omni-Directional-Mobile-Robot/install/robotpadi_description/share/robotpadi_description/package.zsh'
[4.334s] Level 1:colcon.colcon_core.environment:create_file_with_runtime_dependencies(/home/ubuntu/github/Omni-Directional-Mobile-Robot/install/robotpadi_description/share/colcon-core/packages/robotpadi_description)
[4.335s] DEBUG:colcon.colcon_parallel_executor.executor.parallel:closing loop
[4.335s] DEBUG:colcon.colcon_parallel_executor.executor.parallel:loop closed
[4.336s] DEBUG:colcon.colcon_parallel_executor.executor.parallel:run_until_complete finished with '0'
[4.338s] DEBUG:colcon.colcon_core.event_reactor:joining thread
[4.369s] INFO:colcon.colcon_core.plugin_system:Skipping extension 'colcon_notification.desktop_notification.terminal_notifier': Not used on non-Darwin systems
[4.370s] INFO:colcon.colcon_core.plugin_system:Skipping extension 'colcon_notification.desktop_notification.win32': Not used on non-Windows systems
[4.370s] INFO:colcon.colcon_notification.desktop_notification:Sending desktop notification using 'notify2'
[4.634s] DEBUG:colcon.colcon_core.event_reactor:joined thread
[4.635s] INFO:colcon.colcon_core.shell:Creating prefix script '/home/ubuntu/github/Omni-Directional-Mobile-Robot/install/local_setup.ps1'
[4.639s] INFO:colcon.colcon_core.shell:Creating prefix util module '/home/ubuntu/github/Omni-Directional-Mobile-Robot/install/_local_setup_util_ps1.py'
[4.645s] INFO:colcon.colcon_core.shell:Creating prefix chain script '/home/ubuntu/github/Omni-Directional-Mobile-Robot/install/setup.ps1'
[4.647s] INFO:colcon.colcon_core.shell:Creating prefix script '/home/ubuntu/github/Omni-Directional-Mobile-Robot/install/local_setup.sh'
[4.649s] INFO:colcon.colcon_core.shell:Creating prefix util module '/home/ubuntu/github/Omni-Directional-Mobile-Robot/install/_local_setup_util_sh.py'
[4.650s] INFO:colcon.colcon_core.shell:Creating prefix chain script '/home/ubuntu/github/Omni-Directional-Mobile-Robot/install/setup.sh'
[4.653s] INFO:colcon.colcon_core.shell:Creating prefix script '/home/ubuntu/github/Omni-Directional-Mobile-Robot/install/local_setup.bash'
[4.655s] INFO:colcon.colcon_core.shell:Creating prefix chain script '/home/ubuntu/github/Omni-Directional-Mobile-Robot/install/setup.bash'
[4.657s] INFO:colcon.colcon_core.shell:Creating prefix script '/home/ubuntu/github/Omni-Directional-Mobile-Robot/install/local_setup.zsh'
[4.660s] INFO:colcon.colcon_core.shell:Creating prefix chain script '/home/ubuntu/github/Omni-Directional-Mobile-Robot/install/setup.zsh'
