[1.731s] Invoking command in '/home/ubuntu/github/Omni-Directional-Mobile-Robot/build/robotpadi_description': DEBUGINFOD_URLS=https://debuginfod.ubuntu.com PYTHONPATH=/home/ubuntu/github/Omni-Directional-Mobile-Robot/build/robotpadi_description/prefix_override:/usr/lib/python3/dist-packages/colcon_core/task/python/colcon_distutils_commands:/home/ubuntu/github/Omni-Directional-Mobile-Robot/install/robotpadi_description/lib/python3.12/site-packages:${PYTHONPATH} /usr/bin/python3 -W ignore:setup.py install is deprecated -W ignore:easy_install command is deprecated setup.py develop --editable --build-directory /home/ubuntu/github/Omni-Directional-Mobile-Robot/build/robotpadi_description/build --no-deps symlink_data
[2.255s] running develop
[2.546s] running egg_info
[2.546s] creating robotpadi_description.egg-info
[2.573s] writing robotpadi_description.egg-info/PKG-INFO
[2.573s] writing dependency_links to robotpadi_description.egg-info/dependency_links.txt
[2.573s] writing requirements to robotpadi_description.egg-info/requires.txt
[2.574s] writing top-level names to robotpadi_description.egg-info/top_level.txt
[2.574s] writing manifest file 'robotpadi_description.egg-info/SOURCES.txt'
[2.640s] reading manifest file 'robotpadi_description.egg-info/SOURCES.txt'
[2.644s] writing manifest file 'robotpadi_description.egg-info/SOURCES.txt'
[2.675s] running build_ext
[2.675s] Creating /home/ubuntu/github/Omni-Directional-Mobile-Robot/install/robotpadi_description/lib/python3.12/site-packages/robotpadi-description.egg-link (link to .)
[2.676s] 
[2.676s] Installed /home/ubuntu/github/Omni-Directional-Mobile-Robot/build/robotpadi_description
[2.676s] running symlink_data
[2.677s] creating /home/ubuntu/github/Omni-Directional-Mobile-Robot/install/robotpadi_description/share/ament_index
[2.677s] creating /home/ubuntu/github/Omni-Directional-Mobile-Robot/install/robotpadi_description/share/ament_index/resource_index
[2.677s] creating /home/ubuntu/github/Omni-Directional-Mobile-Robot/install/robotpadi_description/share/ament_index/resource_index/packages
[2.677s] symbolically linking /home/ubuntu/github/Omni-Directional-Mobile-Robot/build/robotpadi_description/resource/robotpadi_description -> /home/ubuntu/github/Omni-Directional-Mobile-Robot/install/robotpadi_description/share/ament_index/resource_index/packages
[2.678s] symbolically linking /home/ubuntu/github/Omni-Directional-Mobile-Robot/build/robotpadi_description/package.xml -> /home/ubuntu/github/Omni-Directional-Mobile-Robot/install/robotpadi_description/share/robotpadi_description
[2.678s] creating /home/ubuntu/github/Omni-Directional-Mobile-Robot/install/robotpadi_description/share/robotpadi_description/launch
[2.682s] symbolically linking /home/ubuntu/github/Omni-Directional-Mobile-Robot/build/robotpadi_description/launch/display.launch.py -> /home/ubuntu/github/Omni-Directional-Mobile-Robot/install/robotpadi_description/share/robotpadi_description/launch
[2.682s] symbolically linking /home/ubuntu/github/Omni-Directional-Mobile-Robot/build/robotpadi_description/launch/gazebo.launch.py -> /home/ubuntu/github/Omni-Directional-Mobile-Robot/install/robotpadi_description/share/robotpadi_description/launch
[2.682s] symbolically linking /home/ubuntu/github/Omni-Directional-Mobile-Robot/build/robotpadi_description/launch/robot.launch.py -> /home/ubuntu/github/Omni-Directional-Mobile-Robot/install/robotpadi_description/share/robotpadi_description/launch
[2.682s] creating /home/ubuntu/github/Omni-Directional-Mobile-Robot/install/robotpadi_description/share/robotpadi_description/urdf
[2.682s] symbolically linking /home/ubuntu/github/Omni-Directional-Mobile-Robot/build/robotpadi_description/urdf/robotpadi.ros2control -> /home/ubuntu/github/Omni-Directional-Mobile-Robot/install/robotpadi_description/share/robotpadi_description/urdf
[2.682s] symbolically linking /home/ubuntu/github/Omni-Directional-Mobile-Robot/build/robotpadi_description/urdf/robotpadi.gazebo -> /home/ubuntu/github/Omni-Directional-Mobile-Robot/install/robotpadi_description/share/robotpadi_description/urdf
[2.682s] symbolically linking /home/ubuntu/github/Omni-Directional-Mobile-Robot/build/robotpadi_description/urdf/robotpadi.xacro -> /home/ubuntu/github/Omni-Directional-Mobile-Robot/install/robotpadi_description/share/robotpadi_description/urdf
[2.682s] symbolically linking /home/ubuntu/github/Omni-Directional-Mobile-Robot/build/robotpadi_description/urdf/materials.xacro -> /home/ubuntu/github/Omni-Directional-Mobile-Robot/install/robotpadi_description/share/robotpadi_description/urdf
[2.683s] creating /home/ubuntu/github/Omni-Directional-Mobile-Robot/install/robotpadi_description/share/robotpadi_description/meshes
[2.683s] symbolically linking /home/ubuntu/github/Omni-Directional-Mobile-Robot/build/robotpadi_description/meshes/base_link.stl -> /home/ubuntu/github/Omni-Directional-Mobile-Robot/install/robotpadi_description/share/robotpadi_description/meshes
[2.683s] symbolically linking /home/ubuntu/github/Omni-Directional-Mobile-Robot/build/robotpadi_description/meshes/bl_wheel_1.stl -> /home/ubuntu/github/Omni-Directional-Mobile-Robot/install/robotpadi_description/share/robotpadi_description/meshes
[2.684s] symbolically linking /home/ubuntu/github/Omni-Directional-Mobile-Robot/build/robotpadi_description/meshes/fr_wheel_1.stl -> /home/ubuntu/github/Omni-Directional-Mobile-Robot/install/robotpadi_description/share/robotpadi_description/meshes
[2.684s] symbolically linking /home/ubuntu/github/Omni-Directional-Mobile-Robot/build/robotpadi_description/meshes/fr_steering_1.stl -> /home/ubuntu/github/Omni-Directional-Mobile-Robot/install/robotpadi_description/share/robotpadi_description/meshes
[2.685s] symbolically linking /home/ubuntu/github/Omni-Directional-Mobile-Robot/build/robotpadi_description/meshes/br_steering_1.stl -> /home/ubuntu/github/Omni-Directional-Mobile-Robot/install/robotpadi_description/share/robotpadi_description/meshes
[2.685s] symbolically linking /home/ubuntu/github/Omni-Directional-Mobile-Robot/build/robotpadi_description/meshes/fl_steering_1.stl -> /home/ubuntu/github/Omni-Directional-Mobile-Robot/install/robotpadi_description/share/robotpadi_description/meshes
[2.685s] symbolically linking /home/ubuntu/github/Omni-Directional-Mobile-Robot/build/robotpadi_description/meshes/arm_1.stl -> /home/ubuntu/github/Omni-Directional-Mobile-Robot/install/robotpadi_description/share/robotpadi_description/meshes
[2.685s] symbolically linking /home/ubuntu/github/Omni-Directional-Mobile-Robot/build/robotpadi_description/meshes/panel_1.stl -> /home/ubuntu/github/Omni-Directional-Mobile-Robot/install/robotpadi_description/share/robotpadi_description/meshes
[2.685s] symbolically linking /home/ubuntu/github/Omni-Directional-Mobile-Robot/build/robotpadi_description/meshes/fl_wheel_1.stl -> /home/ubuntu/github/Omni-Directional-Mobile-Robot/install/robotpadi_description/share/robotpadi_description/meshes
[2.685s] symbolically linking /home/ubuntu/github/Omni-Directional-Mobile-Robot/build/robotpadi_description/meshes/br_wheel_1.stl -> /home/ubuntu/github/Omni-Directional-Mobile-Robot/install/robotpadi_description/share/robotpadi_description/meshes
[2.687s] symbolically linking /home/ubuntu/github/Omni-Directional-Mobile-Robot/build/robotpadi_description/meshes/bl_steering_1.stl -> /home/ubuntu/github/Omni-Directional-Mobile-Robot/install/robotpadi_description/share/robotpadi_description/meshes
[2.687s] creating /home/ubuntu/github/Omni-Directional-Mobile-Robot/install/robotpadi_description/share/robotpadi_description/config
[2.688s] symbolically linking /home/ubuntu/github/Omni-Directional-Mobile-Robot/build/robotpadi_description/config/display.rviz -> /home/ubuntu/github/Omni-Directional-Mobile-Robot/install/robotpadi_description/share/robotpadi_description/config
[2.689s] symbolically linking /home/ubuntu/github/Omni-Directional-Mobile-Robot/build/robotpadi_description/config/controllers.yaml -> /home/ubuntu/github/Omni-Directional-Mobile-Robot/install/robotpadi_description/share/robotpadi_description/config
[2.689s] symbolically linking /home/ubuntu/github/Omni-Directional-Mobile-Robot/build/robotpadi_description/config/ros_gz_bridge_gazebo.yaml -> /home/ubuntu/github/Omni-Directional-Mobile-Robot/install/robotpadi_description/share/robotpadi_description/config
[2.689s] symbolically linking /home/ubuntu/github/Omni-Directional-Mobile-Robot/build/robotpadi_description/config/gazebo.rviz -> /home/ubuntu/github/Omni-Directional-Mobile-Robot/install/robotpadi_description/share/robotpadi_description/config
[2.690s] creating /home/ubuntu/github/Omni-Directional-Mobile-Robot/install/robotpadi_description/share/robotpadi_description/worlds
[2.692s] symbolically linking /home/ubuntu/github/Omni-Directional-Mobile-Robot/build/robotpadi_description/worlds/worlds.sdf -> /home/ubuntu/github/Omni-Directional-Mobile-Robot/install/robotpadi_description/share/robotpadi_description/worlds
[2.692s] creating /home/ubuntu/github/Omni-Directional-Mobile-Robot/install/robotpadi_description/share/robotpadi_description/models
[2.692s] creating /home/ubuntu/github/Omni-Directional-Mobile-Robot/install/robotpadi_description/share/robotpadi_description/models/sand_heightmap
[2.692s] symbolically linking /home/ubuntu/github/Omni-Directional-Mobile-Robot/build/robotpadi_description/models/sand_heightmap/model.sdf -> /home/ubuntu/github/Omni-Directional-Mobile-Robot/install/robotpadi_description/share/robotpadi_description/models/sand_heightmap
[2.692s] symbolically linking /home/ubuntu/github/Omni-Directional-Mobile-Robot/build/robotpadi_description/models/sand_heightmap/model.config -> /home/ubuntu/github/Omni-Directional-Mobile-Robot/install/robotpadi_description/share/robotpadi_description/models/sand_heightmap
[2.692s] creating /home/ubuntu/github/Omni-Directional-Mobile-Robot/install/robotpadi_description/share/robotpadi_description/models/sand_heightmap/thumbnails
[2.693s] symbolically linking /home/ubuntu/github/Omni-Directional-Mobile-Robot/build/robotpadi_description/models/sand_heightmap/thumbnails/2.png -> /home/ubuntu/github/Omni-Directional-Mobile-Robot/install/robotpadi_description/share/robotpadi_description/models/sand_heightmap/thumbnails
[2.694s] symbolically linking /home/ubuntu/github/Omni-Directional-Mobile-Robot/build/robotpadi_description/models/sand_heightmap/thumbnails/1.png -> /home/ubuntu/github/Omni-Directional-Mobile-Robot/install/robotpadi_description/share/robotpadi_description/models/sand_heightmap/thumbnails
[2.696s] creating /home/ubuntu/github/Omni-Directional-Mobile-Robot/install/robotpadi_description/share/robotpadi_description/models/sand_heightmap/meshes
[2.697s] symbolically linking /home/ubuntu/github/Omni-Directional-Mobile-Robot/build/robotpadi_description/models/sand_heightmap/meshes/heightmap.dae -> /home/ubuntu/github/Omni-Directional-Mobile-Robot/install/robotpadi_description/share/robotpadi_description/models/sand_heightmap/meshes
[2.697s] creating /home/ubuntu/github/Omni-Directional-Mobile-Robot/install/robotpadi_description/share/robotpadi_description/models/sand_heightmap/materials
[2.701s] creating /home/ubuntu/github/Omni-Directional-Mobile-Robot/install/robotpadi_description/share/robotpadi_description/models/sand_heightmap/materials/textures
[2.701s] symbolically linking /home/ubuntu/github/Omni-Directional-Mobile-Robot/build/robotpadi_description/models/sand_heightmap/materials/textures/soil_sand_0045_01.jpg -> /home/ubuntu/github/Omni-Directional-Mobile-Robot/install/robotpadi_description/share/robotpadi_description/models/sand_heightmap/materials/textures
[2.701s] creating /home/ubuntu/github/Omni-Directional-Mobile-Robot/install/robotpadi_description/share/robotpadi_description/models/sand_heightmap/materials/scripts
[2.701s] symbolically linking /home/ubuntu/github/Omni-Directional-Mobile-Robot/build/robotpadi_description/models/sand_heightmap/materials/scripts/sand.material -> /home/ubuntu/github/Omni-Directional-Mobile-Robot/install/robotpadi_description/share/robotpadi_description/models/sand_heightmap/materials/scripts
[2.702s] creating /home/ubuntu/github/Omni-Directional-Mobile-Robot/install/robotpadi_description/share/robotpadi_description/models/Mud_Box
[2.702s] symbolically linking /home/ubuntu/github/Omni-Directional-Mobile-Robot/build/robotpadi_description/models/Mud_Box/model.sdf -> /home/ubuntu/github/Omni-Directional-Mobile-Robot/install/robotpadi_description/share/robotpadi_description/models/Mud_Box
[2.702s] symbolically linking /home/ubuntu/github/Omni-Directional-Mobile-Robot/build/robotpadi_description/models/Mud_Box/model-1_4.sdf -> /home/ubuntu/github/Omni-Directional-Mobile-Robot/install/robotpadi_description/share/robotpadi_description/models/Mud_Box
[2.702s] symbolically linking /home/ubuntu/github/Omni-Directional-Mobile-Robot/build/robotpadi_description/models/Mud_Box/model.config -> /home/ubuntu/github/Omni-Directional-Mobile-Robot/install/robotpadi_description/share/robotpadi_description/models/Mud_Box
[2.703s] creating /home/ubuntu/github/Omni-Directional-Mobile-Robot/install/robotpadi_description/share/robotpadi_description/models/Mud_Box/thumbnails
[2.707s] symbolically linking /home/ubuntu/github/Omni-Directional-Mobile-Robot/build/robotpadi_description/models/Mud_Box/thumbnails/3.png -> /home/ubuntu/github/Omni-Directional-Mobile-Robot/install/robotpadi_description/share/robotpadi_description/models/Mud_Box/thumbnails
[2.707s] symbolically linking /home/ubuntu/github/Omni-Directional-Mobile-Robot/build/robotpadi_description/models/Mud_Box/thumbnails/5.png -> /home/ubuntu/github/Omni-Directional-Mobile-Robot/install/robotpadi_description/share/robotpadi_description/models/Mud_Box/thumbnails
[2.707s] symbolically linking /home/ubuntu/github/Omni-Directional-Mobile-Robot/build/robotpadi_description/models/Mud_Box/thumbnails/4.png -> /home/ubuntu/github/Omni-Directional-Mobile-Robot/install/robotpadi_description/share/robotpadi_description/models/Mud_Box/thumbnails
[2.707s] symbolically linking /home/ubuntu/github/Omni-Directional-Mobile-Robot/build/robotpadi_description/models/Mud_Box/thumbnails/2.png -> /home/ubuntu/github/Omni-Directional-Mobile-Robot/install/robotpadi_description/share/robotpadi_description/models/Mud_Box/thumbnails
[2.708s] symbolically linking /home/ubuntu/github/Omni-Directional-Mobile-Robot/build/robotpadi_description/models/Mud_Box/thumbnails/1.png -> /home/ubuntu/github/Omni-Directional-Mobile-Robot/install/robotpadi_description/share/robotpadi_description/models/Mud_Box/thumbnails
[2.708s] creating /home/ubuntu/github/Omni-Directional-Mobile-Robot/install/robotpadi_description/share/robotpadi_description/models/Mud_Box/materials
[2.708s] creating /home/ubuntu/github/Omni-Directional-Mobile-Robot/install/robotpadi_description/share/robotpadi_description/models/Mud_Box/materials/textures
[2.708s] symbolically linking /home/ubuntu/github/Omni-Directional-Mobile-Robot/build/robotpadi_description/models/Mud_Box/materials/textures/mud_soft_leaves.png -> /home/ubuntu/github/Omni-Directional-Mobile-Robot/install/robotpadi_description/share/robotpadi_description/models/Mud_Box/materials/textures
[2.708s] creating /home/ubuntu/github/Omni-Directional-Mobile-Robot/install/robotpadi_description/share/robotpadi_description/models/Mud_Box/materials/scripts
[2.708s] symbolically linking /home/ubuntu/github/Omni-Directional-Mobile-Robot/build/robotpadi_description/models/Mud_Box/materials/scripts/mud.material -> /home/ubuntu/github/Omni-Directional-Mobile-Robot/install/robotpadi_description/share/robotpadi_description/models/Mud_Box/materials/scripts
[2.708s] creating /home/ubuntu/github/Omni-Directional-Mobile-Robot/install/robotpadi_description/share/robotpadi_description/models/maize
[2.708s] symbolically linking /home/ubuntu/github/Omni-Directional-Mobile-Robot/build/robotpadi_description/models/maize/gt_map.png -> /home/ubuntu/github/Omni-Directional-Mobile-Robot/install/robotpadi_description/share/robotpadi_description/models/maize
[2.708s] symbolically linking /home/ubuntu/github/Omni-Directional-Mobile-Robot/build/robotpadi_description/models/maize/markers.csv -> /home/ubuntu/github/Omni-Directional-Mobile-Robot/install/robotpadi_description/share/robotpadi_description/models/maize
[2.708s] symbolically linking /home/ubuntu/github/Omni-Directional-Mobile-Robot/build/robotpadi_description/models/maize/gt_map.csv -> /home/ubuntu/github/Omni-Directional-Mobile-Robot/install/robotpadi_description/share/robotpadi_description/models/maize
[2.708s] symbolically linking /home/ubuntu/github/Omni-Directional-Mobile-Robot/build/robotpadi_description/models/maize/driving_pattern.txt -> /home/ubuntu/github/Omni-Directional-Mobile-Robot/install/robotpadi_description/share/robotpadi_description/models/maize
[2.709s] symbolically linking /home/ubuntu/github/Omni-Directional-Mobile-Robot/build/robotpadi_description/models/maize/robot_spawner.launch.py -> /home/ubuntu/github/Omni-Directional-Mobile-Robot/install/robotpadi_description/share/robotpadi_description/models/maize
[2.709s] creating /home/ubuntu/github/Omni-Directional-Mobile-Robot/install/robotpadi_description/share/robotpadi_description/models/maize/thumbnails
[2.709s] symbolically linking /home/ubuntu/github/Omni-Directional-Mobile-Robot/build/robotpadi_description/models/maize/thumbnails/model.config -> /home/ubuntu/github/Omni-Directional-Mobile-Robot/install/robotpadi_description/share/robotpadi_description/models/maize/thumbnails
[2.709s] symbolically linking /home/ubuntu/github/Omni-Directional-Mobile-Robot/build/robotpadi_description/models/maize/thumbnails/generated.world -> /home/ubuntu/github/Omni-Directional-Mobile-Robot/install/robotpadi_description/share/robotpadi_description/models/maize/thumbnails
[2.709s] creating /home/ubuntu/github/Omni-Directional-Mobile-Robot/install/robotpadi_description/share/robotpadi_description/models/maize/materials
[2.709s] creating /home/ubuntu/github/Omni-Directional-Mobile-Robot/install/robotpadi_description/share/robotpadi_description/models/maize/materials/textures
[2.709s] symbolically linking /home/ubuntu/github/Omni-Directional-Mobile-Robot/build/robotpadi_description/models/maize/materials/textures/virtual_maize_field_heightmap.png -> /home/ubuntu/github/Omni-Directional-Mobile-Robot/install/robotpadi_description/share/robotpadi_description/models/maize/materials/textures
[2.709s] creating /home/ubuntu/github/Omni-Directional-Mobile-Robot/install/robotpadi_description/share/robotpadi_description/models/maize/materials/script
[2.709s] symbolically linking /home/ubuntu/github/Omni-Directional-Mobile-Robot/build/robotpadi_description/models/maize/materials/script/maize.material -> /home/ubuntu/github/Omni-Directional-Mobile-Robot/install/robotpadi_description/share/robotpadi_description/models/maize/materials/script
[2.831s] Invoked command in '/home/ubuntu/github/Omni-Directional-Mobile-Robot/build/robotpadi_description' returned '0': DEBUGINFOD_URLS=https://debuginfod.ubuntu.com PYTHONPATH=/home/ubuntu/github/Omni-Directional-Mobile-Robot/build/robotpadi_description/prefix_override:/usr/lib/python3/dist-packages/colcon_core/task/python/colcon_distutils_commands:/home/ubuntu/github/Omni-Directional-Mobile-Robot/install/robotpadi_description/lib/python3.12/site-packages:${PYTHONPATH} /usr/bin/python3 -W ignore:setup.py install is deprecated -W ignore:easy_install command is deprecated setup.py develop --editable --build-directory /home/ubuntu/github/Omni-Directional-Mobile-Robot/build/robotpadi_description/build --no-deps symlink_data
